[0.126s] Invoking command in '/home/yeon/ros2_workspace/src/ros2_ws/build/topic_final': CMAKE_PREFIX_PATH=${CMAKE_PREFIX_PATH}:/opt/ros/humble /usr/bin/cmake /home/yeon/ros2_workspace/src/ros2_ws/topic_final -DAMENT_CMAKE_SYMLINK_INSTALL=1 -DCMAKE_INSTALL_PREFIX=/home/yeon/ros2_workspace/src/ros2_ws/install/topic_final
[0.782s] -- The C compiler identification is GNU 11.4.0
[1.190s] -- The CXX compiler identification is GNU 11.4.0
[1.240s] -- Detecting C compiler ABI info
[1.863s] -- Detecting C compiler ABI info - done
[1.920s] -- Check for working C compiler: /usr/bin/cc - skipped
[1.921s] -- Detecting C compile features
[1.926s] -- Detecting C compile features - done
[1.950s] -- Detecting CXX compiler ABI info
[2.837s] -- Detecting CXX compiler ABI info - done
[2.919s] -- Check for working CXX compiler: /usr/bin/c++ - skipped
[2.925s] -- Detecting CXX compile features
[2.934s] -- Detecting CXX compile features - done
[2.968s] -- Found ament_cmake: 1.3.9 (/opt/ros/humble/share/ament_cmake/cmake)
[4.389s] -- Found Python3: /usr/bin/python3 (found version "3.10.12") found components: Interpreter 
[4.973s] -- Override CMake install command with custom implementation using symlinks instead of copying resources
[5.329s] -- Found rclcpp: 16.0.9 (/opt/ros/humble/share/rclcpp/cmake)
[5.851s] -- Found rosidl_generator_c: 3.1.5 (/opt/ros/humble/share/rosidl_generator_c/cmake)
[5.950s] -- Found rosidl_adapter: 3.1.5 (/opt/ros/humble/share/rosidl_adapter/cmake)
[6.091s] -- Found rosidl_generator_cpp: 3.1.5 (/opt/ros/humble/share/rosidl_generator_cpp/cmake)
[6.184s] -- Using all available rosidl_typesupport_c: rosidl_typesupport_fastrtps_c;rosidl_typesupport_introspection_c
[6.325s] -- Using all available rosidl_typesupport_cpp: rosidl_typesupport_fastrtps_cpp;rosidl_typesupport_introspection_cpp
[7.168s] -- Found rmw_implementation_cmake: 6.1.2 (/opt/ros/humble/share/rmw_implementation_cmake/cmake)
[7.189s] -- Found rmw_fastrtps_cpp: 6.2.6 (/opt/ros/humble/share/rmw_fastrtps_cpp/cmake)
[7.941s] -- Found OpenSSL: /usr/lib/x86_64-linux-gnu/libcrypto.so (found version "3.0.2")  
[8.180s] -- Found FastRTPS: /opt/ros/humble/include  
[8.443s] -- Using RMW implementation 'rmw_fastrtps_cpp' as default
[8.626s] -- Looking for pthread.h
[9.191s] -- Looking for pthread.h - found
[9.192s] -- Performing Test CMAKE_HAVE_LIBC_PTHREAD
[10.024s] -- Performing Test CMAKE_HAVE_LIBC_PTHREAD - Success
[10.039s] -- Found Threads: TRUE  
[11.434s] -- Found ament_lint_auto: 0.12.11 (/opt/ros/humble/share/ament_lint_auto/cmake)
[12.366s] -- Added test 'cppcheck' to perform static code analysis on C / C++ code
[12.369s] -- Configured cppcheck include dirs: 
[12.369s] -- Configured cppcheck exclude dirs and/or files: 
[12.373s] -- Added test 'flake8' to check Python code syntax and style conventions
[12.379s] -- Added test 'lint_cmake' to check CMake code style
[12.384s] -- Added test 'pep257' to check Python code against some of the docstring style conventions in PEP 257
[12.393s] -- Added test 'uncrustify' to check C / C++ code style
[12.394s] -- Configured uncrustify additional arguments: 
[12.399s] -- Added test 'xmllint' to check XML markup files
[12.420s] -- Configuring done
[12.617s] -- Generating done
[12.648s] -- Build files have been written to: /home/yeon/ros2_workspace/src/ros2_ws/build/topic_final
[12.761s] Invoked command in '/home/yeon/ros2_workspace/src/ros2_ws/build/topic_final' returned '0': CMAKE_PREFIX_PATH=${CMAKE_PREFIX_PATH}:/opt/ros/humble /usr/bin/cmake /home/yeon/ros2_workspace/src/ros2_ws/topic_final -DAMENT_CMAKE_SYMLINK_INSTALL=1 -DCMAKE_INSTALL_PREFIX=/home/yeon/ros2_workspace/src/ros2_ws/install/topic_final
[12.763s] Invoking command in '/home/yeon/ros2_workspace/src/ros2_ws/build/topic_final': CMAKE_PREFIX_PATH=${CMAKE_PREFIX_PATH}:/opt/ros/humble /usr/bin/cmake --build /home/yeon/ros2_workspace/src/ros2_ws/build/topic_final -- -j2 -l2
[13.256s] [ 10%] [32mBuilding CXX object CMakeFiles/mpub.dir/src/mpub.cpp.o[0m
[62.965s] [ 20%] [32m[1mLinking CXX executable mpub[0m
[65.403s] [ 20%] Built target mpub
[65.705s] [ 30%] [32mBuilding CXX object CMakeFiles/msub.dir/src/msub.cpp.o[0m
[186.600s] [ 40%] [32m[1mLinking CXX executable msub[0m
[190.204s] [ 40%] Built target msub
[190.496s] [ 50%] [32mBuilding CXX object CMakeFiles/msub2.dir/src/msub2.cpp.o[0m
[403.720s] [ 60%] [32m[1mLinking CXX executable msub2[0m
[405.475s] [ 60%] Built target msub2
[405.617s] [ 70%] [32mBuilding CXX object CMakeFiles/tpub.dir/src/tpub.cpp.o[0m
[462.421s] [ 80%] [32m[1mLinking CXX executable tpub[0m
[464.372s] [ 80%] Built target tpub
[464.569s] [ 90%] [32mBuilding CXX object CMakeFiles/mtsub.dir/src/mtsub.cpp.o[0m
[705.612s] [100%] [32m[1mLinking CXX executable mtsub[0m
[709.883s] [100%] Built target mtsub
[710.302s] Invoked command in '/home/yeon/ros2_workspace/src/ros2_ws/build/topic_final' returned '0': CMAKE_PREFIX_PATH=${CMAKE_PREFIX_PATH}:/opt/ros/humble /usr/bin/cmake --build /home/yeon/ros2_workspace/src/ros2_ws/build/topic_final -- -j2 -l2
[711.024s] Invoking command in '/home/yeon/ros2_workspace/src/ros2_ws/build/topic_final': CMAKE_PREFIX_PATH=${CMAKE_PREFIX_PATH}:/opt/ros/humble /usr/bin/cmake --install /home/yeon/ros2_workspace/src/ros2_ws/build/topic_final
[711.121s] -- Install configuration: ""
[711.130s] -- Execute custom install script
[711.135s] -- Symlinking: /home/yeon/ros2_workspace/src/ros2_ws/install/topic_final/lib/topic_final/mpub
[711.171s] -- Symlinking: /home/yeon/ros2_workspace/src/ros2_ws/install/topic_final/lib/topic_final/msub
[711.269s] -- Symlinking: /home/yeon/ros2_workspace/src/ros2_ws/install/topic_final/lib/topic_final/msub2
[711.391s] -- Symlinking: /home/yeon/ros2_workspace/src/ros2_ws/install/topic_final/lib/topic_final/tpub
[711.551s] -- Symlinking: /home/yeon/ros2_workspace/src/ros2_ws/install/topic_final/lib/topic_final/mtsub
[711.666s] -- Symlinking: /home/yeon/ros2_workspace/src/ros2_ws/install/topic_final/share/ament_index/resource_index/package_run_dependencies/topic_final
[711.777s] -- Symlinking: /home/yeon/ros2_workspace/src/ros2_ws/install/topic_final/share/ament_index/resource_index/parent_prefix_path/topic_final
[711.876s] -- Symlinking: /home/yeon/ros2_workspace/src/ros2_ws/install/topic_final/share/topic_final/environment/ament_prefix_path.sh
[711.944s] -- Symlinking: /home/yeon/ros2_workspace/src/ros2_ws/install/topic_final/share/topic_final/environment/ament_prefix_path.dsv
[712.019s] -- Symlinking: /home/yeon/ros2_workspace/src/ros2_ws/install/topic_final/share/topic_final/environment/path.sh
[712.086s] -- Symlinking: /home/yeon/ros2_workspace/src/ros2_ws/install/topic_final/share/topic_final/environment/path.dsv
[712.164s] -- Symlinking: /home/yeon/ros2_workspace/src/ros2_ws/install/topic_final/share/topic_final/local_setup.bash
[712.237s] -- Symlinking: /home/yeon/ros2_workspace/src/ros2_ws/install/topic_final/share/topic_final/local_setup.sh
[712.312s] -- Symlinking: /home/yeon/ros2_workspace/src/ros2_ws/install/topic_final/share/topic_final/local_setup.zsh
[712.372s] -- Symlinking: /home/yeon/ros2_workspace/src/ros2_ws/install/topic_final/share/topic_final/local_setup.dsv
[712.484s] -- Symlinking: /home/yeon/ros2_workspace/src/ros2_ws/install/topic_final/share/topic_final/package.dsv
[712.576s] -- Symlinking: /home/yeon/ros2_workspace/src/ros2_ws/install/topic_final/share/ament_index/resource_index/packages/topic_final
[712.743s] -- Symlinking: /home/yeon/ros2_workspace/src/ros2_ws/install/topic_final/share/topic_final/cmake/topic_finalConfig.cmake
[712.985s] -- Symlinking: /home/yeon/ros2_workspace/src/ros2_ws/install/topic_final/share/topic_final/cmake/topic_finalConfig-version.cmake
[713.094s] -- Symlinking: /home/yeon/ros2_workspace/src/ros2_ws/install/topic_final/share/topic_final/package.xml
[713.364s] Invoked command in '/home/yeon/ros2_workspace/src/ros2_ws/build/topic_final' returned '0': CMAKE_PREFIX_PATH=${CMAKE_PREFIX_PATH}:/opt/ros/humble /usr/bin/cmake --install /home/yeon/ros2_workspace/src/ros2_ws/build/topic_final
