[  1%] Built target interface_example__cpp
[35m[1mConsolidate compiler generated dependencies of target interface_example__rosidl_generator_c[0m
[ 12%] Built target interface_example__rosidl_generator_c
[ 12%] Built target ament_cmake_python_symlink_interface_example
[35m[1mConsolidate compiler generated dependencies of target interface_example__rosidl_typesupport_cpp[0m
[ 23%] Built target interface_example__rosidl_typesupport_cpp
[35m[1mConsolidate compiler generated dependencies of target interface_example__rosidl_typesupport_fastrtps_c[0m
[ 34%] Built target interface_example__rosidl_typesupport_fastrtps_c
[35m[1mConsolidate compiler generated dependencies of target interface_example__rosidl_typesupport_introspection_c[0m
[ 46%] Built target interface_example__rosidl_typesupport_introspection_c
[35m[1mConsolidate compiler generated dependencies of target interface_example__rosidl_typesupport_c[0m
[ 57%] Built target interface_example__rosidl_typesupport_c
[35m[1mConsolidate compiler generated dependencies of target interface_example__rosidl_typesupport_fastrtps_cpp[0m
[ 68%] Built target interface_example__rosidl_typesupport_fastrtps_cpp
[35m[1mConsolidate compiler generated dependencies of target interface_example__rosidl_typesupport_introspection_cpp[0m
[ 79%] Built target interface_example__rosidl_typesupport_introspection_cpp
running egg_info
writing interface_example.egg-info/PKG-INFO
writing dependency_links to interface_example.egg-info/dependency_links.txt
writing top-level names to interface_example.egg-info/top_level.txt
reading manifest file 'interface_example.egg-info/SOURCES.txt'
writing manifest file 'interface_example.egg-info/SOURCES.txt'
[ 79%] Built target ament_cmake_python_build_interface_example_egg
[ 79%] Built target interface_example
[ 80%] Built target interface_example__py
[35m[1mConsolidate compiler generated dependencies of target interface_example__rosidl_generator_py[0m
[ 90%] Built target interface_example__rosidl_generator_py
[35m[1mConsolidate compiler generated dependencies of target interface_example__rosidl_typesupport_fastrtps_c__pyext[0m
[ 93%] Built target interface_example__rosidl_typesupport_fastrtps_c__pyext
[35m[1mConsolidate compiler generated dependencies of target interface_example__rosidl_typesupport_introspection_c__pyext[0m
[ 96%] Built target interface_example__rosidl_typesupport_introspection_c__pyext
[35m[1mConsolidate compiler generated dependencies of target interface_example__rosidl_typesupport_c__pyext[0m
[100%] Built target interface_example__rosidl_typesupport_c__pyext
-- Install configuration: ""
-- Execute custom install script
-- Up-to-date symlink: /home/yeon/ros2_workspace/src/ros2_ws/install/interface_example/share/ament_index/resource_index/rosidl_interfaces/interface_example
-- Up-to-date symlink: /home/yeon/ros2_workspace/src/ros2_ws/install/interface_example/include/interface_example/interface_example/action/arithmetic_checker.h
-- Up-to-date symlink: /home/yeon/ros2_workspace/src/ros2_ws/install/interface_example/include/interface_example/interface_example/action/detail/arithmetic_checker__functions.h
-- Up-to-date symlink: /home/yeon/ros2_workspace/src/ros2_ws/install/interface_example/include/interface_example/interface_example/action/detail/arithmetic_checker__struct.h
-- Up-to-date symlink: /home/yeon/ros2_workspace/src/ros2_ws/install/interface_example/include/interface_example/interface_example/action/detail/arithmetic_checker__type_support.h
-- Up-to-date symlink: /home/yeon/ros2_workspace/src/ros2_ws/install/interface_example/include/interface_example/interface_example/action/detail/fibonacci__functions.h
-- Up-to-date symlink: /home/yeon/ros2_workspace/src/ros2_ws/install/interface_example/include/interface_example/interface_example/action/detail/fibonacci__struct.h
-- Up-to-date symlink: /home/yeon/ros2_workspace/src/ros2_ws/install/interface_example/include/interface_example/interface_example/action/detail/fibonacci__type_support.h
-- Up-to-date symlink: /home/yeon/ros2_workspace/src/ros2_ws/install/interface_example/include/interface_example/interface_example/action/fibonacci.h
-- Up-to-date symlink: /home/yeon/ros2_workspace/src/ros2_ws/install/interface_example/include/interface_example/interface_example/msg/arithmetic_argument.h
-- Up-to-date symlink: /home/yeon/ros2_workspace/src/ros2_ws/install/interface_example/include/interface_example/interface_example/msg/detail/arithmetic_argument__functions.h
-- Up-to-date symlink: /home/yeon/ros2_workspace/src/ros2_ws/install/interface_example/include/interface_example/interface_example/msg/detail/arithmetic_argument__struct.h
-- Up-to-date symlink: /home/yeon/ros2_workspace/src/ros2_ws/install/interface_example/include/interface_example/interface_example/msg/detail/arithmetic_argument__type_support.h
-- Up-to-date symlink: /home/yeon/ros2_workspace/src/ros2_ws/install/interface_example/include/interface_example/interface_example/msg/rosidl_generator_c__visibility_control.h
-- Up-to-date symlink: /home/yeon/ros2_workspace/src/ros2_ws/install/interface_example/include/interface_example/interface_example/srv/add_two_int.h
-- Up-to-date symlink: /home/yeon/ros2_workspace/src/ros2_ws/install/interface_example/include/interface_example/interface_example/srv/arithmetic_operator.h
-- Up-to-date symlink: /home/yeon/ros2_workspace/src/ros2_ws/install/interface_example/include/interface_example/interface_example/srv/detail/add_two_int__functions.h
-- Up-to-date symlink: /home/yeon/ros2_workspace/src/ros2_ws/install/interface_example/include/interface_example/interface_example/srv/detail/add_two_int__struct.h
-- Up-to-date symlink: /home/yeon/ros2_workspace/src/ros2_ws/install/interface_example/include/interface_example/interface_example/srv/detail/add_two_int__type_support.h
-- Up-to-date symlink: /home/yeon/ros2_workspace/src/ros2_ws/install/interface_example/include/interface_example/interface_example/srv/detail/arithmetic_operator__functions.h
-- Up-to-date symlink: /home/yeon/ros2_workspace/src/ros2_ws/install/interface_example/include/interface_example/interface_example/srv/detail/arithmetic_operator__struct.h
-- Up-to-date symlink: /home/yeon/ros2_workspace/src/ros2_ws/install/interface_example/include/interface_example/interface_example/srv/detail/arithmetic_operator__type_support.h
-- Up-to-date symlink: /home/yeon/ros2_workspace/src/ros2_ws/install/interface_example/share/interface_example/environment/library_path.sh
-- Up-to-date symlink: /home/yeon/ros2_workspace/src/ros2_ws/install/interface_example/share/interface_example/environment/library_path.dsv
-- Up-to-date symlink: /home/yeon/ros2_workspace/src/ros2_ws/install/interface_example/include/interface_example/interface_example/action/detail/arithmetic_checker__rosidl_typesupport_fastrtps_c.h
-- Up-to-date symlink: /home/yeon/ros2_workspace/src/ros2_ws/install/interface_example/include/interface_example/interface_example/action/detail/fibonacci__rosidl_typesupport_fastrtps_c.h
-- Up-to-date symlink: /home/yeon/ros2_workspace/src/ros2_ws/install/interface_example/include/interface_example/interface_example/msg/detail/arithmetic_argument__rosidl_typesupport_fastrtps_c.h
-- Up-to-date symlink: /home/yeon/ros2_workspace/src/ros2_ws/install/interface_example/include/interface_example/interface_example/msg/rosidl_typesupport_fastrtps_c__visibility_control.h
-- Up-to-date symlink: /home/yeon/ros2_workspace/src/ros2_ws/install/interface_example/include/interface_example/interface_example/srv/detail/add_two_int__rosidl_typesupport_fastrtps_c.h
-- Up-to-date symlink: /home/yeon/ros2_workspace/src/ros2_ws/install/interface_example/include/interface_example/interface_example/srv/detail/arithmetic_operator__rosidl_typesupport_fastrtps_c.h
-- Up-to-date symlink: /home/yeon/ros2_workspace/src/ros2_ws/install/interface_example/include/interface_example/interface_example/action/detail/arithmetic_checker__rosidl_typesupport_introspection_c.h
-- Up-to-date symlink: /home/yeon/ros2_workspace/src/ros2_ws/install/interface_example/include/interface_example/interface_example/action/detail/fibonacci__rosidl_typesupport_introspection_c.h
-- Up-to-date symlink: /home/yeon/ros2_workspace/src/ros2_ws/install/interface_example/include/interface_example/interface_example/msg/detail/arithmetic_argument__rosidl_typesupport_introspection_c.h
-- Up-to-date symlink: /home/yeon/ros2_workspace/src/ros2_ws/install/interface_example/include/interface_example/interface_example/msg/rosidl_typesupport_introspection_c__visibility_control.h
-- Up-to-date symlink: /home/yeon/ros2_workspace/src/ros2_ws/install/interface_example/include/interface_example/interface_example/srv/detail/add_two_int__rosidl_typesupport_introspection_c.h
-- Up-to-date symlink: /home/yeon/ros2_workspace/src/ros2_ws/install/interface_example/include/interface_example/interface_example/srv/detail/arithmetic_operator__rosidl_typesupport_introspection_c.h
-- Up-to-date symlink: /home/yeon/ros2_workspace/src/ros2_ws/install/interface_example/include/interface_example/interface_example/action/arithmetic_checker.hpp
-- Up-to-date symlink: /home/yeon/ros2_workspace/src/ros2_ws/install/interface_example/include/interface_example/interface_example/action/detail/arithmetic_checker__builder.hpp
-- Up-to-date symlink: /home/yeon/ros2_workspace/src/ros2_ws/install/interface_example/include/interface_example/interface_example/action/detail/arithmetic_checker__struct.hpp
-- Up-to-date symlink: /home/yeon/ros2_workspace/src/ros2_ws/install/interface_example/include/interface_example/interface_example/action/detail/arithmetic_checker__traits.hpp
-- Up-to-date symlink: /home/yeon/ros2_workspace/src/ros2_ws/install/interface_example/include/interface_example/interface_example/action/detail/fibonacci__builder.hpp
-- Up-to-date symlink: /home/yeon/ros2_workspace/src/ros2_ws/install/interface_example/include/interface_example/interface_example/action/detail/fibonacci__struct.hpp
-- Up-to-date symlink: /home/yeon/ros2_workspace/src/ros2_ws/install/interface_example/include/interface_example/interface_example/action/detail/fibonacci__traits.hpp
-- Up-to-date symlink: /home/yeon/ros2_workspace/src/ros2_ws/install/interface_example/include/interface_example/interface_example/action/fibonacci.hpp
-- Up-to-date symlink: /home/yeon/ros2_workspace/src/ros2_ws/install/interface_example/include/interface_example/interface_example/msg/arithmetic_argument.hpp
-- Up-to-date symlink: /home/yeon/ros2_workspace/src/ros2_ws/install/interface_example/include/interface_example/interface_example/msg/detail/arithmetic_argument__builder.hpp
-- Up-to-date symlink: /home/yeon/ros2_workspace/src/ros2_ws/install/interface_example/include/interface_example/interface_example/msg/detail/arithmetic_argument__struct.hpp
-- Up-to-date symlink: /home/yeon/ros2_workspace/src/ros2_ws/install/interface_example/include/interface_example/interface_example/msg/detail/arithmetic_argument__traits.hpp
-- Up-to-date symlink: /home/yeon/ros2_workspace/src/ros2_ws/install/interface_example/include/interface_example/interface_example/srv/add_two_int.hpp
-- Up-to-date symlink: /home/yeon/ros2_workspace/src/ros2_ws/install/interface_example/include/interface_example/interface_example/srv/arithmetic_operator.hpp
-- Up-to-date symlink: /home/yeon/ros2_workspace/src/ros2_ws/install/interface_example/include/interface_example/interface_example/srv/detail/add_two_int__builder.hpp
-- Up-to-date symlink: /home/yeon/ros2_workspace/src/ros2_ws/install/interface_example/include/interface_example/interface_example/srv/detail/add_two_int__struct.hpp
-- Up-to-date symlink: /home/yeon/ros2_workspace/src/ros2_ws/install/interface_example/include/interface_example/interface_example/srv/detail/add_two_int__traits.hpp
-- Up-to-date symlink: /home/yeon/ros2_workspace/src/ros2_ws/install/interface_example/include/interface_example/interface_example/srv/detail/arithmetic_operator__builder.hpp
-- Up-to-date symlink: /home/yeon/ros2_workspace/src/ros2_ws/install/interface_example/include/interface_example/interface_example/srv/detail/arithmetic_operator__struct.hpp
-- Up-to-date symlink: /home/yeon/ros2_workspace/src/ros2_ws/install/interface_example/include/interface_example/interface_example/srv/detail/arithmetic_operator__traits.hpp
-- Up-to-date symlink: /home/yeon/ros2_workspace/src/ros2_ws/install/interface_example/include/interface_example/interface_example/action/detail/arithmetic_checker__rosidl_typesupport_fastrtps_cpp.hpp
-- Up-to-date symlink: /home/yeon/ros2_workspace/src/ros2_ws/install/interface_example/include/interface_example/interface_example/action/detail/fibonacci__rosidl_typesupport_fastrtps_cpp.hpp
-- Up-to-date symlink: /home/yeon/ros2_workspace/src/ros2_ws/install/interface_example/include/interface_example/interface_example/msg/detail/arithmetic_argument__rosidl_typesupport_fastrtps_cpp.hpp
-- Up-to-date symlink: /home/yeon/ros2_workspace/src/ros2_ws/install/interface_example/include/interface_example/interface_example/msg/rosidl_typesupport_fastrtps_cpp__visibility_control.h
-- Up-to-date symlink: /home/yeon/ros2_workspace/src/ros2_ws/install/interface_example/include/interface_example/interface_example/srv/detail/add_two_int__rosidl_typesupport_fastrtps_cpp.hpp
-- Up-to-date symlink: /home/yeon/ros2_workspace/src/ros2_ws/install/interface_example/include/interface_example/interface_example/srv/detail/arithmetic_operator__rosidl_typesupport_fastrtps_cpp.hpp
-- Up-to-date symlink: /home/yeon/ros2_workspace/src/ros2_ws/install/interface_example/include/interface_example/interface_example/action/detail/arithmetic_checker__rosidl_typesupport_introspection_cpp.hpp
-- Up-to-date symlink: /home/yeon/ros2_workspace/src/ros2_ws/install/interface_example/include/interface_example/interface_example/action/detail/fibonacci__rosidl_typesupport_introspection_cpp.hpp
-- Up-to-date symlink: /home/yeon/ros2_workspace/src/ros2_ws/install/interface_example/include/interface_example/interface_example/msg/detail/arithmetic_argument__rosidl_typesupport_introspection_cpp.hpp
-- Up-to-date symlink: /home/yeon/ros2_workspace/src/ros2_ws/install/interface_example/include/interface_example/interface_example/srv/detail/add_two_int__rosidl_typesupport_introspection_cpp.hpp
-- Up-to-date symlink: /home/yeon/ros2_workspace/src/ros2_ws/install/interface_example/include/interface_example/interface_example/srv/detail/arithmetic_operator__rosidl_typesupport_introspection_cpp.hpp
-- Up-to-date symlink: /home/yeon/ros2_workspace/src/ros2_ws/install/interface_example/share/interface_example/environment/pythonpath.sh
-- Up-to-date symlink: /home/yeon/ros2_workspace/src/ros2_ws/install/interface_example/share/interface_example/environment/pythonpath.dsv
-- Up-to-date symlink: /home/yeon/ros2_workspace/src/ros2_ws/install/interface_example/local/lib/python3.10/dist-packages/interface_example-0.0.0-py3.10.egg-info/PKG-INFO
-- Up-to-date symlink: /home/yeon/ros2_workspace/src/ros2_ws/install/interface_example/local/lib/python3.10/dist-packages/interface_example-0.0.0-py3.10.egg-info/SOURCES.txt
-- Up-to-date symlink: /home/yeon/ros2_workspace/src/ros2_ws/install/interface_example/local/lib/python3.10/dist-packages/interface_example-0.0.0-py3.10.egg-info/dependency_links.txt
-- Up-to-date symlink: /home/yeon/ros2_workspace/src/ros2_ws/install/interface_example/local/lib/python3.10/dist-packages/interface_example-0.0.0-py3.10.egg-info/top_level.txt
-- Up-to-date symlink: /home/yeon/ros2_workspace/src/ros2_ws/install/interface_example/local/lib/python3.10/dist-packages/interface_example/__init__.py
-- Up-to-date symlink: /home/yeon/ros2_workspace/src/ros2_ws/install/interface_example/local/lib/python3.10/dist-packages/interface_example/_interface_example_s.ep.rosidl_typesupport_c.c
-- Up-to-date symlink: /home/yeon/ros2_workspace/src/ros2_ws/install/interface_example/local/lib/python3.10/dist-packages/interface_example/_interface_example_s.ep.rosidl_typesupport_fastrtps_c.c
-- Up-to-date symlink: /home/yeon/ros2_workspace/src/ros2_ws/install/interface_example/local/lib/python3.10/dist-packages/interface_example/_interface_example_s.ep.rosidl_typesupport_introspection_c.c
-- Up-to-date symlink: /home/yeon/ros2_workspace/src/ros2_ws/install/interface_example/local/lib/python3.10/dist-packages/interface_example/action/__init__.py
-- Up-to-date symlink: /home/yeon/ros2_workspace/src/ros2_ws/install/interface_example/local/lib/python3.10/dist-packages/interface_example/action/_arithmetic_checker.py
-- Up-to-date symlink: /home/yeon/ros2_workspace/src/ros2_ws/install/interface_example/local/lib/python3.10/dist-packages/interface_example/action/_arithmetic_checker_s.c
-- Up-to-date symlink: /home/yeon/ros2_workspace/src/ros2_ws/install/interface_example/local/lib/python3.10/dist-packages/interface_example/action/_fibonacci.py
-- Up-to-date symlink: /home/yeon/ros2_workspace/src/ros2_ws/install/interface_example/local/lib/python3.10/dist-packages/interface_example/action/_fibonacci_s.c
-- Up-to-date symlink: /home/yeon/ros2_workspace/src/ros2_ws/install/interface_example/local/lib/python3.10/dist-packages/interface_example/interface_example_s__rosidl_typesupport_c.cpython-310-x86_64-linux-gnu.so
-- Up-to-date symlink: /home/yeon/ros2_workspace/src/ros2_ws/install/interface_example/local/lib/python3.10/dist-packages/interface_example/interface_example_s__rosidl_typesupport_fastrtps_c.cpython-310-x86_64-linux-gnu.so
-- Up-to-date symlink: /home/yeon/ros2_workspace/src/ros2_ws/install/interface_example/local/lib/python3.10/dist-packages/interface_example/interface_example_s__rosidl_typesupport_introspection_c.cpython-310-x86_64-linux-gnu.so
-- Up-to-date symlink: /home/yeon/ros2_workspace/src/ros2_ws/install/interface_example/local/lib/python3.10/dist-packages/interface_example/libinterface_example__rosidl_generator_py.so
-- Up-to-date symlink: /home/yeon/ros2_workspace/src/ros2_ws/install/interface_example/local/lib/python3.10/dist-packages/interface_example/msg/__init__.py
-- Up-to-date symlink: /home/yeon/ros2_workspace/src/ros2_ws/install/interface_example/local/lib/python3.10/dist-packages/interface_example/msg/_arithmetic_argument.py
-- Up-to-date symlink: /home/yeon/ros2_workspace/src/ros2_ws/install/interface_example/local/lib/python3.10/dist-packages/interface_example/msg/_arithmetic_argument_s.c
-- Up-to-date symlink: /home/yeon/ros2_workspace/src/ros2_ws/install/interface_example/local/lib/python3.10/dist-packages/interface_example/srv/__init__.py
-- Up-to-date symlink: /home/yeon/ros2_workspace/src/ros2_ws/install/interface_example/local/lib/python3.10/dist-packages/interface_example/srv/_add_two_int.py
-- Up-to-date symlink: /home/yeon/ros2_workspace/src/ros2_ws/install/interface_example/local/lib/python3.10/dist-packages/interface_example/srv/_add_two_int_s.c
-- Up-to-date symlink: /home/yeon/ros2_workspace/src/ros2_ws/install/interface_example/local/lib/python3.10/dist-packages/interface_example/srv/_arithmetic_operator.py
-- Up-to-date symlink: /home/yeon/ros2_workspace/src/ros2_ws/install/interface_example/local/lib/python3.10/dist-packages/interface_example/srv/_arithmetic_operator_s.c
-- Up-to-date symlink: /home/yeon/ros2_workspace/src/ros2_ws/install/interface_example/local/lib/python3.10/dist-packages/interface_example/interface_example_s__rosidl_typesupport_fastrtps_c.cpython-310-x86_64-linux-gnu.so
-- Up-to-date symlink: /home/yeon/ros2_workspace/src/ros2_ws/install/interface_example/local/lib/python3.10/dist-packages/interface_example/interface_example_s__rosidl_typesupport_introspection_c.cpython-310-x86_64-linux-gnu.so
-- Up-to-date symlink: /home/yeon/ros2_workspace/src/ros2_ws/install/interface_example/local/lib/python3.10/dist-packages/interface_example/interface_example_s__rosidl_typesupport_c.cpython-310-x86_64-linux-gnu.so
-- Up-to-date symlink: /home/yeon/ros2_workspace/src/ros2_ws/install/interface_example/share/interface_example/msg/ArithmeticArgument.idl
-- Up-to-date symlink: /home/yeon/ros2_workspace/src/ros2_ws/install/interface_example/share/interface_example/srv/AddTwoInt.idl
-- Up-to-date symlink: /home/yeon/ros2_workspace/src/ros2_ws/install/interface_example/share/interface_example/srv/ArithmeticOperator.idl
-- Up-to-date symlink: /home/yeon/ros2_workspace/src/ros2_ws/install/interface_example/share/interface_example/action/Fibonacci.idl
-- Up-to-date symlink: /home/yeon/ros2_workspace/src/ros2_ws/install/interface_example/share/interface_example/action/ArithmeticChecker.idl
-- Up-to-date symlink: /home/yeon/ros2_workspace/src/ros2_ws/install/interface_example/share/interface_example/msg/ArithmeticArgument.msg
-- Up-to-date symlink: /home/yeon/ros2_workspace/src/ros2_ws/install/interface_example/share/interface_example/srv/AddTwoInt.srv
-- Up-to-date symlink: /home/yeon/ros2_workspace/src/ros2_ws/install/interface_example/share/interface_example/srv/AddTwoInt_Request.msg
-- Up-to-date symlink: /home/yeon/ros2_workspace/src/ros2_ws/install/interface_example/share/interface_example/srv/AddTwoInt_Response.msg
-- Up-to-date symlink: /home/yeon/ros2_workspace/src/ros2_ws/install/interface_example/share/interface_example/srv/ArithmeticOperator.srv
-- Up-to-date symlink: /home/yeon/ros2_workspace/src/ros2_ws/install/interface_example/share/interface_example/srv/ArithmeticOperator_Request.msg
-- Up-to-date symlink: /home/yeon/ros2_workspace/src/ros2_ws/install/interface_example/share/interface_example/srv/ArithmeticOperator_Response.msg
-- Up-to-date symlink: /home/yeon/ros2_workspace/src/ros2_ws/install/interface_example/share/interface_example/action/Fibonacci.action
-- Up-to-date symlink: /home/yeon/ros2_workspace/src/ros2_ws/install/interface_example/share/interface_example/action/ArithmeticChecker.action
-- Up-to-date symlink: /home/yeon/ros2_workspace/src/ros2_ws/install/interface_example/share/ament_index/resource_index/package_run_dependencies/interface_example
-- Up-to-date symlink: /home/yeon/ros2_workspace/src/ros2_ws/install/interface_example/share/ament_index/resource_index/parent_prefix_path/interface_example
-- Up-to-date symlink: /home/yeon/ros2_workspace/src/ros2_ws/install/interface_example/share/interface_example/environment/ament_prefix_path.sh
-- Up-to-date symlink: /home/yeon/ros2_workspace/src/ros2_ws/install/interface_example/share/interface_example/environment/ament_prefix_path.dsv
-- Up-to-date symlink: /home/yeon/ros2_workspace/src/ros2_ws/install/interface_example/share/interface_example/environment/path.sh
-- Up-to-date symlink: /home/yeon/ros2_workspace/src/ros2_ws/install/interface_example/share/interface_example/environment/path.dsv
-- Up-to-date symlink: /home/yeon/ros2_workspace/src/ros2_ws/install/interface_example/share/interface_example/local_setup.bash
-- Up-to-date symlink: /home/yeon/ros2_workspace/src/ros2_ws/install/interface_example/share/interface_example/local_setup.sh
-- Up-to-date symlink: /home/yeon/ros2_workspace/src/ros2_ws/install/interface_example/share/interface_example/local_setup.zsh
-- Up-to-date symlink: /home/yeon/ros2_workspace/src/ros2_ws/install/interface_example/share/interface_example/local_setup.dsv
-- Symlinking: /home/yeon/ros2_workspace/src/ros2_ws/install/interface_example/share/interface_example/package.dsv
-- Up-to-date symlink: /home/yeon/ros2_workspace/src/ros2_ws/install/interface_example/share/ament_index/resource_index/packages/interface_example
-- Up-to-date symlink: /home/yeon/ros2_workspace/src/ros2_ws/install/interface_example/share/interface_example/cmake/rosidl_cmake-extras.cmake
-- Up-to-date symlink: /home/yeon/ros2_workspace/src/ros2_ws/install/interface_example/share/interface_example/cmake/ament_cmake_export_dependencies-extras.cmake
-- Up-to-date symlink: /home/yeon/ros2_workspace/src/ros2_ws/install/interface_example/share/interface_example/cmake/ament_cmake_export_include_directories-extras.cmake
-- Up-to-date symlink: /home/yeon/ros2_workspace/src/ros2_ws/install/interface_example/share/interface_example/cmake/ament_cmake_export_libraries-extras.cmake
-- Up-to-date symlink: /home/yeon/ros2_workspace/src/ros2_ws/install/interface_example/share/interface_example/cmake/ament_cmake_export_targets-extras.cmake
-- Up-to-date symlink: /home/yeon/ros2_workspace/src/ros2_ws/install/interface_example/share/interface_example/cmake/rosidl_cmake_export_typesupport_targets-extras.cmake
-- Up-to-date symlink: /home/yeon/ros2_workspace/src/ros2_ws/install/interface_example/share/interface_example/cmake/rosidl_cmake_export_typesupport_libraries-extras.cmake
-- Up-to-date symlink: /home/yeon/ros2_workspace/src/ros2_ws/install/interface_example/share/interface_example/cmake/interface_exampleConfig.cmake
-- Up-to-date symlink: /home/yeon/ros2_workspace/src/ros2_ws/install/interface_example/share/interface_example/cmake/interface_exampleConfig-version.cmake
-- Up-to-date symlink: /home/yeon/ros2_workspace/src/ros2_ws/install/interface_example/share/interface_example/package.xml
-- Up-to-date: /home/yeon/ros2_workspace/src/ros2_ws/install/interface_example/lib/libinterface_example__rosidl_generator_c.so
-- Up-to-date: /home/yeon/ros2_workspace/src/ros2_ws/install/interface_example/lib/libinterface_example__rosidl_typesupport_fastrtps_c.so
-- Up-to-date: /home/yeon/ros2_workspace/src/ros2_ws/install/interface_example/lib/libinterface_example__rosidl_typesupport_introspection_c.so
-- Up-to-date: /home/yeon/ros2_workspace/src/ros2_ws/install/interface_example/lib/libinterface_example__rosidl_typesupport_c.so
-- Up-to-date: /home/yeon/ros2_workspace/src/ros2_ws/install/interface_example/lib/libinterface_example__rosidl_typesupport_fastrtps_cpp.so
-- Up-to-date: /home/yeon/ros2_workspace/src/ros2_ws/install/interface_example/lib/libinterface_example__rosidl_typesupport_introspection_cpp.so
-- Up-to-date: /home/yeon/ros2_workspace/src/ros2_ws/install/interface_example/lib/libinterface_example__rosidl_typesupport_cpp.so
Listing '/home/yeon/ros2_workspace/src/ros2_ws/install/interface_example/local/lib/python3.10/dist-packages/interface_example'...
Listing '/home/yeon/ros2_workspace/src/ros2_ws/install/interface_example/local/lib/python3.10/dist-packages/interface_example/action'...
Listing '/home/yeon/ros2_workspace/src/ros2_ws/install/interface_example/local/lib/python3.10/dist-packages/interface_example/msg'...
Listing '/home/yeon/ros2_workspace/src/ros2_ws/install/interface_example/local/lib/python3.10/dist-packages/interface_example/srv'...
-- Up-to-date: /home/yeon/ros2_workspace/src/ros2_ws/install/interface_example/lib/libinterface_example__rosidl_generator_py.so
-- Up-to-date: /home/yeon/ros2_workspace/src/ros2_ws/install/interface_example/share/interface_example/cmake/export_interface_example__rosidl_generator_cExport.cmake
-- Up-to-date: /home/yeon/ros2_workspace/src/ros2_ws/install/interface_example/share/interface_example/cmake/export_interface_example__rosidl_generator_cExport-noconfig.cmake
-- Up-to-date: /home/yeon/ros2_workspace/src/ros2_ws/install/interface_example/share/interface_example/cmake/export_interface_example__rosidl_typesupport_fastrtps_cExport.cmake
-- Up-to-date: /home/yeon/ros2_workspace/src/ros2_ws/install/interface_example/share/interface_example/cmake/export_interface_example__rosidl_typesupport_fastrtps_cExport-noconfig.cmake
-- Up-to-date: /home/yeon/ros2_workspace/src/ros2_ws/install/interface_example/share/interface_example/cmake/interface_example__rosidl_typesupport_introspection_cExport.cmake
-- Up-to-date: /home/yeon/ros2_workspace/src/ros2_ws/install/interface_example/share/interface_example/cmake/interface_example__rosidl_typesupport_introspection_cExport-noconfig.cmake
-- Up-to-date: /home/yeon/ros2_workspace/src/ros2_ws/install/interface_example/share/interface_example/cmake/interface_example__rosidl_typesupport_cExport.cmake
-- Up-to-date: /home/yeon/ros2_workspace/src/ros2_ws/install/interface_example/share/interface_example/cmake/interface_example__rosidl_typesupport_cExport-noconfig.cmake
-- Up-to-date: /home/yeon/ros2_workspace/src/ros2_ws/install/interface_example/share/interface_example/cmake/export_interface_example__rosidl_generator_cppExport.cmake
-- Up-to-date: /home/yeon/ros2_workspace/src/ros2_ws/install/interface_example/share/interface_example/cmake/export_interface_example__rosidl_typesupport_fastrtps_cppExport.cmake
-- Up-to-date: /home/yeon/ros2_workspace/src/ros2_ws/install/interface_example/share/interface_example/cmake/export_interface_example__rosidl_typesupport_fastrtps_cppExport-noconfig.cmake
-- Up-to-date: /home/yeon/ros2_workspace/src/ros2_ws/install/interface_example/share/interface_example/cmake/interface_example__rosidl_typesupport_introspection_cppExport.cmake
-- Up-to-date: /home/yeon/ros2_workspace/src/ros2_ws/install/interface_example/share/interface_example/cmake/interface_example__rosidl_typesupport_introspection_cppExport-noconfig.cmake
-- Up-to-date: /home/yeon/ros2_workspace/src/ros2_ws/install/interface_example/share/interface_example/cmake/interface_example__rosidl_typesupport_cppExport.cmake
-- Up-to-date: /home/yeon/ros2_workspace/src/ros2_ws/install/interface_example/share/interface_example/cmake/interface_example__rosidl_typesupport_cppExport-noconfig.cmake
-- Up-to-date: /home/yeon/ros2_workspace/src/ros2_ws/install/interface_example/share/interface_example/cmake/export_interface_example__rosidl_generator_pyExport.cmake
-- Up-to-date: /home/yeon/ros2_workspace/src/ros2_ws/install/interface_example/share/interface_example/cmake/export_interface_example__rosidl_generator_pyExport-noconfig.cmake
