[0.159s] Invoking command in '/home/yeon/ros2_workspace/src/ros2_ws/build/interface_example': CMAKE_PREFIX_PATH=${CMAKE_PREFIX_PATH}:/opt/ros/humble /usr/bin/cmake --build /home/yeon/ros2_workspace/src/ros2_ws/build/interface_example -- -j2 -l2
[1.216s] [  1%] Built target interface_example__cpp
[1.435s] [35m[1mConsolidate compiler generated dependencies of target interface_example__rosidl_generator_c[0m
[1.581s] [ 12%] Built target interface_example__rosidl_generator_c
[2.046s] [ 12%] Built target ament_cmake_python_symlink_interface_example
[2.328s] [35m[1mConsolidate compiler generated dependencies of target interface_example__rosidl_typesupport_cpp[0m
[2.554s] [ 23%] Built target interface_example__rosidl_typesupport_cpp
[2.678s] [35m[1mConsolidate compiler generated dependencies of target interface_example__rosidl_typesupport_fastrtps_c[0m
[2.850s] [ 34%] Built target interface_example__rosidl_typesupport_fastrtps_c
[2.982s] [35m[1mConsolidate compiler generated dependencies of target interface_example__rosidl_typesupport_introspection_c[0m
[3.122s] [ 46%] Built target interface_example__rosidl_typesupport_introspection_c
[3.276s] [35m[1mConsolidate compiler generated dependencies of target interface_example__rosidl_typesupport_c[0m
[3.331s] [ 57%] Built target interface_example__rosidl_typesupport_c
[3.451s] [35m[1mConsolidate compiler generated dependencies of target interface_example__rosidl_typesupport_fastrtps_cpp[0m
[3.673s] [ 68%] Built target interface_example__rosidl_typesupport_fastrtps_cpp
[3.838s] [35m[1mConsolidate compiler generated dependencies of target interface_example__rosidl_typesupport_introspection_cpp[0m
[4.001s] [ 79%] Built target interface_example__rosidl_typesupport_introspection_cpp
[6.997s] running egg_info
[6.998s] writing interface_example.egg-info/PKG-INFO
[7.017s] writing dependency_links to interface_example.egg-info/dependency_links.txt
[7.017s] writing top-level names to interface_example.egg-info/top_level.txt
[7.042s] reading manifest file 'interface_example.egg-info/SOURCES.txt'
[7.053s] writing manifest file 'interface_example.egg-info/SOURCES.txt'
[7.374s] [ 79%] Built target ament_cmake_python_build_interface_example_egg
[7.543s] [ 79%] Built target interface_example
[7.770s] [ 80%] Built target interface_example__py
[7.980s] [35m[1mConsolidate compiler generated dependencies of target interface_example__rosidl_generator_py[0m
[8.230s] [ 90%] Built target interface_example__rosidl_generator_py
[8.455s] [35m[1mConsolidate compiler generated dependencies of target interface_example__rosidl_typesupport_fastrtps_c__pyext[0m
[8.612s] [ 93%] Built target interface_example__rosidl_typesupport_fastrtps_c__pyext
[8.758s] [35m[1mConsolidate compiler generated dependencies of target interface_example__rosidl_typesupport_introspection_c__pyext[0m
[8.865s] [ 96%] Built target interface_example__rosidl_typesupport_introspection_c__pyext
[9.032s] [35m[1mConsolidate compiler generated dependencies of target interface_example__rosidl_typesupport_c__pyext[0m
[9.299s] [100%] Built target interface_example__rosidl_typesupport_c__pyext
[9.425s] Invoked command in '/home/yeon/ros2_workspace/src/ros2_ws/build/interface_example' returned '0': CMAKE_PREFIX_PATH=${CMAKE_PREFIX_PATH}:/opt/ros/humble /usr/bin/cmake --build /home/yeon/ros2_workspace/src/ros2_ws/build/interface_example -- -j2 -l2
[12.102s] Invoking command in '/home/yeon/ros2_workspace/src/ros2_ws/build/interface_example': CMAKE_PREFIX_PATH=${CMAKE_PREFIX_PATH}:/opt/ros/humble /usr/bin/cmake --install /home/yeon/ros2_workspace/src/ros2_ws/build/interface_example
[12.212s] -- Install configuration: ""
[12.218s] -- Execute custom install script
[12.224s] -- Up-to-date symlink: /home/yeon/ros2_workspace/src/ros2_ws/install/interface_example/share/ament_index/resource_index/rosidl_interfaces/interface_example
[12.229s] -- Up-to-date symlink: /home/yeon/ros2_workspace/src/ros2_ws/install/interface_example/include/interface_example/interface_example/action/arithmetic_checker.h
[12.229s] -- Up-to-date symlink: /home/yeon/ros2_workspace/src/ros2_ws/install/interface_example/include/interface_example/interface_example/action/detail/arithmetic_checker__functions.h
[12.229s] -- Up-to-date symlink: /home/yeon/ros2_workspace/src/ros2_ws/install/interface_example/include/interface_example/interface_example/action/detail/arithmetic_checker__struct.h
[12.232s] -- Up-to-date symlink: /home/yeon/ros2_workspace/src/ros2_ws/install/interface_example/include/interface_example/interface_example/action/detail/arithmetic_checker__type_support.h
[12.240s] -- Up-to-date symlink: /home/yeon/ros2_workspace/src/ros2_ws/install/interface_example/include/interface_example/interface_example/action/detail/fibonacci__functions.h
[12.246s] -- Up-to-date symlink: /home/yeon/ros2_workspace/src/ros2_ws/install/interface_example/include/interface_example/interface_example/action/detail/fibonacci__struct.h
[12.252s] -- Up-to-date symlink: /home/yeon/ros2_workspace/src/ros2_ws/install/interface_example/include/interface_example/interface_example/action/detail/fibonacci__type_support.h
[12.258s] -- Up-to-date symlink: /home/yeon/ros2_workspace/src/ros2_ws/install/interface_example/include/interface_example/interface_example/action/fibonacci.h
[12.261s] -- Up-to-date symlink: /home/yeon/ros2_workspace/src/ros2_ws/install/interface_example/include/interface_example/interface_example/msg/arithmetic_argument.h
[12.263s] -- Up-to-date symlink: /home/yeon/ros2_workspace/src/ros2_ws/install/interface_example/include/interface_example/interface_example/msg/detail/arithmetic_argument__functions.h
[12.264s] -- Up-to-date symlink: /home/yeon/ros2_workspace/src/ros2_ws/install/interface_example/include/interface_example/interface_example/msg/detail/arithmetic_argument__struct.h
[12.265s] -- Up-to-date symlink: /home/yeon/ros2_workspace/src/ros2_ws/install/interface_example/include/interface_example/interface_example/msg/detail/arithmetic_argument__type_support.h
[12.269s] -- Up-to-date symlink: /home/yeon/ros2_workspace/src/ros2_ws/install/interface_example/include/interface_example/interface_example/msg/rosidl_generator_c__visibility_control.h
[12.277s] -- Up-to-date symlink: /home/yeon/ros2_workspace/src/ros2_ws/install/interface_example/include/interface_example/interface_example/srv/add_two_int.h
[12.278s] -- Up-to-date symlink: /home/yeon/ros2_workspace/src/ros2_ws/install/interface_example/include/interface_example/interface_example/srv/arithmetic_operator.h
[12.278s] -- Up-to-date symlink: /home/yeon/ros2_workspace/src/ros2_ws/install/interface_example/include/interface_example/interface_example/srv/detail/add_two_int__functions.h
[12.284s] -- Up-to-date symlink: /home/yeon/ros2_workspace/src/ros2_ws/install/interface_example/include/interface_example/interface_example/srv/detail/add_two_int__struct.h
[12.284s] -- Up-to-date symlink: /home/yeon/ros2_workspace/src/ros2_ws/install/interface_example/include/interface_example/interface_example/srv/detail/add_two_int__type_support.h
[12.284s] -- Up-to-date symlink: /home/yeon/ros2_workspace/src/ros2_ws/install/interface_example/include/interface_example/interface_example/srv/detail/arithmetic_operator__functions.h
[12.284s] -- Up-to-date symlink: /home/yeon/ros2_workspace/src/ros2_ws/install/interface_example/include/interface_example/interface_example/srv/detail/arithmetic_operator__struct.h
[12.284s] -- Up-to-date symlink: /home/yeon/ros2_workspace/src/ros2_ws/install/interface_example/include/interface_example/interface_example/srv/detail/arithmetic_operator__type_support.h
[12.284s] -- Up-to-date symlink: /home/yeon/ros2_workspace/src/ros2_ws/install/interface_example/share/interface_example/environment/library_path.sh
[12.285s] -- Up-to-date symlink: /home/yeon/ros2_workspace/src/ros2_ws/install/interface_example/share/interface_example/environment/library_path.dsv
[12.286s] -- Up-to-date symlink: /home/yeon/ros2_workspace/src/ros2_ws/install/interface_example/include/interface_example/interface_example/action/detail/arithmetic_checker__rosidl_typesupport_fastrtps_c.h
[12.287s] -- Up-to-date symlink: /home/yeon/ros2_workspace/src/ros2_ws/install/interface_example/include/interface_example/interface_example/action/detail/fibonacci__rosidl_typesupport_fastrtps_c.h
[12.288s] -- Up-to-date symlink: /home/yeon/ros2_workspace/src/ros2_ws/install/interface_example/include/interface_example/interface_example/msg/detail/arithmetic_argument__rosidl_typesupport_fastrtps_c.h
[12.290s] -- Up-to-date symlink: /home/yeon/ros2_workspace/src/ros2_ws/install/interface_example/include/interface_example/interface_example/msg/rosidl_typesupport_fastrtps_c__visibility_control.h
[12.290s] -- Up-to-date symlink: /home/yeon/ros2_workspace/src/ros2_ws/install/interface_example/include/interface_example/interface_example/srv/detail/add_two_int__rosidl_typesupport_fastrtps_c.h
[12.296s] -- Up-to-date symlink: /home/yeon/ros2_workspace/src/ros2_ws/install/interface_example/include/interface_example/interface_example/srv/detail/arithmetic_operator__rosidl_typesupport_fastrtps_c.h
[12.296s] -- Up-to-date symlink: /home/yeon/ros2_workspace/src/ros2_ws/install/interface_example/include/interface_example/interface_example/action/detail/arithmetic_checker__rosidl_typesupport_introspection_c.h
[12.299s] -- Up-to-date symlink: /home/yeon/ros2_workspace/src/ros2_ws/install/interface_example/include/interface_example/interface_example/action/detail/fibonacci__rosidl_typesupport_introspection_c.h
[12.299s] -- Up-to-date symlink: /home/yeon/ros2_workspace/src/ros2_ws/install/interface_example/include/interface_example/interface_example/msg/detail/arithmetic_argument__rosidl_typesupport_introspection_c.h
[12.310s] -- Up-to-date symlink: /home/yeon/ros2_workspace/src/ros2_ws/install/interface_example/include/interface_example/interface_example/msg/rosidl_typesupport_introspection_c__visibility_control.h
[12.311s] -- Up-to-date symlink: /home/yeon/ros2_workspace/src/ros2_ws/install/interface_example/include/interface_example/interface_example/srv/detail/add_two_int__rosidl_typesupport_introspection_c.h
[12.311s] -- Up-to-date symlink: /home/yeon/ros2_workspace/src/ros2_ws/install/interface_example/include/interface_example/interface_example/srv/detail/arithmetic_operator__rosidl_typesupport_introspection_c.h
[12.313s] -- Up-to-date symlink: /home/yeon/ros2_workspace/src/ros2_ws/install/interface_example/include/interface_example/interface_example/action/arithmetic_checker.hpp
[12.317s] -- Up-to-date symlink: /home/yeon/ros2_workspace/src/ros2_ws/install/interface_example/include/interface_example/interface_example/action/detail/arithmetic_checker__builder.hpp
[12.319s] -- Up-to-date symlink: /home/yeon/ros2_workspace/src/ros2_ws/install/interface_example/include/interface_example/interface_example/action/detail/arithmetic_checker__struct.hpp
[12.328s] -- Up-to-date symlink: /home/yeon/ros2_workspace/src/ros2_ws/install/interface_example/include/interface_example/interface_example/action/detail/arithmetic_checker__traits.hpp
[12.330s] -- Up-to-date symlink: /home/yeon/ros2_workspace/src/ros2_ws/install/interface_example/include/interface_example/interface_example/action/detail/fibonacci__builder.hpp
[12.334s] -- Up-to-date symlink: /home/yeon/ros2_workspace/src/ros2_ws/install/interface_example/include/interface_example/interface_example/action/detail/fibonacci__struct.hpp
[12.341s] -- Up-to-date symlink: /home/yeon/ros2_workspace/src/ros2_ws/install/interface_example/include/interface_example/interface_example/action/detail/fibonacci__traits.hpp
[12.341s] -- Up-to-date symlink: /home/yeon/ros2_workspace/src/ros2_ws/install/interface_example/include/interface_example/interface_example/action/fibonacci.hpp
[12.343s] -- Up-to-date symlink: /home/yeon/ros2_workspace/src/ros2_ws/install/interface_example/include/interface_example/interface_example/msg/arithmetic_argument.hpp
[12.343s] -- Up-to-date symlink: /home/yeon/ros2_workspace/src/ros2_ws/install/interface_example/include/interface_example/interface_example/msg/detail/arithmetic_argument__builder.hpp
[12.346s] -- Up-to-date symlink: /home/yeon/ros2_workspace/src/ros2_ws/install/interface_example/include/interface_example/interface_example/msg/detail/arithmetic_argument__struct.hpp
[12.352s] -- Up-to-date symlink: /home/yeon/ros2_workspace/src/ros2_ws/install/interface_example/include/interface_example/interface_example/msg/detail/arithmetic_argument__traits.hpp
[12.358s] -- Up-to-date symlink: /home/yeon/ros2_workspace/src/ros2_ws/install/interface_example/include/interface_example/interface_example/srv/add_two_int.hpp
[12.358s] -- Up-to-date symlink: /home/yeon/ros2_workspace/src/ros2_ws/install/interface_example/include/interface_example/interface_example/srv/arithmetic_operator.hpp
[12.359s] -- Up-to-date symlink: /home/yeon/ros2_workspace/src/ros2_ws/install/interface_example/include/interface_example/interface_example/srv/detail/add_two_int__builder.hpp
[12.360s] -- Up-to-date symlink: /home/yeon/ros2_workspace/src/ros2_ws/install/interface_example/include/interface_example/interface_example/srv/detail/add_two_int__struct.hpp
[12.367s] -- Up-to-date symlink: /home/yeon/ros2_workspace/src/ros2_ws/install/interface_example/include/interface_example/interface_example/srv/detail/add_two_int__traits.hpp
[12.367s] -- Up-to-date symlink: /home/yeon/ros2_workspace/src/ros2_ws/install/interface_example/include/interface_example/interface_example/srv/detail/arithmetic_operator__builder.hpp
[12.371s] -- Up-to-date symlink: /home/yeon/ros2_workspace/src/ros2_ws/install/interface_example/include/interface_example/interface_example/srv/detail/arithmetic_operator__struct.hpp
[12.377s] -- Up-to-date symlink: /home/yeon/ros2_workspace/src/ros2_ws/install/interface_example/include/interface_example/interface_example/srv/detail/arithmetic_operator__traits.hpp
[12.379s] -- Up-to-date symlink: /home/yeon/ros2_workspace/src/ros2_ws/install/interface_example/include/interface_example/interface_example/action/detail/arithmetic_checker__rosidl_typesupport_fastrtps_cpp.hpp
[12.396s] -- Up-to-date symlink: /home/yeon/ros2_workspace/src/ros2_ws/install/interface_example/include/interface_example/interface_example/action/detail/fibonacci__rosidl_typesupport_fastrtps_cpp.hpp
[12.407s] -- Up-to-date symlink: /home/yeon/ros2_workspace/src/ros2_ws/install/interface_example/include/interface_example/interface_example/msg/detail/arithmetic_argument__rosidl_typesupport_fastrtps_cpp.hpp
[12.409s] -- Up-to-date symlink: /home/yeon/ros2_workspace/src/ros2_ws/install/interface_example/include/interface_example/interface_example/msg/rosidl_typesupport_fastrtps_cpp__visibility_control.h
[12.418s] -- Up-to-date symlink: /home/yeon/ros2_workspace/src/ros2_ws/install/interface_example/include/interface_example/interface_example/srv/detail/add_two_int__rosidl_typesupport_fastrtps_cpp.hpp
[12.422s] -- Up-to-date symlink: /home/yeon/ros2_workspace/src/ros2_ws/install/interface_example/include/interface_example/interface_example/srv/detail/arithmetic_operator__rosidl_typesupport_fastrtps_cpp.hpp
[12.428s] -- Up-to-date symlink: /home/yeon/ros2_workspace/src/ros2_ws/install/interface_example/include/interface_example/interface_example/action/detail/arithmetic_checker__rosidl_typesupport_introspection_cpp.hpp
[12.432s] -- Up-to-date symlink: /home/yeon/ros2_workspace/src/ros2_ws/install/interface_example/include/interface_example/interface_example/action/detail/fibonacci__rosidl_typesupport_introspection_cpp.hpp
[12.433s] -- Up-to-date symlink: /home/yeon/ros2_workspace/src/ros2_ws/install/interface_example/include/interface_example/interface_example/msg/detail/arithmetic_argument__rosidl_typesupport_introspection_cpp.hpp
[12.435s] -- Up-to-date symlink: /home/yeon/ros2_workspace/src/ros2_ws/install/interface_example/include/interface_example/interface_example/srv/detail/add_two_int__rosidl_typesupport_introspection_cpp.hpp
[12.446s] -- Up-to-date symlink: /home/yeon/ros2_workspace/src/ros2_ws/install/interface_example/include/interface_example/interface_example/srv/detail/arithmetic_operator__rosidl_typesupport_introspection_cpp.hpp
[12.448s] -- Up-to-date symlink: /home/yeon/ros2_workspace/src/ros2_ws/install/interface_example/share/interface_example/environment/pythonpath.sh
[12.448s] -- Up-to-date symlink: /home/yeon/ros2_workspace/src/ros2_ws/install/interface_example/share/interface_example/environment/pythonpath.dsv
[12.454s] -- Up-to-date symlink: /home/yeon/ros2_workspace/src/ros2_ws/install/interface_example/local/lib/python3.10/dist-packages/interface_example-0.0.0-py3.10.egg-info/PKG-INFO
[12.455s] -- Up-to-date symlink: /home/yeon/ros2_workspace/src/ros2_ws/install/interface_example/local/lib/python3.10/dist-packages/interface_example-0.0.0-py3.10.egg-info/SOURCES.txt
[12.466s] -- Up-to-date symlink: /home/yeon/ros2_workspace/src/ros2_ws/install/interface_example/local/lib/python3.10/dist-packages/interface_example-0.0.0-py3.10.egg-info/dependency_links.txt
[12.468s] -- Up-to-date symlink: /home/yeon/ros2_workspace/src/ros2_ws/install/interface_example/local/lib/python3.10/dist-packages/interface_example-0.0.0-py3.10.egg-info/top_level.txt
[12.496s] -- Up-to-date symlink: /home/yeon/ros2_workspace/src/ros2_ws/install/interface_example/local/lib/python3.10/dist-packages/interface_example/__init__.py
[12.498s] -- Up-to-date symlink: /home/yeon/ros2_workspace/src/ros2_ws/install/interface_example/local/lib/python3.10/dist-packages/interface_example/_interface_example_s.ep.rosidl_typesupport_c.c
[12.503s] -- Up-to-date symlink: /home/yeon/ros2_workspace/src/ros2_ws/install/interface_example/local/lib/python3.10/dist-packages/interface_example/_interface_example_s.ep.rosidl_typesupport_fastrtps_c.c
[12.504s] -- Up-to-date symlink: /home/yeon/ros2_workspace/src/ros2_ws/install/interface_example/local/lib/python3.10/dist-packages/interface_example/_interface_example_s.ep.rosidl_typesupport_introspection_c.c
[12.505s] -- Up-to-date symlink: /home/yeon/ros2_workspace/src/ros2_ws/install/interface_example/local/lib/python3.10/dist-packages/interface_example/action/__init__.py
[12.508s] -- Up-to-date symlink: /home/yeon/ros2_workspace/src/ros2_ws/install/interface_example/local/lib/python3.10/dist-packages/interface_example/action/_arithmetic_checker.py
[12.509s] -- Up-to-date symlink: /home/yeon/ros2_workspace/src/ros2_ws/install/interface_example/local/lib/python3.10/dist-packages/interface_example/action/_arithmetic_checker_s.c
[12.511s] -- Up-to-date symlink: /home/yeon/ros2_workspace/src/ros2_ws/install/interface_example/local/lib/python3.10/dist-packages/interface_example/action/_fibonacci.py
[12.520s] -- Up-to-date symlink: /home/yeon/ros2_workspace/src/ros2_ws/install/interface_example/local/lib/python3.10/dist-packages/interface_example/action/_fibonacci_s.c
[12.521s] -- Up-to-date symlink: /home/yeon/ros2_workspace/src/ros2_ws/install/interface_example/local/lib/python3.10/dist-packages/interface_example/interface_example_s__rosidl_typesupport_c.cpython-310-x86_64-linux-gnu.so
[12.522s] -- Up-to-date symlink: /home/yeon/ros2_workspace/src/ros2_ws/install/interface_example/local/lib/python3.10/dist-packages/interface_example/interface_example_s__rosidl_typesupport_fastrtps_c.cpython-310-x86_64-linux-gnu.so
[12.532s] -- Up-to-date symlink: /home/yeon/ros2_workspace/src/ros2_ws/install/interface_example/local/lib/python3.10/dist-packages/interface_example/interface_example_s__rosidl_typesupport_introspection_c.cpython-310-x86_64-linux-gnu.so
[12.533s] -- Up-to-date symlink: /home/yeon/ros2_workspace/src/ros2_ws/install/interface_example/local/lib/python3.10/dist-packages/interface_example/libinterface_example__rosidl_generator_py.so
[12.537s] -- Up-to-date symlink: /home/yeon/ros2_workspace/src/ros2_ws/install/interface_example/local/lib/python3.10/dist-packages/interface_example/msg/__init__.py
[12.542s] -- Up-to-date symlink: /home/yeon/ros2_workspace/src/ros2_ws/install/interface_example/local/lib/python3.10/dist-packages/interface_example/msg/_arithmetic_argument.py
[12.542s] -- Up-to-date symlink: /home/yeon/ros2_workspace/src/ros2_ws/install/interface_example/local/lib/python3.10/dist-packages/interface_example/msg/_arithmetic_argument_s.c
[12.543s] -- Up-to-date symlink: /home/yeon/ros2_workspace/src/ros2_ws/install/interface_example/local/lib/python3.10/dist-packages/interface_example/srv/__init__.py
[12.552s] -- Up-to-date symlink: /home/yeon/ros2_workspace/src/ros2_ws/install/interface_example/local/lib/python3.10/dist-packages/interface_example/srv/_add_two_int.py
[12.552s] -- Up-to-date symlink: /home/yeon/ros2_workspace/src/ros2_ws/install/interface_example/local/lib/python3.10/dist-packages/interface_example/srv/_add_two_int_s.c
[12.559s] -- Up-to-date symlink: /home/yeon/ros2_workspace/src/ros2_ws/install/interface_example/local/lib/python3.10/dist-packages/interface_example/srv/_arithmetic_operator.py
[12.566s] -- Up-to-date symlink: /home/yeon/ros2_workspace/src/ros2_ws/install/interface_example/local/lib/python3.10/dist-packages/interface_example/srv/_arithmetic_operator_s.c
[12.570s] -- Up-to-date symlink: /home/yeon/ros2_workspace/src/ros2_ws/install/interface_example/local/lib/python3.10/dist-packages/interface_example/interface_example_s__rosidl_typesupport_fastrtps_c.cpython-310-x86_64-linux-gnu.so
[12.573s] -- Up-to-date symlink: /home/yeon/ros2_workspace/src/ros2_ws/install/interface_example/local/lib/python3.10/dist-packages/interface_example/interface_example_s__rosidl_typesupport_introspection_c.cpython-310-x86_64-linux-gnu.so
[12.577s] -- Up-to-date symlink: /home/yeon/ros2_workspace/src/ros2_ws/install/interface_example/local/lib/python3.10/dist-packages/interface_example/interface_example_s__rosidl_typesupport_c.cpython-310-x86_64-linux-gnu.so
[12.578s] -- Up-to-date symlink: /home/yeon/ros2_workspace/src/ros2_ws/install/interface_example/share/interface_example/msg/ArithmeticArgument.idl
[12.582s] -- Up-to-date symlink: /home/yeon/ros2_workspace/src/ros2_ws/install/interface_example/share/interface_example/srv/AddTwoInt.idl
[12.594s] -- Up-to-date symlink: /home/yeon/ros2_workspace/src/ros2_ws/install/interface_example/share/interface_example/srv/ArithmeticOperator.idl
[12.599s] -- Up-to-date symlink: /home/yeon/ros2_workspace/src/ros2_ws/install/interface_example/share/interface_example/action/Fibonacci.idl
[12.603s] -- Up-to-date symlink: /home/yeon/ros2_workspace/src/ros2_ws/install/interface_example/share/interface_example/action/ArithmeticChecker.idl
[12.603s] -- Up-to-date symlink: /home/yeon/ros2_workspace/src/ros2_ws/install/interface_example/share/interface_example/msg/ArithmeticArgument.msg
[12.610s] -- Up-to-date symlink: /home/yeon/ros2_workspace/src/ros2_ws/install/interface_example/share/interface_example/srv/AddTwoInt.srv
[12.615s] -- Up-to-date symlink: /home/yeon/ros2_workspace/src/ros2_ws/install/interface_example/share/interface_example/srv/AddTwoInt_Request.msg
[12.623s] -- Up-to-date symlink: /home/yeon/ros2_workspace/src/ros2_ws/install/interface_example/share/interface_example/srv/AddTwoInt_Response.msg
[12.630s] -- Up-to-date symlink: /home/yeon/ros2_workspace/src/ros2_ws/install/interface_example/share/interface_example/srv/ArithmeticOperator.srv
[12.631s] -- Up-to-date symlink: /home/yeon/ros2_workspace/src/ros2_ws/install/interface_example/share/interface_example/srv/ArithmeticOperator_Request.msg
[12.636s] -- Up-to-date symlink: /home/yeon/ros2_workspace/src/ros2_ws/install/interface_example/share/interface_example/srv/ArithmeticOperator_Response.msg
[12.637s] -- Up-to-date symlink: /home/yeon/ros2_workspace/src/ros2_ws/install/interface_example/share/interface_example/action/Fibonacci.action
[12.664s] -- Up-to-date symlink: /home/yeon/ros2_workspace/src/ros2_ws/install/interface_example/share/interface_example/action/ArithmeticChecker.action
[12.665s] -- Up-to-date symlink: /home/yeon/ros2_workspace/src/ros2_ws/install/interface_example/share/ament_index/resource_index/package_run_dependencies/interface_example
[12.666s] -- Up-to-date symlink: /home/yeon/ros2_workspace/src/ros2_ws/install/interface_example/share/ament_index/resource_index/parent_prefix_path/interface_example
[12.669s] -- Up-to-date symlink: /home/yeon/ros2_workspace/src/ros2_ws/install/interface_example/share/interface_example/environment/ament_prefix_path.sh
[12.673s] -- Up-to-date symlink: /home/yeon/ros2_workspace/src/ros2_ws/install/interface_example/share/interface_example/environment/ament_prefix_path.dsv
[12.689s] -- Up-to-date symlink: /home/yeon/ros2_workspace/src/ros2_ws/install/interface_example/share/interface_example/environment/path.sh
[12.690s] -- Up-to-date symlink: /home/yeon/ros2_workspace/src/ros2_ws/install/interface_example/share/interface_example/environment/path.dsv
[12.690s] -- Up-to-date symlink: /home/yeon/ros2_workspace/src/ros2_ws/install/interface_example/share/interface_example/local_setup.bash
[12.692s] -- Up-to-date symlink: /home/yeon/ros2_workspace/src/ros2_ws/install/interface_example/share/interface_example/local_setup.sh
[12.692s] -- Up-to-date symlink: /home/yeon/ros2_workspace/src/ros2_ws/install/interface_example/share/interface_example/local_setup.zsh
[12.701s] -- Up-to-date symlink: /home/yeon/ros2_workspace/src/ros2_ws/install/interface_example/share/interface_example/local_setup.dsv
[12.701s] -- Symlinking: /home/yeon/ros2_workspace/src/ros2_ws/install/interface_example/share/interface_example/package.dsv
[12.787s] -- Up-to-date symlink: /home/yeon/ros2_workspace/src/ros2_ws/install/interface_example/share/ament_index/resource_index/packages/interface_example
[12.788s] -- Up-to-date symlink: /home/yeon/ros2_workspace/src/ros2_ws/install/interface_example/share/interface_example/cmake/rosidl_cmake-extras.cmake
[12.789s] -- Up-to-date symlink: /home/yeon/ros2_workspace/src/ros2_ws/install/interface_example/share/interface_example/cmake/ament_cmake_export_dependencies-extras.cmake
[12.790s] -- Up-to-date symlink: /home/yeon/ros2_workspace/src/ros2_ws/install/interface_example/share/interface_example/cmake/ament_cmake_export_include_directories-extras.cmake
[12.793s] -- Up-to-date symlink: /home/yeon/ros2_workspace/src/ros2_ws/install/interface_example/share/interface_example/cmake/ament_cmake_export_libraries-extras.cmake
[12.794s] -- Up-to-date symlink: /home/yeon/ros2_workspace/src/ros2_ws/install/interface_example/share/interface_example/cmake/ament_cmake_export_targets-extras.cmake
[12.799s] -- Up-to-date symlink: /home/yeon/ros2_workspace/src/ros2_ws/install/interface_example/share/interface_example/cmake/rosidl_cmake_export_typesupport_targets-extras.cmake
[12.808s] -- Up-to-date symlink: /home/yeon/ros2_workspace/src/ros2_ws/install/interface_example/share/interface_example/cmake/rosidl_cmake_export_typesupport_libraries-extras.cmake
[12.811s] -- Up-to-date symlink: /home/yeon/ros2_workspace/src/ros2_ws/install/interface_example/share/interface_example/cmake/interface_exampleConfig.cmake
[12.813s] -- Up-to-date symlink: /home/yeon/ros2_workspace/src/ros2_ws/install/interface_example/share/interface_example/cmake/interface_exampleConfig-version.cmake
[12.825s] -- Up-to-date symlink: /home/yeon/ros2_workspace/src/ros2_ws/install/interface_example/share/interface_example/package.xml
[12.828s] -- Up-to-date: /home/yeon/ros2_workspace/src/ros2_ws/install/interface_example/lib/libinterface_example__rosidl_generator_c.so
[12.833s] -- Up-to-date: /home/yeon/ros2_workspace/src/ros2_ws/install/interface_example/lib/libinterface_example__rosidl_typesupport_fastrtps_c.so
[12.836s] -- Up-to-date: /home/yeon/ros2_workspace/src/ros2_ws/install/interface_example/lib/libinterface_example__rosidl_typesupport_introspection_c.so
[12.846s] -- Up-to-date: /home/yeon/ros2_workspace/src/ros2_ws/install/interface_example/lib/libinterface_example__rosidl_typesupport_c.so
[12.851s] -- Up-to-date: /home/yeon/ros2_workspace/src/ros2_ws/install/interface_example/lib/libinterface_example__rosidl_typesupport_fastrtps_cpp.so
[12.860s] -- Up-to-date: /home/yeon/ros2_workspace/src/ros2_ws/install/interface_example/lib/libinterface_example__rosidl_typesupport_introspection_cpp.so
[12.868s] -- Up-to-date: /home/yeon/ros2_workspace/src/ros2_ws/install/interface_example/lib/libinterface_example__rosidl_typesupport_cpp.so
[13.334s] Listing '/home/yeon/ros2_workspace/src/ros2_ws/install/interface_example/local/lib/python3.10/dist-packages/interface_example'...
[13.334s] Listing '/home/yeon/ros2_workspace/src/ros2_ws/install/interface_example/local/lib/python3.10/dist-packages/interface_example/action'...
[13.334s] Listing '/home/yeon/ros2_workspace/src/ros2_ws/install/interface_example/local/lib/python3.10/dist-packages/interface_example/msg'...
[13.334s] Listing '/home/yeon/ros2_workspace/src/ros2_ws/install/interface_example/local/lib/python3.10/dist-packages/interface_example/srv'...
[13.389s] -- Up-to-date: /home/yeon/ros2_workspace/src/ros2_ws/install/interface_example/lib/libinterface_example__rosidl_generator_py.so
[13.396s] -- Up-to-date: /home/yeon/ros2_workspace/src/ros2_ws/install/interface_example/share/interface_example/cmake/export_interface_example__rosidl_generator_cExport.cmake
[13.396s] -- Up-to-date: /home/yeon/ros2_workspace/src/ros2_ws/install/interface_example/share/interface_example/cmake/export_interface_example__rosidl_generator_cExport-noconfig.cmake
[13.397s] -- Up-to-date: /home/yeon/ros2_workspace/src/ros2_ws/install/interface_example/share/interface_example/cmake/export_interface_example__rosidl_typesupport_fastrtps_cExport.cmake
[13.397s] -- Up-to-date: /home/yeon/ros2_workspace/src/ros2_ws/install/interface_example/share/interface_example/cmake/export_interface_example__rosidl_typesupport_fastrtps_cExport-noconfig.cmake
[13.404s] -- Up-to-date: /home/yeon/ros2_workspace/src/ros2_ws/install/interface_example/share/interface_example/cmake/interface_example__rosidl_typesupport_introspection_cExport.cmake
[13.405s] -- Up-to-date: /home/yeon/ros2_workspace/src/ros2_ws/install/interface_example/share/interface_example/cmake/interface_example__rosidl_typesupport_introspection_cExport-noconfig.cmake
[13.414s] -- Up-to-date: /home/yeon/ros2_workspace/src/ros2_ws/install/interface_example/share/interface_example/cmake/interface_example__rosidl_typesupport_cExport.cmake
[13.414s] -- Up-to-date: /home/yeon/ros2_workspace/src/ros2_ws/install/interface_example/share/interface_example/cmake/interface_example__rosidl_typesupport_cExport-noconfig.cmake
[13.422s] -- Up-to-date: /home/yeon/ros2_workspace/src/ros2_ws/install/interface_example/share/interface_example/cmake/export_interface_example__rosidl_generator_cppExport.cmake
[13.425s] -- Up-to-date: /home/yeon/ros2_workspace/src/ros2_ws/install/interface_example/share/interface_example/cmake/export_interface_example__rosidl_typesupport_fastrtps_cppExport.cmake
[13.426s] -- Up-to-date: /home/yeon/ros2_workspace/src/ros2_ws/install/interface_example/share/interface_example/cmake/export_interface_example__rosidl_typesupport_fastrtps_cppExport-noconfig.cmake
[13.434s] -- Up-to-date: /home/yeon/ros2_workspace/src/ros2_ws/install/interface_example/share/interface_example/cmake/interface_example__rosidl_typesupport_introspection_cppExport.cmake
[13.435s] -- Up-to-date: /home/yeon/ros2_workspace/src/ros2_ws/install/interface_example/share/interface_example/cmake/interface_example__rosidl_typesupport_introspection_cppExport-noconfig.cmake
[13.436s] -- Up-to-date: /home/yeon/ros2_workspace/src/ros2_ws/install/interface_example/share/interface_example/cmake/interface_example__rosidl_typesupport_cppExport.cmake
[13.436s] -- Up-to-date: /home/yeon/ros2_workspace/src/ros2_ws/install/interface_example/share/interface_example/cmake/interface_example__rosidl_typesupport_cppExport-noconfig.cmake
[13.445s] -- Up-to-date: /home/yeon/ros2_workspace/src/ros2_ws/install/interface_example/share/interface_example/cmake/export_interface_example__rosidl_generator_pyExport.cmake
[13.446s] -- Up-to-date: /home/yeon/ros2_workspace/src/ros2_ws/install/interface_example/share/interface_example/cmake/export_interface_example__rosidl_generator_pyExport-noconfig.cmake
[13.471s] Invoked command in '/home/yeon/ros2_workspace/src/ros2_ws/build/interface_example' returned '0': CMAKE_PREFIX_PATH=${CMAKE_PREFIX_PATH}:/opt/ros/humble /usr/bin/cmake --install /home/yeon/ros2_workspace/src/ros2_ws/build/interface_example
