-- The C compiler identification is GNU 11.4.0
-- The CXX compiler identification is GNU 11.4.0
-- Detecting C compiler ABI info
-- Detecting C compiler ABI info - done
-- Check for working C compiler: /usr/bin/cc - skipped
-- Detecting C compile features
-- Detecting C compile features - done
-- Detecting CXX compiler ABI info
-- Detecting CXX compiler ABI info - done
-- Check for working CXX compiler: /usr/bin/c++ - skipped
-- Detecting CXX compile features
-- Detecting CXX compile features - done
-- Found ament_cmake: 1.3.9 (/opt/ros/humble/share/ament_cmake/cmake)
-- Found Python3: /usr/bin/python3 (found version "3.10.12") found components: Interpreter 
-- Override CMake install command with custom implementation using symlinks instead of copying resources
-- Found rclcpp: 16.0.9 (/opt/ros/humble/share/rclcpp/cmake)
-- Found rosidl_generator_c: 3.1.5 (/opt/ros/humble/share/rosidl_generator_c/cmake)
-- Found rosidl_adapter: 3.1.5 (/opt/ros/humble/share/rosidl_adapter/cmake)
-- Found rosidl_generator_cpp: 3.1.5 (/opt/ros/humble/share/rosidl_generator_cpp/cmake)
-- Using all available rosidl_typesupport_c: rosidl_typesupport_fastrtps_c;rosidl_typesupport_introspection_c
-- Using all available rosidl_typesupport_cpp: rosidl_typesupport_fastrtps_cpp;rosidl_typesupport_introspection_cpp
-- Found rmw_implementation_cmake: 6.1.2 (/opt/ros/humble/share/rmw_implementation_cmake/cmake)
-- Found rmw_fastrtps_cpp: 6.2.6 (/opt/ros/humble/share/rmw_fastrtps_cpp/cmake)
-- Found OpenSSL: /usr/lib/x86_64-linux-gnu/libcrypto.so (found version "3.0.2")  
-- Found FastRTPS: /opt/ros/humble/include  
-- Using RMW implementation 'rmw_fastrtps_cpp' as default
-- Looking for pthread.h
-- Looking for pthread.h - found
-- Performing Test CMAKE_HAVE_LIBC_PTHREAD
-- Performing Test CMAKE_HAVE_LIBC_PTHREAD - Success
-- Found Threads: TRUE  
-- Found geometry_msgs: 4.2.4 (/opt/ros/humble/share/geometry_msgs/cmake)
-- Found nav_msgs: 4.2.4 (/opt/ros/humble/share/nav_msgs/cmake)
-- Found turtlesim: 1.4.2 (/opt/ros/humble/share/turtlesim/cmake)
-- Found tf2: 0.25.7 (/opt/ros/humble/share/tf2/cmake)
-- Found rclcpp_action: 16.0.9 (/opt/ros/humble/share/rclcpp_action/cmake)
-- Found sensor_msgs: 4.2.4 (/opt/ros/humble/share/sensor_msgs/cmake)
-- Found cv_bridge: 3.2.1 (/opt/ros/humble/share/cv_bridge/cmake)
-- Found OpenCV: /usr (found version "4.5.4") 
-- Found ament_lint_auto: 0.12.11 (/opt/ros/humble/share/ament_lint_auto/cmake)
-- Added test 'cppcheck' to perform static code analysis on C / C++ code
-- Configured cppcheck include dirs: /home/yeon/ros2_workspace/src/ros2_ws/movesim/include
-- Configured cppcheck exclude dirs and/or files: 
-- Added test 'lint_cmake' to check CMake code style
-- Added test 'uncrustify' to check C / C++ code style
-- Configured uncrustify additional arguments: 
-- Added test 'xmllint' to check XML markup files
-- Configuring done
-- Generating done
-- Build files have been written to: /home/yeon/ros2_workspace/src/ros2_ws/build/movesim
[  5%] [32mBuilding CXX object CMakeFiles/moveTurtleSim.dir/src/moveTurtleSim.cpp.o[0m
[ 10%] [32mBuilding CXX object CMakeFiles/moveTurtleSim.dir/src/moveTurtle.cpp.o[0m
[ 15%] [32m[1mLinking CXX executable moveTurtleSim[0m
[ 15%] Built target moveTurtleSim
[ 21%] [32mBuilding CXX object CMakeFiles/moveTurtleBot.dir/src/moveTurtleBot.cpp.o[0m
[ 26%] [32mBuilding CXX object CMakeFiles/moveTurtleBot.dir/src/moveTurtleBotcpp.cpp.o[0m
[ 31%] [32m[1mLinking CXX executable moveTurtleBot[0m
[ 31%] Built target moveTurtleBot
[ 36%] [32mBuilding CXX object CMakeFiles/moveTurtleBot2.dir/src/moveTurtleBot2.cpp.o[0m
[ 42%] [32mBuilding CXX object CMakeFiles/moveTurtleBot2.dir/src/moveTurtleBotcpp2.cpp.o[0m
[ 47%] [32m[1mLinking CXX executable moveTurtleBot2[0m
[ 47%] Built target moveTurtleBot2
[ 52%] [32mBuilding CXX object CMakeFiles/rotate_turtle.dir/src/rotate_turtle.cpp.o[0m
[ 57%] [32m[1mLinking CXX executable rotate_turtle[0m
[ 57%] Built target rotate_turtle
[ 63%] [32mBuilding CXX object CMakeFiles/canny_camera.dir/src/canny_camera.cpp.o[0m
[ 68%] [32m[1mLinking CXX executable canny_camera[0m
[ 68%] Built target canny_camera
[ 73%] [32mBuilding CXX object CMakeFiles/canny_camera2.dir/src/canny_camera2.cpp.o[0m
[ 78%] [32m[1mLinking CXX executable canny_camera2[0m
[ 78%] Built target canny_camera2
[ 84%] [32mBuilding CXX object CMakeFiles/simple_ridar.dir/src/simple_ridar.cpp.o[0m
[ 89%] [32m[1mLinking CXX executable simple_ridar[0m
[ 89%] Built target simple_ridar
[ 94%] [32mBuilding CXX object CMakeFiles/stay_thirty.dir/src/stay_thirty.cpp.o[0m
[100%] [32m[1mLinking CXX executable stay_thirty[0m
[100%] Built target stay_thirty
-- Install configuration: ""
-- Execute custom install script
-- Symlinking: /home/yeon/ros2_workspace/src/ros2_ws/install/movesim/lib/movesim/moveTurtleSim
-- Symlinking: /home/yeon/ros2_workspace/src/ros2_ws/install/movesim/lib/movesim/moveTurtleBot
-- Symlinking: /home/yeon/ros2_workspace/src/ros2_ws/install/movesim/lib/movesim/moveTurtleBot2
-- Symlinking: /home/yeon/ros2_workspace/src/ros2_ws/install/movesim/lib/movesim/rotate_turtle
-- Symlinking: /home/yeon/ros2_workspace/src/ros2_ws/install/movesim/lib/movesim/canny_camera
-- Symlinking: /home/yeon/ros2_workspace/src/ros2_ws/install/movesim/lib/movesim/canny_camera2
-- Symlinking: /home/yeon/ros2_workspace/src/ros2_ws/install/movesim/lib/movesim/simple_ridar
-- Symlinking: /home/yeon/ros2_workspace/src/ros2_ws/install/movesim/lib/movesim/stay_thirty
-- Symlinking: /home/yeon/ros2_workspace/src/ros2_ws/install/movesim/share/ament_index/resource_index/package_run_dependencies/movesim
-- Symlinking: /home/yeon/ros2_workspace/src/ros2_ws/install/movesim/share/ament_index/resource_index/parent_prefix_path/movesim
-- Symlinking: /home/yeon/ros2_workspace/src/ros2_ws/install/movesim/share/movesim/environment/ament_prefix_path.sh
-- Symlinking: /home/yeon/ros2_workspace/src/ros2_ws/install/movesim/share/movesim/environment/ament_prefix_path.dsv
-- Symlinking: /home/yeon/ros2_workspace/src/ros2_ws/install/movesim/share/movesim/environment/path.sh
-- Symlinking: /home/yeon/ros2_workspace/src/ros2_ws/install/movesim/share/movesim/environment/path.dsv
-- Symlinking: /home/yeon/ros2_workspace/src/ros2_ws/install/movesim/share/movesim/local_setup.bash
-- Symlinking: /home/yeon/ros2_workspace/src/ros2_ws/install/movesim/share/movesim/local_setup.sh
-- Symlinking: /home/yeon/ros2_workspace/src/ros2_ws/install/movesim/share/movesim/local_setup.zsh
-- Symlinking: /home/yeon/ros2_workspace/src/ros2_ws/install/movesim/share/movesim/local_setup.dsv
-- Symlinking: /home/yeon/ros2_workspace/src/ros2_ws/install/movesim/share/movesim/package.dsv
-- Symlinking: /home/yeon/ros2_workspace/src/ros2_ws/install/movesim/share/ament_index/resource_index/packages/movesim
-- Symlinking: /home/yeon/ros2_workspace/src/ros2_ws/install/movesim/share/movesim/cmake/movesimConfig.cmake
-- Symlinking: /home/yeon/ros2_workspace/src/ros2_ws/install/movesim/share/movesim/cmake/movesimConfig-version.cmake
-- Symlinking: /home/yeon/ros2_workspace/src/ros2_ws/install/movesim/share/movesim/package.xml
