[0.070s] Invoking command in '/home/yeon/ros2_workspace/src/ros2_ws/build/movesim': CMAKE_PREFIX_PATH=${CMAKE_PREFIX_PATH}:/opt/ros/humble /usr/bin/cmake /home/yeon/ros2_workspace/src/ros2_ws/movesim -DAMENT_CMAKE_SYMLINK_INSTALL=1 -DCMAKE_INSTALL_PREFIX=/home/yeon/ros2_workspace/src/ros2_ws/install/movesim
[0.957s] -- The C compiler identification is GNU 11.4.0
[1.643s] -- The CXX compiler identification is GNU 11.4.0
[1.740s] -- Detecting C compiler ABI info
[2.535s] -- Detecting C compiler ABI info - done
[2.667s] -- Check for working C compiler: /usr/bin/cc - skipped
[2.673s] -- Detecting C compile features
[2.692s] -- Detecting C compile features - done
[2.751s] -- Detecting CXX compiler ABI info
[3.783s] -- Detecting CXX compiler ABI info - done
[3.863s] -- Check for working CXX compiler: /usr/bin/c++ - skipped
[3.871s] -- Detecting CXX compile features
[3.882s] -- Detecting CXX compile features - done
[3.959s] -- Found ament_cmake: 1.3.9 (/opt/ros/humble/share/ament_cmake/cmake)
[5.664s] -- Found Python3: /usr/bin/python3 (found version "3.10.12") found components: Interpreter 
[6.569s] -- Override CMake install command with custom implementation using symlinks instead of copying resources
[6.973s] -- Found rclcpp: 16.0.9 (/opt/ros/humble/share/rclcpp/cmake)
[7.768s] -- Found rosidl_generator_c: 3.1.5 (/opt/ros/humble/share/rosidl_generator_c/cmake)
[7.876s] -- Found rosidl_adapter: 3.1.5 (/opt/ros/humble/share/rosidl_adapter/cmake)
[7.987s] -- Found rosidl_generator_cpp: 3.1.5 (/opt/ros/humble/share/rosidl_generator_cpp/cmake)
[8.158s] -- Using all available rosidl_typesupport_c: rosidl_typesupport_fastrtps_c;rosidl_typesupport_introspection_c
[8.442s] -- Using all available rosidl_typesupport_cpp: rosidl_typesupport_fastrtps_cpp;rosidl_typesupport_introspection_cpp
[9.276s] -- Found rmw_implementation_cmake: 6.1.2 (/opt/ros/humble/share/rmw_implementation_cmake/cmake)
[9.316s] -- Found rmw_fastrtps_cpp: 6.2.6 (/opt/ros/humble/share/rmw_fastrtps_cpp/cmake)
[10.203s] -- Found OpenSSL: /usr/lib/x86_64-linux-gnu/libcrypto.so (found version "3.0.2")  
[10.524s] -- Found FastRTPS: /opt/ros/humble/include  
[11.040s] -- Using RMW implementation 'rmw_fastrtps_cpp' as default
[11.266s] -- Looking for pthread.h
[12.171s] -- Looking for pthread.h - found
[12.177s] -- Performing Test CMAKE_HAVE_LIBC_PTHREAD
[12.963s] -- Performing Test CMAKE_HAVE_LIBC_PTHREAD - Success
[12.972s] -- Found Threads: TRUE  
[14.720s] -- Found geometry_msgs: 4.2.4 (/opt/ros/humble/share/geometry_msgs/cmake)
[15.088s] -- Found nav_msgs: 4.2.4 (/opt/ros/humble/share/nav_msgs/cmake)
[15.893s] -- Found turtlesim: 1.4.2 (/opt/ros/humble/share/turtlesim/cmake)
[17.094s] -- Found tf2: 0.25.7 (/opt/ros/humble/share/tf2/cmake)
[17.186s] -- Found rclcpp_action: 16.0.9 (/opt/ros/humble/share/rclcpp_action/cmake)
[17.487s] -- Found sensor_msgs: 4.2.4 (/opt/ros/humble/share/sensor_msgs/cmake)
[18.293s] -- Found cv_bridge: 3.2.1 (/opt/ros/humble/share/cv_bridge/cmake)
[18.526s] -- Found OpenCV: /usr (found version "4.5.4") 
[18.728s] -- Found ament_lint_auto: 0.12.11 (/opt/ros/humble/share/ament_lint_auto/cmake)
[19.887s] -- Added test 'cppcheck' to perform static code analysis on C / C++ code
[19.888s] -- Configured cppcheck include dirs: /home/yeon/ros2_workspace/src/ros2_ws/movesim/include
[19.889s] -- Configured cppcheck exclude dirs and/or files: 
[19.907s] -- Added test 'lint_cmake' to check CMake code style
[19.918s] -- Added test 'uncrustify' to check C / C++ code style
[19.921s] -- Configured uncrustify additional arguments: 
[19.937s] -- Added test 'xmllint' to check XML markup files
[19.973s] -- Configuring done
[20.498s] -- Generating done
[20.522s] -- Build files have been written to: /home/yeon/ros2_workspace/src/ros2_ws/build/movesim
[20.642s] Invoked command in '/home/yeon/ros2_workspace/src/ros2_ws/build/movesim' returned '0': CMAKE_PREFIX_PATH=${CMAKE_PREFIX_PATH}:/opt/ros/humble /usr/bin/cmake /home/yeon/ros2_workspace/src/ros2_ws/movesim -DAMENT_CMAKE_SYMLINK_INSTALL=1 -DCMAKE_INSTALL_PREFIX=/home/yeon/ros2_workspace/src/ros2_ws/install/movesim
[20.645s] Invoking command in '/home/yeon/ros2_workspace/src/ros2_ws/build/movesim': CMAKE_PREFIX_PATH=${CMAKE_PREFIX_PATH}:/opt/ros/humble /usr/bin/cmake --build /home/yeon/ros2_workspace/src/ros2_ws/build/movesim -- -j2 -l2
[21.090s] [  5%] [32mBuilding CXX object CMakeFiles/moveTurtleSim.dir/src/moveTurtleSim.cpp.o[0m
[56.013s] [ 10%] [32mBuilding CXX object CMakeFiles/moveTurtleSim.dir/src/moveTurtle.cpp.o[0m
[109.702s] [ 15%] [32m[1mLinking CXX executable moveTurtleSim[0m
[111.672s] [ 15%] Built target moveTurtleSim
[111.815s] [ 21%] [32mBuilding CXX object CMakeFiles/moveTurtleBot.dir/src/moveTurtleBot.cpp.o[0m
[144.223s] [ 26%] [32mBuilding CXX object CMakeFiles/moveTurtleBot.dir/src/moveTurtleBotcpp.cpp.o[0m
[248.502s] [ 31%] [32m[1mLinking CXX executable moveTurtleBot[0m
[251.760s] [ 31%] Built target moveTurtleBot
[252.014s] [ 36%] [32mBuilding CXX object CMakeFiles/moveTurtleBot2.dir/src/moveTurtleBot2.cpp.o[0m
[287.968s] [ 42%] [32mBuilding CXX object CMakeFiles/moveTurtleBot2.dir/src/moveTurtleBotcpp2.cpp.o[0m
[515.628s] [ 47%] [32m[1mLinking CXX executable moveTurtleBot2[0m
[519.269s] [ 47%] Built target moveTurtleBot2
[519.469s] [ 52%] [32mBuilding CXX object CMakeFiles/rotate_turtle.dir/src/rotate_turtle.cpp.o[0m
[567.968s] [ 57%] [32m[1mLinking CXX executable rotate_turtle[0m
[570.151s] [ 57%] Built target rotate_turtle
[570.475s] [ 63%] [32mBuilding CXX object CMakeFiles/canny_camera.dir/src/canny_camera.cpp.o[0m
[812.101s] [ 68%] [32m[1mLinking CXX executable canny_camera[0m
[818.926s] [ 68%] Built target canny_camera
[819.155s] [ 73%] [32mBuilding CXX object CMakeFiles/canny_camera2.dir/src/canny_camera2.cpp.o[0m
[1034.450s] [ 78%] [32m[1mLinking CXX executable canny_camera2[0m
[1041.895s] [ 78%] Built target canny_camera2
[1042.103s] [ 84%] [32mBuilding CXX object CMakeFiles/simple_ridar.dir/src/simple_ridar.cpp.o[0m
[1148.930s] [ 89%] [32m[1mLinking CXX executable simple_ridar[0m
[1152.088s] [ 89%] Built target simple_ridar
[1152.273s] [ 94%] [32mBuilding CXX object CMakeFiles/stay_thirty.dir/src/stay_thirty.cpp.o[0m
[1317.789s] [100%] [32m[1mLinking CXX executable stay_thirty[0m
[1320.861s] [100%] Built target stay_thirty
[1321.227s] Invoked command in '/home/yeon/ros2_workspace/src/ros2_ws/build/movesim' returned '0': CMAKE_PREFIX_PATH=${CMAKE_PREFIX_PATH}:/opt/ros/humble /usr/bin/cmake --build /home/yeon/ros2_workspace/src/ros2_ws/build/movesim -- -j2 -l2
[1321.778s] Invoking command in '/home/yeon/ros2_workspace/src/ros2_ws/build/movesim': CMAKE_PREFIX_PATH=${CMAKE_PREFIX_PATH}:/opt/ros/humble /usr/bin/cmake --install /home/yeon/ros2_workspace/src/ros2_ws/build/movesim
[1321.837s] -- Install configuration: ""
[1321.837s] -- Execute custom install script
[1321.844s] -- Symlinking: /home/yeon/ros2_workspace/src/ros2_ws/install/movesim/lib/movesim/moveTurtleSim
[1321.889s] -- Symlinking: /home/yeon/ros2_workspace/src/ros2_ws/install/movesim/lib/movesim/moveTurtleBot
[1321.977s] -- Symlinking: /home/yeon/ros2_workspace/src/ros2_ws/install/movesim/lib/movesim/moveTurtleBot2
[1322.045s] -- Symlinking: /home/yeon/ros2_workspace/src/ros2_ws/install/movesim/lib/movesim/rotate_turtle
[1322.131s] -- Symlinking: /home/yeon/ros2_workspace/src/ros2_ws/install/movesim/lib/movesim/canny_camera
[1322.197s] -- Symlinking: /home/yeon/ros2_workspace/src/ros2_ws/install/movesim/lib/movesim/canny_camera2
[1322.230s] -- Symlinking: /home/yeon/ros2_workspace/src/ros2_ws/install/movesim/lib/movesim/simple_ridar
[1322.259s] -- Symlinking: /home/yeon/ros2_workspace/src/ros2_ws/install/movesim/lib/movesim/stay_thirty
[1322.287s] -- Symlinking: /home/yeon/ros2_workspace/src/ros2_ws/install/movesim/share/ament_index/resource_index/package_run_dependencies/movesim
[1322.310s] -- Symlinking: /home/yeon/ros2_workspace/src/ros2_ws/install/movesim/share/ament_index/resource_index/parent_prefix_path/movesim
[1322.359s] -- Symlinking: /home/yeon/ros2_workspace/src/ros2_ws/install/movesim/share/movesim/environment/ament_prefix_path.sh
[1322.399s] -- Symlinking: /home/yeon/ros2_workspace/src/ros2_ws/install/movesim/share/movesim/environment/ament_prefix_path.dsv
[1322.483s] -- Symlinking: /home/yeon/ros2_workspace/src/ros2_ws/install/movesim/share/movesim/environment/path.sh
[1322.561s] -- Symlinking: /home/yeon/ros2_workspace/src/ros2_ws/install/movesim/share/movesim/environment/path.dsv
[1322.641s] -- Symlinking: /home/yeon/ros2_workspace/src/ros2_ws/install/movesim/share/movesim/local_setup.bash
[1322.707s] -- Symlinking: /home/yeon/ros2_workspace/src/ros2_ws/install/movesim/share/movesim/local_setup.sh
[1322.801s] -- Symlinking: /home/yeon/ros2_workspace/src/ros2_ws/install/movesim/share/movesim/local_setup.zsh
[1322.859s] -- Symlinking: /home/yeon/ros2_workspace/src/ros2_ws/install/movesim/share/movesim/local_setup.dsv
[1322.943s] -- Symlinking: /home/yeon/ros2_workspace/src/ros2_ws/install/movesim/share/movesim/package.dsv
[1323.021s] -- Symlinking: /home/yeon/ros2_workspace/src/ros2_ws/install/movesim/share/ament_index/resource_index/packages/movesim
[1323.118s] -- Symlinking: /home/yeon/ros2_workspace/src/ros2_ws/install/movesim/share/movesim/cmake/movesimConfig.cmake
[1323.196s] -- Symlinking: /home/yeon/ros2_workspace/src/ros2_ws/install/movesim/share/movesim/cmake/movesimConfig-version.cmake
[1323.270s] -- Symlinking: /home/yeon/ros2_workspace/src/ros2_ws/install/movesim/share/movesim/package.xml
[1323.361s] Invoked command in '/home/yeon/ros2_workspace/src/ros2_ws/build/movesim' returned '0': CMAKE_PREFIX_PATH=${CMAKE_PREFIX_PATH}:/opt/ros/humble /usr/bin/cmake --install /home/yeon/ros2_workspace/src/ros2_ws/build/movesim
