-- Found ament_cmake: 1.3.9 (/opt/ros/humble/share/ament_cmake/cmake)
-- Override CMake install command with custom implementation using symlinks instead of copying resources
-- Found rclcpp: 16.0.9 (/opt/ros/humble/share/rclcpp/cmake)
-- Found rosidl_generator_c: 3.1.5 (/opt/ros/humble/share/rosidl_generator_c/cmake)
-- Found rosidl_adapter: 3.1.5 (/opt/ros/humble/share/rosidl_adapter/cmake)
-- Found rosidl_generator_cpp: 3.1.5 (/opt/ros/humble/share/rosidl_generator_cpp/cmake)
-- Using all available rosidl_typesupport_c: rosidl_typesupport_fastrtps_c;rosidl_typesupport_introspection_c
-- Using all available rosidl_typesupport_cpp: rosidl_typesupport_fastrtps_cpp;rosidl_typesupport_introspection_cpp
-- Found rmw_implementation_cmake: 6.1.2 (/opt/ros/humble/share/rmw_implementation_cmake/cmake)
-- Found rmw_fastrtps_cpp: 6.2.6 (/opt/ros/humble/share/rmw_fastrtps_cpp/cmake)
-- Using RMW implementation 'rmw_fastrtps_cpp' as default
-- Found geometry_msgs: 4.2.4 (/opt/ros/humble/share/geometry_msgs/cmake)
-- Found nav_msgs: 4.2.4 (/opt/ros/humble/share/nav_msgs/cmake)
-- Found turtlesim: 1.4.2 (/opt/ros/humble/share/turtlesim/cmake)
-- Found tf2: 0.25.7 (/opt/ros/humble/share/tf2/cmake)
-- Found rclcpp_action: 16.0.9 (/opt/ros/humble/share/rclcpp_action/cmake)
-- Found sensor_msgs: 4.2.4 (/opt/ros/humble/share/sensor_msgs/cmake)
-- Found cv_bridge: 3.2.1 (/opt/ros/humble/share/cv_bridge/cmake)
-- Found ament_lint_auto: 0.12.11 (/opt/ros/humble/share/ament_lint_auto/cmake)
-- Added test 'cppcheck' to perform static code analysis on C / C++ code
-- Configured cppcheck include dirs: /home/yeon/ros2_workspace/src/ros2_ws/movesim/include
-- Configured cppcheck exclude dirs and/or files: 
-- Added test 'lint_cmake' to check CMake code style
-- Added test 'uncrustify' to check C / C++ code style
-- Configured uncrustify additional arguments: 
-- Added test 'xmllint' to check XML markup files
-- Configuring done
-- Generating done
-- Build files have been written to: /home/yeon/ros2_workspace/src/ros2_ws/build/movesim
[35m[1mConsolidate compiler generated dependencies of target moveTurtleSim[0m
[ 14%] Built target moveTurtleSim
[35m[1mConsolidate compiler generated dependencies of target moveTurtleBot[0m
[ 28%] Built target moveTurtleBot
[35m[1mConsolidate compiler generated dependencies of target moveTurtleBot2[0m
[ 42%] Built target moveTurtleBot2
[35m[1mConsolidate compiler generated dependencies of target rotate_turtle[0m
[ 52%] Built target rotate_turtle
[35m[1mConsolidate compiler generated dependencies of target canny_camera[0m
[ 61%] Built target canny_camera
[35m[1mConsolidate compiler generated dependencies of target canny_camera2[0m
[ 71%] Built target canny_camera2
[35m[1mConsolidate compiler generated dependencies of target simple_ridar[0m
[ 80%] Built target simple_ridar
[35m[1mConsolidate compiler generated dependencies of target stay_thirty[0m
[ 85%] [32mBuilding CXX object CMakeFiles/stay_thirty.dir/src/stay_thirty.cpp.o[0m
[ 90%] [32m[1mLinking CXX executable stay_thirty[0m
[ 90%] Built target stay_thirty
[ 95%] [32mBuilding CXX object CMakeFiles/follow_wall.dir/src/follow_wall.cpp.o[0m
[100%] [32m[1mLinking CXX executable follow_wall[0m
[100%] Built target follow_wall
-- Install configuration: ""
-- Execute custom install script
-- Up-to-date symlink: /home/yeon/ros2_workspace/src/ros2_ws/install/movesim/lib/movesim/moveTurtleSim
-- Up-to-date symlink: /home/yeon/ros2_workspace/src/ros2_ws/install/movesim/lib/movesim/moveTurtleBot
-- Up-to-date symlink: /home/yeon/ros2_workspace/src/ros2_ws/install/movesim/lib/movesim/moveTurtleBot2
-- Up-to-date symlink: /home/yeon/ros2_workspace/src/ros2_ws/install/movesim/lib/movesim/rotate_turtle
-- Up-to-date symlink: /home/yeon/ros2_workspace/src/ros2_ws/install/movesim/lib/movesim/canny_camera
-- Up-to-date symlink: /home/yeon/ros2_workspace/src/ros2_ws/install/movesim/lib/movesim/canny_camera2
-- Up-to-date symlink: /home/yeon/ros2_workspace/src/ros2_ws/install/movesim/lib/movesim/simple_ridar
-- Up-to-date symlink: /home/yeon/ros2_workspace/src/ros2_ws/install/movesim/lib/movesim/stay_thirty
-- Symlinking: /home/yeon/ros2_workspace/src/ros2_ws/install/movesim/lib/movesim/follow_wall
-- Up-to-date symlink: /home/yeon/ros2_workspace/src/ros2_ws/install/movesim/share/ament_index/resource_index/package_run_dependencies/movesim
-- Up-to-date symlink: /home/yeon/ros2_workspace/src/ros2_ws/install/movesim/share/ament_index/resource_index/parent_prefix_path/movesim
-- Up-to-date symlink: /home/yeon/ros2_workspace/src/ros2_ws/install/movesim/share/movesim/environment/ament_prefix_path.sh
-- Up-to-date symlink: /home/yeon/ros2_workspace/src/ros2_ws/install/movesim/share/movesim/environment/ament_prefix_path.dsv
-- Up-to-date symlink: /home/yeon/ros2_workspace/src/ros2_ws/install/movesim/share/movesim/environment/path.sh
-- Up-to-date symlink: /home/yeon/ros2_workspace/src/ros2_ws/install/movesim/share/movesim/environment/path.dsv
-- Up-to-date symlink: /home/yeon/ros2_workspace/src/ros2_ws/install/movesim/share/movesim/local_setup.bash
-- Up-to-date symlink: /home/yeon/ros2_workspace/src/ros2_ws/install/movesim/share/movesim/local_setup.sh
-- Up-to-date symlink: /home/yeon/ros2_workspace/src/ros2_ws/install/movesim/share/movesim/local_setup.zsh
-- Up-to-date symlink: /home/yeon/ros2_workspace/src/ros2_ws/install/movesim/share/movesim/local_setup.dsv
-- Symlinking: /home/yeon/ros2_workspace/src/ros2_ws/install/movesim/share/movesim/package.dsv
-- Up-to-date symlink: /home/yeon/ros2_workspace/src/ros2_ws/install/movesim/share/ament_index/resource_index/packages/movesim
-- Up-to-date symlink: /home/yeon/ros2_workspace/src/ros2_ws/install/movesim/share/movesim/cmake/movesimConfig.cmake
-- Up-to-date symlink: /home/yeon/ros2_workspace/src/ros2_ws/install/movesim/share/movesim/cmake/movesimConfig-version.cmake
-- Up-to-date symlink: /home/yeon/ros2_workspace/src/ros2_ws/install/movesim/share/movesim/package.xml
