[0.172s] Invoking command in '/home/yeon/ros2_workspace/src/ros2_ws/build/movesim': CMAKE_PREFIX_PATH=${CMAKE_PREFIX_PATH}:/opt/ros/humble /usr/bin/cmake --build /home/yeon/ros2_workspace/src/ros2_ws/build/movesim -- -j2 -l2
[0.702s] -- Found ament_cmake: 1.3.9 (/opt/ros/humble/share/ament_cmake/cmake)
[2.871s] -- Override CMake install command with custom implementation using symlinks instead of copying resources
[3.001s] -- Found rclcpp: 16.0.9 (/opt/ros/humble/share/rclcpp/cmake)
[3.479s] -- Found rosidl_generator_c: 3.1.5 (/opt/ros/humble/share/rosidl_generator_c/cmake)
[3.525s] -- Found rosidl_adapter: 3.1.5 (/opt/ros/humble/share/rosidl_adapter/cmake)
[3.660s] -- Found rosidl_generator_cpp: 3.1.5 (/opt/ros/humble/share/rosidl_generator_cpp/cmake)
[3.830s] -- Using all available rosidl_typesupport_c: rosidl_typesupport_fastrtps_c;rosidl_typesupport_introspection_c
[4.118s] -- Using all available rosidl_typesupport_cpp: rosidl_typesupport_fastrtps_cpp;rosidl_typesupport_introspection_cpp
[5.001s] -- Found rmw_implementation_cmake: 6.1.2 (/opt/ros/humble/share/rmw_implementation_cmake/cmake)
[5.035s] -- Found rmw_fastrtps_cpp: 6.2.6 (/opt/ros/humble/share/rmw_fastrtps_cpp/cmake)
[6.651s] -- Using RMW implementation 'rmw_fastrtps_cpp' as default
[7.863s] -- Found geometry_msgs: 4.2.4 (/opt/ros/humble/share/geometry_msgs/cmake)
[8.473s] -- Found nav_msgs: 4.2.4 (/opt/ros/humble/share/nav_msgs/cmake)
[9.410s] -- Found turtlesim: 1.4.2 (/opt/ros/humble/share/turtlesim/cmake)
[10.847s] -- Found tf2: 0.25.7 (/opt/ros/humble/share/tf2/cmake)
[10.972s] -- Found rclcpp_action: 16.0.9 (/opt/ros/humble/share/rclcpp_action/cmake)
[11.281s] -- Found sensor_msgs: 4.2.4 (/opt/ros/humble/share/sensor_msgs/cmake)
[12.015s] -- Found cv_bridge: 3.2.1 (/opt/ros/humble/share/cv_bridge/cmake)
[12.666s] -- Found ament_lint_auto: 0.12.11 (/opt/ros/humble/share/ament_lint_auto/cmake)
[13.543s] -- Added test 'cppcheck' to perform static code analysis on C / C++ code
[13.565s] -- Configured cppcheck include dirs: /home/yeon/ros2_workspace/src/ros2_ws/movesim/include
[13.566s] -- Configured cppcheck exclude dirs and/or files: 
[13.629s] -- Added test 'lint_cmake' to check CMake code style
[13.727s] -- Added test 'uncrustify' to check C / C++ code style
[13.727s] -- Configured uncrustify additional arguments: 
[13.789s] -- Added test 'xmllint' to check XML markup files
[13.872s] -- Configuring done
[14.460s] -- Generating done
[14.488s] -- Build files have been written to: /home/yeon/ros2_workspace/src/ros2_ws/build/movesim
[14.789s] [35m[1mConsolidate compiler generated dependencies of target moveTurtleSim[0m
[15.011s] [ 14%] Built target moveTurtleSim
[15.101s] [35m[1mConsolidate compiler generated dependencies of target moveTurtleBot[0m
[15.201s] [ 28%] Built target moveTurtleBot
[15.337s] [35m[1mConsolidate compiler generated dependencies of target moveTurtleBot2[0m
[15.480s] [ 42%] Built target moveTurtleBot2
[15.590s] [35m[1mConsolidate compiler generated dependencies of target rotate_turtle[0m
[15.746s] [ 52%] Built target rotate_turtle
[15.839s] [35m[1mConsolidate compiler generated dependencies of target canny_camera[0m
[16.053s] [ 61%] Built target canny_camera
[16.155s] [35m[1mConsolidate compiler generated dependencies of target canny_camera2[0m
[16.285s] [ 71%] Built target canny_camera2
[16.429s] [35m[1mConsolidate compiler generated dependencies of target simple_ridar[0m
[16.629s] [ 80%] Built target simple_ridar
[16.750s] [35m[1mConsolidate compiler generated dependencies of target stay_thirty[0m
[16.879s] [ 85%] [32mBuilding CXX object CMakeFiles/stay_thirty.dir/src/stay_thirty.cpp.o[0m
[81.944s] [ 90%] [32m[1mLinking CXX executable stay_thirty[0m
[84.143s] [ 90%] Built target stay_thirty
[84.321s] [ 95%] [32mBuilding CXX object CMakeFiles/follow_wall.dir/src/follow_wall.cpp.o[0m
[150.054s] [100%] [32m[1mLinking CXX executable follow_wall[0m
[152.726s] [100%] Built target follow_wall
[153.002s] Invoked command in '/home/yeon/ros2_workspace/src/ros2_ws/build/movesim' returned '0': CMAKE_PREFIX_PATH=${CMAKE_PREFIX_PATH}:/opt/ros/humble /usr/bin/cmake --build /home/yeon/ros2_workspace/src/ros2_ws/build/movesim -- -j2 -l2
[153.573s] Invoking command in '/home/yeon/ros2_workspace/src/ros2_ws/build/movesim': CMAKE_PREFIX_PATH=${CMAKE_PREFIX_PATH}:/opt/ros/humble /usr/bin/cmake --install /home/yeon/ros2_workspace/src/ros2_ws/build/movesim
[153.644s] -- Install configuration: ""
[153.652s] -- Execute custom install script
[153.664s] -- Up-to-date symlink: /home/yeon/ros2_workspace/src/ros2_ws/install/movesim/lib/movesim/moveTurtleSim
[153.665s] -- Up-to-date symlink: /home/yeon/ros2_workspace/src/ros2_ws/install/movesim/lib/movesim/moveTurtleBot
[153.666s] -- Up-to-date symlink: /home/yeon/ros2_workspace/src/ros2_ws/install/movesim/lib/movesim/moveTurtleBot2
[153.670s] -- Up-to-date symlink: /home/yeon/ros2_workspace/src/ros2_ws/install/movesim/lib/movesim/rotate_turtle
[153.671s] -- Up-to-date symlink: /home/yeon/ros2_workspace/src/ros2_ws/install/movesim/lib/movesim/canny_camera
[153.673s] -- Up-to-date symlink: /home/yeon/ros2_workspace/src/ros2_ws/install/movesim/lib/movesim/canny_camera2
[153.674s] -- Up-to-date symlink: /home/yeon/ros2_workspace/src/ros2_ws/install/movesim/lib/movesim/simple_ridar
[153.678s] -- Up-to-date symlink: /home/yeon/ros2_workspace/src/ros2_ws/install/movesim/lib/movesim/stay_thirty
[153.678s] -- Symlinking: /home/yeon/ros2_workspace/src/ros2_ws/install/movesim/lib/movesim/follow_wall
[153.768s] -- Up-to-date symlink: /home/yeon/ros2_workspace/src/ros2_ws/install/movesim/share/ament_index/resource_index/package_run_dependencies/movesim
[153.771s] -- Up-to-date symlink: /home/yeon/ros2_workspace/src/ros2_ws/install/movesim/share/ament_index/resource_index/parent_prefix_path/movesim
[153.779s] -- Up-to-date symlink: /home/yeon/ros2_workspace/src/ros2_ws/install/movesim/share/movesim/environment/ament_prefix_path.sh
[153.781s] -- Up-to-date symlink: /home/yeon/ros2_workspace/src/ros2_ws/install/movesim/share/movesim/environment/ament_prefix_path.dsv
[153.783s] -- Up-to-date symlink: /home/yeon/ros2_workspace/src/ros2_ws/install/movesim/share/movesim/environment/path.sh
[153.784s] -- Up-to-date symlink: /home/yeon/ros2_workspace/src/ros2_ws/install/movesim/share/movesim/environment/path.dsv
[153.785s] -- Up-to-date symlink: /home/yeon/ros2_workspace/src/ros2_ws/install/movesim/share/movesim/local_setup.bash
[153.787s] -- Up-to-date symlink: /home/yeon/ros2_workspace/src/ros2_ws/install/movesim/share/movesim/local_setup.sh
[153.789s] -- Up-to-date symlink: /home/yeon/ros2_workspace/src/ros2_ws/install/movesim/share/movesim/local_setup.zsh
[153.791s] -- Up-to-date symlink: /home/yeon/ros2_workspace/src/ros2_ws/install/movesim/share/movesim/local_setup.dsv
[153.791s] -- Symlinking: /home/yeon/ros2_workspace/src/ros2_ws/install/movesim/share/movesim/package.dsv
[153.849s] -- Up-to-date symlink: /home/yeon/ros2_workspace/src/ros2_ws/install/movesim/share/ament_index/resource_index/packages/movesim
[153.850s] -- Up-to-date symlink: /home/yeon/ros2_workspace/src/ros2_ws/install/movesim/share/movesim/cmake/movesimConfig.cmake
[153.851s] -- Up-to-date symlink: /home/yeon/ros2_workspace/src/ros2_ws/install/movesim/share/movesim/cmake/movesimConfig-version.cmake
[153.853s] -- Up-to-date symlink: /home/yeon/ros2_workspace/src/ros2_ws/install/movesim/share/movesim/package.xml
[153.871s] Invoked command in '/home/yeon/ros2_workspace/src/ros2_ws/build/movesim' returned '0': CMAKE_PREFIX_PATH=${CMAKE_PREFIX_PATH}:/opt/ros/humble /usr/bin/cmake --install /home/yeon/ros2_workspace/src/ros2_ws/build/movesim
