[35m[1mConsolidate compiler generated dependencies of target helloworld[0m
[  5%] Built target helloworld
[35m[1mConsolidate compiler generated dependencies of target helloOpenCV[0m
[ 11%] Built target helloOpenCV
[35m[1mConsolidate compiler generated dependencies of target hello_publisher[0m
[ 17%] Built target hello_publisher
[35m[1mConsolidate compiler generated dependencies of target hello_publisher2[0m
[ 23%] Built target hello_publisher2
[35m[1mConsolidate compiler generated dependencies of target hello_publisher_class[0m
[ 29%] Built target hello_publisher_class
[35m[1mConsolidate compiler generated dependencies of target hello_publisher_class2[0m
[ 38%] Built target hello_publisher_class2
[35m[1mConsolidate compiler generated dependencies of target hello_subscriber_class[0m
[ 47%] Built target hello_subscriber_class
[35m[1mConsolidate compiler generated dependencies of target time_publisher_class[0m
[ 55%] Built target time_publisher_class
[35m[1mConsolidate compiler generated dependencies of target time_subscriber_class[0m
[ 64%] Built target time_subscriber_class
[35m[1mConsolidate compiler generated dependencies of target simple_service_server[0m
[ 70%] Built target simple_service_server
[35m[1mConsolidate compiler generated dependencies of target simple_service_client[0m
[ 76%] Built target simple_service_client
[35m[1mConsolidate compiler generated dependencies of target simple_service_client2[0m
[ 82%] Built target simple_service_client2
[35m[1mConsolidate compiler generated dependencies of target simple_action_server[0m
[ 88%] Built target simple_action_server
[35m[1mConsolidate compiler generated dependencies of target simple_action_client[0m
[ 94%] Built target simple_action_client
[35m[1mConsolidate compiler generated dependencies of target cpp_parameter_node[0m
[100%] Built target cpp_parameter_node
-- Install configuration: ""
-- Execute custom install script
-- Up-to-date symlink: /home/yeon/ros2_workspace/src/ros2_ws/install/simple_pkg_cpp/lib/simple_pkg_cpp/helloworld
-- Up-to-date symlink: /home/yeon/ros2_workspace/src/ros2_ws/install/simple_pkg_cpp/lib/simple_pkg_cpp/helloOpenCV
-- Up-to-date symlink: /home/yeon/ros2_workspace/src/ros2_ws/install/simple_pkg_cpp/lib/simple_pkg_cpp/hello_publisher
-- Up-to-date symlink: /home/yeon/ros2_workspace/src/ros2_ws/install/simple_pkg_cpp/lib/simple_pkg_cpp/hello_publisher2
-- Up-to-date symlink: /home/yeon/ros2_workspace/src/ros2_ws/install/simple_pkg_cpp/lib/simple_pkg_cpp/hello_publisher_class
-- Up-to-date symlink: /home/yeon/ros2_workspace/src/ros2_ws/install/simple_pkg_cpp/lib/simple_pkg_cpp/hello_publisher_class2
-- Up-to-date symlink: /home/yeon/ros2_workspace/src/ros2_ws/install/simple_pkg_cpp/lib/simple_pkg_cpp/hello_subscriber_class
-- Up-to-date symlink: /home/yeon/ros2_workspace/src/ros2_ws/install/simple_pkg_cpp/lib/simple_pkg_cpp/time_publisher_class
-- Up-to-date symlink: /home/yeon/ros2_workspace/src/ros2_ws/install/simple_pkg_cpp/lib/simple_pkg_cpp/time_subscriber_class
-- Up-to-date symlink: /home/yeon/ros2_workspace/src/ros2_ws/install/simple_pkg_cpp/lib/simple_pkg_cpp/simple_service_server
-- Up-to-date symlink: /home/yeon/ros2_workspace/src/ros2_ws/install/simple_pkg_cpp/lib/simple_pkg_cpp/simple_service_client
-- Up-to-date symlink: /home/yeon/ros2_workspace/src/ros2_ws/install/simple_pkg_cpp/lib/simple_pkg_cpp/simple_service_client2
-- Up-to-date symlink: /home/yeon/ros2_workspace/src/ros2_ws/install/simple_pkg_cpp/lib/simple_pkg_cpp/simple_action_server
-- Up-to-date symlink: /home/yeon/ros2_workspace/src/ros2_ws/install/simple_pkg_cpp/lib/simple_pkg_cpp/simple_action_client
-- Up-to-date symlink: /home/yeon/ros2_workspace/src/ros2_ws/install/simple_pkg_cpp/lib/simple_pkg_cpp/cpp_parameter_node
-- Up-to-date symlink: /home/yeon/ros2_workspace/src/ros2_ws/install/simple_pkg_cpp/share/simple_pkg_cpp/launch/action.launch.py
-- Up-to-date symlink: /home/yeon/ros2_workspace/src/ros2_ws/install/simple_pkg_cpp/share/simple_pkg_cpp/launch/service.launch.py
-- Up-to-date symlink: /home/yeon/ros2_workspace/src/ros2_ws/install/simple_pkg_cpp/share/simple_pkg_cpp/param/service.yaml
-- Up-to-date symlink: /home/yeon/ros2_workspace/src/ros2_ws/install/simple_pkg_cpp/share/ament_index/resource_index/package_run_dependencies/simple_pkg_cpp
-- Up-to-date symlink: /home/yeon/ros2_workspace/src/ros2_ws/install/simple_pkg_cpp/share/ament_index/resource_index/parent_prefix_path/simple_pkg_cpp
-- Up-to-date symlink: /home/yeon/ros2_workspace/src/ros2_ws/install/simple_pkg_cpp/share/simple_pkg_cpp/environment/ament_prefix_path.sh
-- Up-to-date symlink: /home/yeon/ros2_workspace/src/ros2_ws/install/simple_pkg_cpp/share/simple_pkg_cpp/environment/ament_prefix_path.dsv
-- Up-to-date symlink: /home/yeon/ros2_workspace/src/ros2_ws/install/simple_pkg_cpp/share/simple_pkg_cpp/environment/path.sh
-- Up-to-date symlink: /home/yeon/ros2_workspace/src/ros2_ws/install/simple_pkg_cpp/share/simple_pkg_cpp/environment/path.dsv
-- Up-to-date symlink: /home/yeon/ros2_workspace/src/ros2_ws/install/simple_pkg_cpp/share/simple_pkg_cpp/local_setup.bash
-- Up-to-date symlink: /home/yeon/ros2_workspace/src/ros2_ws/install/simple_pkg_cpp/share/simple_pkg_cpp/local_setup.sh
-- Up-to-date symlink: /home/yeon/ros2_workspace/src/ros2_ws/install/simple_pkg_cpp/share/simple_pkg_cpp/local_setup.zsh
-- Up-to-date symlink: /home/yeon/ros2_workspace/src/ros2_ws/install/simple_pkg_cpp/share/simple_pkg_cpp/local_setup.dsv
-- Symlinking: /home/yeon/ros2_workspace/src/ros2_ws/install/simple_pkg_cpp/share/simple_pkg_cpp/package.dsv
-- Up-to-date symlink: /home/yeon/ros2_workspace/src/ros2_ws/install/simple_pkg_cpp/share/ament_index/resource_index/packages/simple_pkg_cpp
-- Up-to-date symlink: /home/yeon/ros2_workspace/src/ros2_ws/install/simple_pkg_cpp/share/simple_pkg_cpp/cmake/simple_pkg_cppConfig.cmake
-- Up-to-date symlink: /home/yeon/ros2_workspace/src/ros2_ws/install/simple_pkg_cpp/share/simple_pkg_cpp/cmake/simple_pkg_cppConfig-version.cmake
-- Up-to-date symlink: /home/yeon/ros2_workspace/src/ros2_ws/install/simple_pkg_cpp/share/simple_pkg_cpp/package.xml
