[0.108s] Invoking command in '/home/yeon/ros2_workspace/src/ros2_ws/build/simple_pkg_cpp': CMAKE_PREFIX_PATH=${CMAKE_PREFIX_PATH}:/opt/ros/humble /usr/bin/cmake --build /home/yeon/ros2_workspace/src/ros2_ws/build/simple_pkg_cpp -- -j2 -l2
[0.672s] [35m[1mConsolidate compiler generated dependencies of target helloworld[0m
[0.850s] [  5%] Built target helloworld
[0.998s] [35m[1mConsolidate compiler generated dependencies of target helloOpenCV[0m
[1.146s] [ 11%] Built target helloOpenCV
[1.240s] [35m[1mConsolidate compiler generated dependencies of target hello_publisher[0m
[1.445s] [ 17%] Built target hello_publisher
[1.516s] [35m[1mConsolidate compiler generated dependencies of target hello_publisher2[0m
[1.653s] [ 23%] Built target hello_publisher2
[1.743s] [35m[1mConsolidate compiler generated dependencies of target hello_publisher_class[0m
[2.011s] [ 29%] Built target hello_publisher_class
[2.212s] [35m[1mConsolidate compiler generated dependencies of target hello_publisher_class2[0m
[2.403s] [ 38%] Built target hello_publisher_class2
[2.578s] [35m[1mConsolidate compiler generated dependencies of target hello_subscriber_class[0m
[2.750s] [ 47%] Built target hello_subscriber_class
[2.952s] [35m[1mConsolidate compiler generated dependencies of target time_publisher_class[0m
[3.173s] [ 55%] Built target time_publisher_class
[3.363s] [35m[1mConsolidate compiler generated dependencies of target time_subscriber_class[0m
[3.554s] [ 64%] Built target time_subscriber_class
[3.605s] [35m[1mConsolidate compiler generated dependencies of target simple_service_server[0m
[3.752s] [ 70%] Built target simple_service_server
[3.836s] [35m[1mConsolidate compiler generated dependencies of target simple_service_client[0m
[4.027s] [ 76%] Built target simple_service_client
[4.122s] [35m[1mConsolidate compiler generated dependencies of target simple_service_client2[0m
[4.424s] [ 82%] Built target simple_service_client2
[4.562s] [35m[1mConsolidate compiler generated dependencies of target simple_action_server[0m
[4.726s] [ 88%] Built target simple_action_server
[4.778s] [35m[1mConsolidate compiler generated dependencies of target simple_action_client[0m
[4.911s] [ 94%] Built target simple_action_client
[5.019s] [35m[1mConsolidate compiler generated dependencies of target cpp_parameter_node[0m
[5.180s] [100%] Built target cpp_parameter_node
[5.295s] Invoked command in '/home/yeon/ros2_workspace/src/ros2_ws/build/simple_pkg_cpp' returned '0': CMAKE_PREFIX_PATH=${CMAKE_PREFIX_PATH}:/opt/ros/humble /usr/bin/cmake --build /home/yeon/ros2_workspace/src/ros2_ws/build/simple_pkg_cpp -- -j2 -l2
[6.369s] Invoking command in '/home/yeon/ros2_workspace/src/ros2_ws/build/simple_pkg_cpp': CMAKE_PREFIX_PATH=${CMAKE_PREFIX_PATH}:/opt/ros/humble /usr/bin/cmake --install /home/yeon/ros2_workspace/src/ros2_ws/build/simple_pkg_cpp
[6.471s] -- Install configuration: ""
[6.471s] -- Execute custom install script
[6.480s] -- Up-to-date symlink: /home/yeon/ros2_workspace/src/ros2_ws/install/simple_pkg_cpp/lib/simple_pkg_cpp/helloworld
[6.480s] -- Up-to-date symlink: /home/yeon/ros2_workspace/src/ros2_ws/install/simple_pkg_cpp/lib/simple_pkg_cpp/helloOpenCV
[6.483s] -- Up-to-date symlink: /home/yeon/ros2_workspace/src/ros2_ws/install/simple_pkg_cpp/lib/simple_pkg_cpp/hello_publisher
[6.486s] -- Up-to-date symlink: /home/yeon/ros2_workspace/src/ros2_ws/install/simple_pkg_cpp/lib/simple_pkg_cpp/hello_publisher2
[6.488s] -- Up-to-date symlink: /home/yeon/ros2_workspace/src/ros2_ws/install/simple_pkg_cpp/lib/simple_pkg_cpp/hello_publisher_class
[6.489s] -- Up-to-date symlink: /home/yeon/ros2_workspace/src/ros2_ws/install/simple_pkg_cpp/lib/simple_pkg_cpp/hello_publisher_class2
[6.490s] -- Up-to-date symlink: /home/yeon/ros2_workspace/src/ros2_ws/install/simple_pkg_cpp/lib/simple_pkg_cpp/hello_subscriber_class
[6.493s] -- Up-to-date symlink: /home/yeon/ros2_workspace/src/ros2_ws/install/simple_pkg_cpp/lib/simple_pkg_cpp/time_publisher_class
[6.495s] -- Up-to-date symlink: /home/yeon/ros2_workspace/src/ros2_ws/install/simple_pkg_cpp/lib/simple_pkg_cpp/time_subscriber_class
[6.496s] -- Up-to-date symlink: /home/yeon/ros2_workspace/src/ros2_ws/install/simple_pkg_cpp/lib/simple_pkg_cpp/simple_service_server
[6.499s] -- Up-to-date symlink: /home/yeon/ros2_workspace/src/ros2_ws/install/simple_pkg_cpp/lib/simple_pkg_cpp/simple_service_client
[6.501s] -- Up-to-date symlink: /home/yeon/ros2_workspace/src/ros2_ws/install/simple_pkg_cpp/lib/simple_pkg_cpp/simple_service_client2
[6.502s] -- Up-to-date symlink: /home/yeon/ros2_workspace/src/ros2_ws/install/simple_pkg_cpp/lib/simple_pkg_cpp/simple_action_server
[6.504s] -- Up-to-date symlink: /home/yeon/ros2_workspace/src/ros2_ws/install/simple_pkg_cpp/lib/simple_pkg_cpp/simple_action_client
[6.507s] -- Up-to-date symlink: /home/yeon/ros2_workspace/src/ros2_ws/install/simple_pkg_cpp/lib/simple_pkg_cpp/cpp_parameter_node
[6.513s] -- Up-to-date symlink: /home/yeon/ros2_workspace/src/ros2_ws/install/simple_pkg_cpp/share/simple_pkg_cpp/launch/action.launch.py
[6.516s] -- Up-to-date symlink: /home/yeon/ros2_workspace/src/ros2_ws/install/simple_pkg_cpp/share/simple_pkg_cpp/launch/service.launch.py
[6.520s] -- Up-to-date symlink: /home/yeon/ros2_workspace/src/ros2_ws/install/simple_pkg_cpp/share/simple_pkg_cpp/param/service.yaml
[6.529s] -- Up-to-date symlink: /home/yeon/ros2_workspace/src/ros2_ws/install/simple_pkg_cpp/share/ament_index/resource_index/package_run_dependencies/simple_pkg_cpp
[6.531s] -- Up-to-date symlink: /home/yeon/ros2_workspace/src/ros2_ws/install/simple_pkg_cpp/share/ament_index/resource_index/parent_prefix_path/simple_pkg_cpp
[6.536s] -- Up-to-date symlink: /home/yeon/ros2_workspace/src/ros2_ws/install/simple_pkg_cpp/share/simple_pkg_cpp/environment/ament_prefix_path.sh
[6.538s] -- Up-to-date symlink: /home/yeon/ros2_workspace/src/ros2_ws/install/simple_pkg_cpp/share/simple_pkg_cpp/environment/ament_prefix_path.dsv
[6.540s] -- Up-to-date symlink: /home/yeon/ros2_workspace/src/ros2_ws/install/simple_pkg_cpp/share/simple_pkg_cpp/environment/path.sh
[6.541s] -- Up-to-date symlink: /home/yeon/ros2_workspace/src/ros2_ws/install/simple_pkg_cpp/share/simple_pkg_cpp/environment/path.dsv
[6.544s] -- Up-to-date symlink: /home/yeon/ros2_workspace/src/ros2_ws/install/simple_pkg_cpp/share/simple_pkg_cpp/local_setup.bash
[6.546s] -- Up-to-date symlink: /home/yeon/ros2_workspace/src/ros2_ws/install/simple_pkg_cpp/share/simple_pkg_cpp/local_setup.sh
[6.549s] -- Up-to-date symlink: /home/yeon/ros2_workspace/src/ros2_ws/install/simple_pkg_cpp/share/simple_pkg_cpp/local_setup.zsh
[6.550s] -- Up-to-date symlink: /home/yeon/ros2_workspace/src/ros2_ws/install/simple_pkg_cpp/share/simple_pkg_cpp/local_setup.dsv
[6.551s] -- Symlinking: /home/yeon/ros2_workspace/src/ros2_ws/install/simple_pkg_cpp/share/simple_pkg_cpp/package.dsv
[6.584s] -- Up-to-date symlink: /home/yeon/ros2_workspace/src/ros2_ws/install/simple_pkg_cpp/share/ament_index/resource_index/packages/simple_pkg_cpp
[6.586s] -- Up-to-date symlink: /home/yeon/ros2_workspace/src/ros2_ws/install/simple_pkg_cpp/share/simple_pkg_cpp/cmake/simple_pkg_cppConfig.cmake
[6.587s] -- Up-to-date symlink: /home/yeon/ros2_workspace/src/ros2_ws/install/simple_pkg_cpp/share/simple_pkg_cpp/cmake/simple_pkg_cppConfig-version.cmake
[6.593s] -- Up-to-date symlink: /home/yeon/ros2_workspace/src/ros2_ws/install/simple_pkg_cpp/share/simple_pkg_cpp/package.xml
[6.614s] Invoked command in '/home/yeon/ros2_workspace/src/ros2_ws/build/simple_pkg_cpp' returned '0': CMAKE_PREFIX_PATH=${CMAKE_PREFIX_PATH}:/opt/ros/humble /usr/bin/cmake --install /home/yeon/ros2_workspace/src/ros2_ws/build/simple_pkg_cpp
