In file included from [01m[K/opt/ros/humble/include/rclcpp/rclcpp/logging.hpp:24[m[K,
                 from [01m[K/opt/ros/humble/include/rclcpp/rclcpp/client.hpp:40[m[K,
                 from [01m[K/opt/ros/humble/include/rclcpp/rclcpp/callback_group.hpp:24[m[K,
                 from [01m[K/opt/ros/humble/include/rclcpp/rclcpp/any_executable.hpp:20[m[K,
                 from [01m[K/opt/ros/humble/include/rclcpp/rclcpp/memory_strategy.hpp:25[m[K,
                 from [01m[K/opt/ros/humble/include/rclcpp/rclcpp/memory_strategies.hpp:18[m[K,
                 from [01m[K/opt/ros/humble/include/rclcpp/rclcpp/executor_options.hpp:20[m[K,
                 from [01m[K/opt/ros/humble/include/rclcpp/rclcpp/executor.hpp:37[m[K,
                 from [01m[K/opt/ros/humble/include/rclcpp/rclcpp/executors/multi_threaded_executor.hpp:25[m[K,
                 from [01m[K/opt/ros/humble/include/rclcpp/rclcpp/executors.hpp:21[m[K,
                 from [01m[K/opt/ros/humble/include/rclcpp/rclcpp/rclcpp.hpp:155[m[K,
                 from [01m[K/home/yeon/ros2_workspace/src/ros2_ws/simple_pkg_cpp/src/simple_service_client.cpp:2[m[K:
[01m[K/home/yeon/ros2_workspace/src/ros2_ws/simple_pkg_cpp/src/simple_service_client.cpp:[m[K In member function ‘[01m[Kvoid SimpleServiceClient::send_request()[m[K’:
[01m[K/home/yeon/ros2_workspace/src/ros2_ws/simple_pkg_cpp/src/simple_service_client.cpp:37:39:[m[K [01;35m[Kwarning: [m[Kformat ‘[01m[K%ld[m[K’ expects argument of type ‘[01m[Klong int[m[K’, but argument 7 has type ‘[01m[Kint[m[K’ [[01;35m[K]8;;https://gcc.gnu.org/onlinedocs/gcc/Warning-Options.html#index-Wformat=-Wformat=]8;;[m[K]
   37 |             RCLCPP_INFO(get_logger(), [01;35m[K"Result of %d + %d = %ld"[m[K, _a, _b, [32m[Kresult.get()->sum[m[K);
      |                                       [01;35m[K^~~~~~~~~~~~~~~~~~~~~~~~~[m[K          [32m[K~~~~~~~~~~~~~~~~~[m[K
      |                                                                                        [32m[K|[m[K
      |                                                                                        [32m[Kint[m[K
[01m[K/home/yeon/ros2_workspace/src/ros2_ws/simple_pkg_cpp/src/simple_service_client.cpp:37:62:[m[K [01;36m[Knote: [m[Kformat string is defined here
   37 |             RCLCPP_INFO(get_logger(), "Result of %d + %d = [01;36m[K%ld[m[K", _a, _b, result.get()->sum);
      |                                                            [01;36m[K~~^[m[K
      |                                                              [01;36m[K|[m[K
      |                                                              [01;36m[Klong int[m[K
      |                                                            [32m[K%d[m[K
In file included from [01m[K/opt/ros/humble/include/rclcpp/rclcpp/logging.hpp:24[m[K,
                 from [01m[K/opt/ros/humble/include/rclcpp/rclcpp/client.hpp:40[m[K,
                 from [01m[K/opt/ros/humble/include/rclcpp/rclcpp/callback_group.hpp:24[m[K,
                 from [01m[K/opt/ros/humble/include/rclcpp/rclcpp/any_executable.hpp:20[m[K,
                 from [01m[K/opt/ros/humble/include/rclcpp/rclcpp/memory_strategy.hpp:25[m[K,
                 from [01m[K/opt/ros/humble/include/rclcpp/rclcpp/memory_strategies.hpp:18[m[K,
                 from [01m[K/opt/ros/humble/include/rclcpp/rclcpp/executor_options.hpp:20[m[K,
                 from [01m[K/opt/ros/humble/include/rclcpp/rclcpp/executor.hpp:37[m[K,
                 from [01m[K/opt/ros/humble/include/rclcpp/rclcpp/executors/multi_threaded_executor.hpp:25[m[K,
                 from [01m[K/opt/ros/humble/include/rclcpp/rclcpp/executors.hpp:21[m[K,
                 from [01m[K/opt/ros/humble/include/rclcpp/rclcpp/rclcpp.hpp:155[m[K,
                 from [01m[K/home/yeon/ros2_workspace/src/ros2_ws/simple_pkg_cpp/src/simple_service_client2.cpp:4[m[K:
[01m[K/home/yeon/ros2_workspace/src/ros2_ws/simple_pkg_cpp/src/simple_service_client2.cpp:[m[K In member function ‘[01m[Kvoid SimpleServiceClient::response_callback(rclcpp::Client<interface_example::srv::AddTwoInt>::SharedFuture)[m[K’:
[01m[K/home/yeon/ros2_workspace/src/ros2_ws/simple_pkg_cpp/src/simple_service_client2.cpp:62:39:[m[K [01;35m[Kwarning: [m[Kformat ‘[01m[K%ld[m[K’ expects argument of type ‘[01m[Klong int[m[K’, but argument 7 has type ‘[01m[Kint[m[K’ [[01;35m[K]8;;https://gcc.gnu.org/onlinedocs/gcc/Warning-Options.html#index-Wformat=-Wformat=]8;;[m[K]
   62 |             RCLCPP_INFO(get_logger(), [01;35m[K"Result of %d + %d = %ld"[m[K, _a, _b, [32m[Kfuture.get()->sum[m[K);
      |                                       [01;35m[K^~~~~~~~~~~~~~~~~~~~~~~~~[m[K          [32m[K~~~~~~~~~~~~~~~~~[m[K
      |                                                                                        [32m[K|[m[K
      |                                                                                        [32m[Kint[m[K
[01m[K/home/yeon/ros2_workspace/src/ros2_ws/simple_pkg_cpp/src/simple_service_client2.cpp:62:62:[m[K [01;36m[Knote: [m[Kformat string is defined here
   62 |             RCLCPP_INFO(get_logger(), "Result of %d + %d = [01;36m[K%ld[m[K", _a, _b, future.get()->sum);
      |                                                            [01;36m[K~~^[m[K
      |                                                              [01;36m[K|[m[K
      |                                                              [01;36m[Klong int[m[K
      |                                                            [32m[K%d[m[K
