-- The C compiler identification is GNU 11.4.0
-- The CXX compiler identification is GNU 11.4.0
-- Detecting C compiler ABI info
-- Detecting C compiler ABI info - done
-- Check for working C compiler: /usr/bin/cc - skipped
-- Detecting C compile features
-- Detecting C compile features - done
-- Detecting CXX compiler ABI info
-- Detecting CXX compiler ABI info - done
-- Check for working CXX compiler: /usr/bin/c++ - skipped
-- Detecting CXX compile features
-- Detecting CXX compile features - done
-- Found ament_cmake: 1.3.9 (/opt/ros/humble/share/ament_cmake/cmake)
-- Found Python3: /usr/bin/python3 (found version "3.10.12") found components: Interpreter 
-- Override CMake install command with custom implementation using symlinks instead of copying resources
-- Found rclcpp: 16.0.9 (/opt/ros/humble/share/rclcpp/cmake)
-- Found rosidl_generator_c: 3.1.5 (/opt/ros/humble/share/rosidl_generator_c/cmake)
-- Found rosidl_adapter: 3.1.5 (/opt/ros/humble/share/rosidl_adapter/cmake)
-- Found rosidl_generator_cpp: 3.1.5 (/opt/ros/humble/share/rosidl_generator_cpp/cmake)
-- Using all available rosidl_typesupport_c: rosidl_typesupport_fastrtps_c;rosidl_typesupport_introspection_c
-- Using all available rosidl_typesupport_cpp: rosidl_typesupport_fastrtps_cpp;rosidl_typesupport_introspection_cpp
-- Found rmw_implementation_cmake: 6.1.2 (/opt/ros/humble/share/rmw_implementation_cmake/cmake)
-- Found rmw_fastrtps_cpp: 6.2.6 (/opt/ros/humble/share/rmw_fastrtps_cpp/cmake)
-- Found OpenSSL: /usr/lib/x86_64-linux-gnu/libcrypto.so (found version "3.0.2")  
-- Found FastRTPS: /opt/ros/humble/include  
-- Using RMW implementation 'rmw_fastrtps_cpp' as default
-- Looking for pthread.h
-- Looking for pthread.h - found
-- Performing Test CMAKE_HAVE_LIBC_PTHREAD
-- Performing Test CMAKE_HAVE_LIBC_PTHREAD - Success
-- Found Threads: TRUE  
-- Found OpenCV: /usr (found version "4.5.4") 
-- Found interface_example: 0.0.0 (/home/yeon/ros2_workspace/install/interface_example/share/interface_example/cmake)
-- Found rclcpp_action: 16.0.9 (/opt/ros/humble/share/rclcpp_action/cmake)
-- Found ament_lint_auto: 0.12.11 (/opt/ros/humble/share/ament_lint_auto/cmake)
-- Added test 'cppcheck' to perform static code analysis on C / C++ code
-- Configured cppcheck include dirs: /home/yeon/ros2_workspace/src/ros2_ws/simple_pkg_cpp/include
-- Configured cppcheck exclude dirs and/or files: 
-- Added test 'flake8' to check Python code syntax and style conventions
-- Added test 'lint_cmake' to check CMake code style
-- Added test 'pep257' to check Python code against some of the docstring style conventions in PEP 257
-- Added test 'uncrustify' to check C / C++ code style
-- Configured uncrustify additional arguments: 
-- Added test 'xmllint' to check XML markup files
-- Configuring done
-- Generating done
-- Build files have been written to: /home/yeon/ros2_workspace/src/ros2_ws/build/simple_pkg_cpp
[  2%] [32mBuilding CXX object CMakeFiles/helloworld.dir/src/helloworld.cpp.o[0m
[  5%] [32m[1mLinking CXX executable helloworld[0m
[  5%] Built target helloworld
[  8%] [32mBuilding CXX object CMakeFiles/helloOpenCV.dir/src/helloOpenCV.cpp.o[0m
[ 11%] [32m[1mLinking CXX executable helloOpenCV[0m
[ 11%] Built target helloOpenCV
[ 14%] [32mBuilding CXX object CMakeFiles/hello_publisher.dir/src/hello_publisher.cpp.o[0m
[ 17%] [32m[1mLinking CXX executable hello_publisher[0m
[ 17%] Built target hello_publisher
[ 20%] [32mBuilding CXX object CMakeFiles/hello_publisher2.dir/src/hello_publisher2.cpp.o[0m
[ 23%] [32m[1mLinking CXX executable hello_publisher2[0m
[ 23%] Built target hello_publisher2
[ 26%] [32mBuilding CXX object CMakeFiles/hello_publisher_class.dir/src/hello_publisher_class.cpp.o[0m
[ 29%] [32m[1mLinking CXX executable hello_publisher_class[0m
[ 29%] Built target hello_publisher_class
[ 32%] [32mBuilding CXX object CMakeFiles/hello_publisher_class2.dir/src/hello_publisher_class2.cpp.o[0m
[ 35%] [32mBuilding CXX object CMakeFiles/hello_publisher_class2.dir/src/publisher.cpp.o[0m
[ 38%] [32m[1mLinking CXX executable hello_publisher_class2[0m
[ 38%] Built target hello_publisher_class2
[ 41%] [32mBuilding CXX object CMakeFiles/hello_subscriber_class.dir/src/hello_subscriber_class.cpp.o[0m
[ 44%] [32mBuilding CXX object CMakeFiles/hello_subscriber_class.dir/src/subscriber.cpp.o[0m
[ 47%] [32m[1mLinking CXX executable hello_subscriber_class[0m
[ 47%] Built target hello_subscriber_class
[ 50%] [32mBuilding CXX object CMakeFiles/time_publisher_class.dir/src/time_publisher_class.cpp.o[0m
[ 52%] [32mBuilding CXX object CMakeFiles/time_publisher_class.dir/src/time_pub.cpp.o[0m
[ 55%] [32m[1mLinking CXX executable time_publisher_class[0m
[ 55%] Built target time_publisher_class
[ 58%] [32mBuilding CXX object CMakeFiles/time_subscriber_class.dir/src/time_subscriber_class.cpp.o[0m
[ 61%] [32mBuilding CXX object CMakeFiles/time_subscriber_class.dir/src/time_sub.cpp.o[0m
[ 64%] [32m[1mLinking CXX executable time_subscriber_class[0m
[ 64%] Built target time_subscriber_class
[ 67%] [32mBuilding CXX object CMakeFiles/simple_service_server.dir/src/simple_service_server.cpp.o[0m
[ 70%] [32m[1mLinking CXX executable simple_service_server[0m
[ 70%] Built target simple_service_server
[ 73%] [32mBuilding CXX object CMakeFiles/simple_service_client.dir/src/simple_service_client.cpp.o[0m
In file included from [01m[K/opt/ros/humble/include/rclcpp/rclcpp/logging.hpp:24[m[K,
                 from [01m[K/opt/ros/humble/include/rclcpp/rclcpp/client.hpp:40[m[K,
                 from [01m[K/opt/ros/humble/include/rclcpp/rclcpp/callback_group.hpp:24[m[K,
                 from [01m[K/opt/ros/humble/include/rclcpp/rclcpp/any_executable.hpp:20[m[K,
                 from [01m[K/opt/ros/humble/include/rclcpp/rclcpp/memory_strategy.hpp:25[m[K,
                 from [01m[K/opt/ros/humble/include/rclcpp/rclcpp/memory_strategies.hpp:18[m[K,
                 from [01m[K/opt/ros/humble/include/rclcpp/rclcpp/executor_options.hpp:20[m[K,
                 from [01m[K/opt/ros/humble/include/rclcpp/rclcpp/executor.hpp:37[m[K,
                 from [01m[K/opt/ros/humble/include/rclcpp/rclcpp/executors/multi_threaded_executor.hpp:25[m[K,
                 from [01m[K/opt/ros/humble/include/rclcpp/rclcpp/executors.hpp:21[m[K,
                 from [01m[K/opt/ros/humble/include/rclcpp/rclcpp/rclcpp.hpp:155[m[K,
                 from [01m[K/home/yeon/ros2_workspace/src/ros2_ws/simple_pkg_cpp/src/simple_service_client.cpp:2[m[K:
[01m[K/home/yeon/ros2_workspace/src/ros2_ws/simple_pkg_cpp/src/simple_service_client.cpp:[m[K In member function ‘[01m[Kvoid SimpleServiceClient::send_request()[m[K’:
[01m[K/home/yeon/ros2_workspace/src/ros2_ws/simple_pkg_cpp/src/simple_service_client.cpp:37:39:[m[K [01;35m[Kwarning: [m[Kformat ‘[01m[K%ld[m[K’ expects argument of type ‘[01m[Klong int[m[K’, but argument 7 has type ‘[01m[Kint[m[K’ [[01;35m[K]8;;https://gcc.gnu.org/onlinedocs/gcc/Warning-Options.html#index-Wformat=-Wformat=]8;;[m[K]
   37 |             RCLCPP_INFO(get_logger(), [01;35m[K"Result of %d + %d = %ld"[m[K, _a, _b, [32m[Kresult.get()->sum[m[K);
      |                                       [01;35m[K^~~~~~~~~~~~~~~~~~~~~~~~~[m[K          [32m[K~~~~~~~~~~~~~~~~~[m[K
      |                                                                                        [32m[K|[m[K
      |                                                                                        [32m[Kint[m[K
[01m[K/home/yeon/ros2_workspace/src/ros2_ws/simple_pkg_cpp/src/simple_service_client.cpp:37:62:[m[K [01;36m[Knote: [m[Kformat string is defined here
   37 |             RCLCPP_INFO(get_logger(), "Result of %d + %d = [01;36m[K%ld[m[K", _a, _b, result.get()->sum);
      |                                                            [01;36m[K~~^[m[K
      |                                                              [01;36m[K|[m[K
      |                                                              [01;36m[Klong int[m[K
      |                                                            [32m[K%d[m[K
[ 76%] [32m[1mLinking CXX executable simple_service_client[0m
[ 76%] Built target simple_service_client
[ 79%] [32mBuilding CXX object CMakeFiles/simple_service_client2.dir/src/simple_service_client2.cpp.o[0m
In file included from [01m[K/opt/ros/humble/include/rclcpp/rclcpp/logging.hpp:24[m[K,
                 from [01m[K/opt/ros/humble/include/rclcpp/rclcpp/client.hpp:40[m[K,
                 from [01m[K/opt/ros/humble/include/rclcpp/rclcpp/callback_group.hpp:24[m[K,
                 from [01m[K/opt/ros/humble/include/rclcpp/rclcpp/any_executable.hpp:20[m[K,
                 from [01m[K/opt/ros/humble/include/rclcpp/rclcpp/memory_strategy.hpp:25[m[K,
                 from [01m[K/opt/ros/humble/include/rclcpp/rclcpp/memory_strategies.hpp:18[m[K,
                 from [01m[K/opt/ros/humble/include/rclcpp/rclcpp/executor_options.hpp:20[m[K,
                 from [01m[K/opt/ros/humble/include/rclcpp/rclcpp/executor.hpp:37[m[K,
                 from [01m[K/opt/ros/humble/include/rclcpp/rclcpp/executors/multi_threaded_executor.hpp:25[m[K,
                 from [01m[K/opt/ros/humble/include/rclcpp/rclcpp/executors.hpp:21[m[K,
                 from [01m[K/opt/ros/humble/include/rclcpp/rclcpp/rclcpp.hpp:155[m[K,
                 from [01m[K/home/yeon/ros2_workspace/src/ros2_ws/simple_pkg_cpp/src/simple_service_client2.cpp:4[m[K:
[01m[K/home/yeon/ros2_workspace/src/ros2_ws/simple_pkg_cpp/src/simple_service_client2.cpp:[m[K In member function ‘[01m[Kvoid SimpleServiceClient::response_callback(rclcpp::Client<interface_example::srv::AddTwoInt>::SharedFuture)[m[K’:
[01m[K/home/yeon/ros2_workspace/src/ros2_ws/simple_pkg_cpp/src/simple_service_client2.cpp:62:39:[m[K [01;35m[Kwarning: [m[Kformat ‘[01m[K%ld[m[K’ expects argument of type ‘[01m[Klong int[m[K’, but argument 7 has type ‘[01m[Kint[m[K’ [[01;35m[K]8;;https://gcc.gnu.org/onlinedocs/gcc/Warning-Options.html#index-Wformat=-Wformat=]8;;[m[K]
   62 |             RCLCPP_INFO(get_logger(), [01;35m[K"Result of %d + %d = %ld"[m[K, _a, _b, [32m[Kfuture.get()->sum[m[K);
      |                                       [01;35m[K^~~~~~~~~~~~~~~~~~~~~~~~~[m[K          [32m[K~~~~~~~~~~~~~~~~~[m[K
      |                                                                                        [32m[K|[m[K
      |                                                                                        [32m[Kint[m[K
[01m[K/home/yeon/ros2_workspace/src/ros2_ws/simple_pkg_cpp/src/simple_service_client2.cpp:62:62:[m[K [01;36m[Knote: [m[Kformat string is defined here
   62 |             RCLCPP_INFO(get_logger(), "Result of %d + %d = [01;36m[K%ld[m[K", _a, _b, future.get()->sum);
      |                                                            [01;36m[K~~^[m[K
      |                                                              [01;36m[K|[m[K
      |                                                              [01;36m[Klong int[m[K
      |                                                            [32m[K%d[m[K
[ 82%] [32m[1mLinking CXX executable simple_service_client2[0m
[ 82%] Built target simple_service_client2
[ 85%] [32mBuilding CXX object CMakeFiles/simple_action_server.dir/src/simple_action_server.cpp.o[0m
[ 88%] [32m[1mLinking CXX executable simple_action_server[0m
[ 88%] Built target simple_action_server
[ 91%] [32mBuilding CXX object CMakeFiles/simple_action_client.dir/src/simple_action_client.cpp.o[0m
[ 94%] [32m[1mLinking CXX executable simple_action_client[0m
[ 94%] Built target simple_action_client
[ 97%] [32mBuilding CXX object CMakeFiles/cpp_parameter_node.dir/src/cpp_parameter_node.cpp.o[0m
[100%] [32m[1mLinking CXX executable cpp_parameter_node[0m
[100%] Built target cpp_parameter_node
-- Install configuration: ""
-- Execute custom install script
-- Symlinking: /home/yeon/ros2_workspace/src/ros2_ws/install/simple_pkg_cpp/lib/simple_pkg_cpp/helloworld
-- Symlinking: /home/yeon/ros2_workspace/src/ros2_ws/install/simple_pkg_cpp/lib/simple_pkg_cpp/helloOpenCV
-- Symlinking: /home/yeon/ros2_workspace/src/ros2_ws/install/simple_pkg_cpp/lib/simple_pkg_cpp/hello_publisher
-- Symlinking: /home/yeon/ros2_workspace/src/ros2_ws/install/simple_pkg_cpp/lib/simple_pkg_cpp/hello_publisher2
-- Symlinking: /home/yeon/ros2_workspace/src/ros2_ws/install/simple_pkg_cpp/lib/simple_pkg_cpp/hello_publisher_class
-- Symlinking: /home/yeon/ros2_workspace/src/ros2_ws/install/simple_pkg_cpp/lib/simple_pkg_cpp/hello_publisher_class2
-- Symlinking: /home/yeon/ros2_workspace/src/ros2_ws/install/simple_pkg_cpp/lib/simple_pkg_cpp/hello_subscriber_class
-- Symlinking: /home/yeon/ros2_workspace/src/ros2_ws/install/simple_pkg_cpp/lib/simple_pkg_cpp/time_publisher_class
-- Symlinking: /home/yeon/ros2_workspace/src/ros2_ws/install/simple_pkg_cpp/lib/simple_pkg_cpp/time_subscriber_class
-- Symlinking: /home/yeon/ros2_workspace/src/ros2_ws/install/simple_pkg_cpp/lib/simple_pkg_cpp/simple_service_server
-- Symlinking: /home/yeon/ros2_workspace/src/ros2_ws/install/simple_pkg_cpp/lib/simple_pkg_cpp/simple_service_client
-- Symlinking: /home/yeon/ros2_workspace/src/ros2_ws/install/simple_pkg_cpp/lib/simple_pkg_cpp/simple_service_client2
-- Symlinking: /home/yeon/ros2_workspace/src/ros2_ws/install/simple_pkg_cpp/lib/simple_pkg_cpp/simple_action_server
-- Symlinking: /home/yeon/ros2_workspace/src/ros2_ws/install/simple_pkg_cpp/lib/simple_pkg_cpp/simple_action_client
-- Symlinking: /home/yeon/ros2_workspace/src/ros2_ws/install/simple_pkg_cpp/lib/simple_pkg_cpp/cpp_parameter_node
-- Symlinking: /home/yeon/ros2_workspace/src/ros2_ws/install/simple_pkg_cpp/share/simple_pkg_cpp/launch/action.launch.py
-- Symlinking: /home/yeon/ros2_workspace/src/ros2_ws/install/simple_pkg_cpp/share/simple_pkg_cpp/launch/service.launch.py
-- Symlinking: /home/yeon/ros2_workspace/src/ros2_ws/install/simple_pkg_cpp/share/simple_pkg_cpp/param/service.yaml
-- Symlinking: /home/yeon/ros2_workspace/src/ros2_ws/install/simple_pkg_cpp/share/ament_index/resource_index/package_run_dependencies/simple_pkg_cpp
-- Symlinking: /home/yeon/ros2_workspace/src/ros2_ws/install/simple_pkg_cpp/share/ament_index/resource_index/parent_prefix_path/simple_pkg_cpp
-- Symlinking: /home/yeon/ros2_workspace/src/ros2_ws/install/simple_pkg_cpp/share/simple_pkg_cpp/environment/ament_prefix_path.sh
-- Symlinking: /home/yeon/ros2_workspace/src/ros2_ws/install/simple_pkg_cpp/share/simple_pkg_cpp/environment/ament_prefix_path.dsv
-- Symlinking: /home/yeon/ros2_workspace/src/ros2_ws/install/simple_pkg_cpp/share/simple_pkg_cpp/environment/path.sh
-- Symlinking: /home/yeon/ros2_workspace/src/ros2_ws/install/simple_pkg_cpp/share/simple_pkg_cpp/environment/path.dsv
-- Symlinking: /home/yeon/ros2_workspace/src/ros2_ws/install/simple_pkg_cpp/share/simple_pkg_cpp/local_setup.bash
-- Symlinking: /home/yeon/ros2_workspace/src/ros2_ws/install/simple_pkg_cpp/share/simple_pkg_cpp/local_setup.sh
-- Symlinking: /home/yeon/ros2_workspace/src/ros2_ws/install/simple_pkg_cpp/share/simple_pkg_cpp/local_setup.zsh
-- Symlinking: /home/yeon/ros2_workspace/src/ros2_ws/install/simple_pkg_cpp/share/simple_pkg_cpp/local_setup.dsv
-- Symlinking: /home/yeon/ros2_workspace/src/ros2_ws/install/simple_pkg_cpp/share/simple_pkg_cpp/package.dsv
-- Symlinking: /home/yeon/ros2_workspace/src/ros2_ws/install/simple_pkg_cpp/share/ament_index/resource_index/packages/simple_pkg_cpp
-- Symlinking: /home/yeon/ros2_workspace/src/ros2_ws/install/simple_pkg_cpp/share/simple_pkg_cpp/cmake/simple_pkg_cppConfig.cmake
-- Symlinking: /home/yeon/ros2_workspace/src/ros2_ws/install/simple_pkg_cpp/share/simple_pkg_cpp/cmake/simple_pkg_cppConfig-version.cmake
-- Symlinking: /home/yeon/ros2_workspace/src/ros2_ws/install/simple_pkg_cpp/share/simple_pkg_cpp/package.xml
