[0.156s] Invoking command in '/home/yeon/ros2_workspace/src/ros2_ws/build/simple_pkg_cpp': CMAKE_PREFIX_PATH=${CMAKE_PREFIX_PATH}:/opt/ros/humble /usr/bin/cmake /home/yeon/ros2_workspace/src/ros2_ws/simple_pkg_cpp -DAMENT_CMAKE_SYMLINK_INSTALL=1 -DCMAKE_INSTALL_PREFIX=/home/yeon/ros2_workspace/src/ros2_ws/install/simple_pkg_cpp
[0.690s] -- The C compiler identification is GNU 11.4.0
[1.486s] -- The CXX compiler identification is GNU 11.4.0
[1.545s] -- Detecting C compiler ABI info
[2.359s] -- Detecting C compiler ABI info - done
[2.418s] -- Check for working C compiler: /usr/bin/cc - skipped
[2.418s] -- Detecting C compile features
[2.425s] -- Detecting C compile features - done
[2.473s] -- Detecting CXX compiler ABI info
[3.207s] -- Detecting CXX compiler ABI info - done
[3.256s] -- Check for working CXX compiler: /usr/bin/c++ - skipped
[3.259s] -- Detecting CXX compile features
[3.263s] -- Detecting CXX compile features - done
[3.309s] -- Found ament_cmake: 1.3.9 (/opt/ros/humble/share/ament_cmake/cmake)
[4.755s] -- Found Python3: /usr/bin/python3 (found version "3.10.12") found components: Interpreter 
[5.540s] -- Override CMake install command with custom implementation using symlinks instead of copying resources
[5.937s] -- Found rclcpp: 16.0.9 (/opt/ros/humble/share/rclcpp/cmake)
[6.542s] -- Found rosidl_generator_c: 3.1.5 (/opt/ros/humble/share/rosidl_generator_c/cmake)
[6.586s] -- Found rosidl_adapter: 3.1.5 (/opt/ros/humble/share/rosidl_adapter/cmake)
[6.645s] -- Found rosidl_generator_cpp: 3.1.5 (/opt/ros/humble/share/rosidl_generator_cpp/cmake)
[6.770s] -- Using all available rosidl_typesupport_c: rosidl_typesupport_fastrtps_c;rosidl_typesupport_introspection_c
[7.017s] -- Using all available rosidl_typesupport_cpp: rosidl_typesupport_fastrtps_cpp;rosidl_typesupport_introspection_cpp
[7.826s] -- Found rmw_implementation_cmake: 6.1.2 (/opt/ros/humble/share/rmw_implementation_cmake/cmake)
[7.856s] -- Found rmw_fastrtps_cpp: 6.2.6 (/opt/ros/humble/share/rmw_fastrtps_cpp/cmake)
[8.741s] -- Found OpenSSL: /usr/lib/x86_64-linux-gnu/libcrypto.so (found version "3.0.2")  
[9.135s] -- Found FastRTPS: /opt/ros/humble/include  
[9.671s] -- Using RMW implementation 'rmw_fastrtps_cpp' as default
[9.910s] -- Looking for pthread.h
[10.687s] -- Looking for pthread.h - found
[10.688s] -- Performing Test CMAKE_HAVE_LIBC_PTHREAD
[11.215s] -- Performing Test CMAKE_HAVE_LIBC_PTHREAD - Success
[11.235s] -- Found Threads: TRUE  
[12.805s] -- Found OpenCV: /usr (found version "4.5.4") 
[12.828s] -- Found interface_example: 0.0.0 (/home/yeon/ros2_workspace/install/interface_example/share/interface_example/cmake)
[14.594s] -- Found rclcpp_action: 16.0.9 (/opt/ros/humble/share/rclcpp_action/cmake)
[14.962s] -- Found ament_lint_auto: 0.12.11 (/opt/ros/humble/share/ament_lint_auto/cmake)
[15.982s] -- Added test 'cppcheck' to perform static code analysis on C / C++ code
[16.004s] -- Configured cppcheck include dirs: /home/yeon/ros2_workspace/src/ros2_ws/simple_pkg_cpp/include
[16.004s] -- Configured cppcheck exclude dirs and/or files: 
[16.019s] -- Added test 'flake8' to check Python code syntax and style conventions
[16.032s] -- Added test 'lint_cmake' to check CMake code style
[16.033s] -- Added test 'pep257' to check Python code against some of the docstring style conventions in PEP 257
[16.071s] -- Added test 'uncrustify' to check C / C++ code style
[16.086s] -- Configured uncrustify additional arguments: 
[16.099s] -- Added test 'xmllint' to check XML markup files
[16.133s] -- Configuring done
[16.848s] -- Generating done
[16.862s] -- Build files have been written to: /home/yeon/ros2_workspace/src/ros2_ws/build/simple_pkg_cpp
[16.954s] Invoked command in '/home/yeon/ros2_workspace/src/ros2_ws/build/simple_pkg_cpp' returned '0': CMAKE_PREFIX_PATH=${CMAKE_PREFIX_PATH}:/opt/ros/humble /usr/bin/cmake /home/yeon/ros2_workspace/src/ros2_ws/simple_pkg_cpp -DAMENT_CMAKE_SYMLINK_INSTALL=1 -DCMAKE_INSTALL_PREFIX=/home/yeon/ros2_workspace/src/ros2_ws/install/simple_pkg_cpp
[16.956s] Invoking command in '/home/yeon/ros2_workspace/src/ros2_ws/build/simple_pkg_cpp': CMAKE_PREFIX_PATH=${CMAKE_PREFIX_PATH}:/opt/ros/humble /usr/bin/cmake --build /home/yeon/ros2_workspace/src/ros2_ws/build/simple_pkg_cpp -- -j2 -l2
[17.782s] [  2%] [32mBuilding CXX object CMakeFiles/helloworld.dir/src/helloworld.cpp.o[0m
[20.543s] [  5%] [32m[1mLinking CXX executable helloworld[0m
[21.348s] [  5%] Built target helloworld
[21.600s] [  8%] [32mBuilding CXX object CMakeFiles/helloOpenCV.dir/src/helloOpenCV.cpp.o[0m
[45.230s] [ 11%] [32m[1mLinking CXX executable helloOpenCV[0m
[49.706s] [ 11%] Built target helloOpenCV
[50.120s] [ 14%] [32mBuilding CXX object CMakeFiles/hello_publisher.dir/src/hello_publisher.cpp.o[0m
[107.948s] [ 17%] [32m[1mLinking CXX executable hello_publisher[0m
[109.934s] [ 17%] Built target hello_publisher
[110.200s] [ 20%] [32mBuilding CXX object CMakeFiles/hello_publisher2.dir/src/hello_publisher2.cpp.o[0m
[190.800s] [ 23%] [32m[1mLinking CXX executable hello_publisher2[0m
[195.110s] [ 23%] Built target hello_publisher2
[195.558s] [ 26%] [32mBuilding CXX object CMakeFiles/hello_publisher_class.dir/src/hello_publisher_class.cpp.o[0m
[272.088s] [ 29%] [32m[1mLinking CXX executable hello_publisher_class[0m
[273.596s] [ 29%] Built target hello_publisher_class
[273.862s] [ 32%] [32mBuilding CXX object CMakeFiles/hello_publisher_class2.dir/src/hello_publisher_class2.cpp.o[0m
[307.330s] [ 35%] [32mBuilding CXX object CMakeFiles/hello_publisher_class2.dir/src/publisher.cpp.o[0m
[357.524s] [ 38%] [32m[1mLinking CXX executable hello_publisher_class2[0m
[359.627s] [ 38%] Built target hello_publisher_class2
[359.978s] [ 41%] [32mBuilding CXX object CMakeFiles/hello_subscriber_class.dir/src/hello_subscriber_class.cpp.o[0m
[403.158s] [ 44%] [32mBuilding CXX object CMakeFiles/hello_subscriber_class.dir/src/subscriber.cpp.o[0m
[545.285s] [ 47%] [32m[1mLinking CXX executable hello_subscriber_class[0m
[549.058s] [ 47%] Built target hello_subscriber_class
[549.444s] [ 50%] [32mBuilding CXX object CMakeFiles/time_publisher_class.dir/src/time_publisher_class.cpp.o[0m
[576.987s] [ 52%] [32mBuilding CXX object CMakeFiles/time_publisher_class.dir/src/time_pub.cpp.o[0m
[627.744s] [ 55%] [32m[1mLinking CXX executable time_publisher_class[0m
[629.165s] [ 55%] Built target time_publisher_class
[629.409s] [ 58%] [32mBuilding CXX object CMakeFiles/time_subscriber_class.dir/src/time_subscriber_class.cpp.o[0m
[665.399s] [ 61%] [32mBuilding CXX object CMakeFiles/time_subscriber_class.dir/src/time_sub.cpp.o[0m
[808.277s] [ 64%] [32m[1mLinking CXX executable time_subscriber_class[0m
[810.747s] [ 64%] Built target time_subscriber_class
[810.983s] [ 67%] [32mBuilding CXX object CMakeFiles/simple_service_server.dir/src/simple_service_server.cpp.o[0m
[853.234s] [ 70%] [32m[1mLinking CXX executable simple_service_server[0m
[854.709s] [ 70%] Built target simple_service_server
[855.039s] [ 73%] [32mBuilding CXX object CMakeFiles/simple_service_client.dir/src/simple_service_client.cpp.o[0m
[887.194s] In file included from [01m[K/opt/ros/humble/include/rclcpp/rclcpp/logging.hpp:24[m[K,
[887.206s]                  from [01m[K/opt/ros/humble/include/rclcpp/rclcpp/client.hpp:40[m[K,
[887.206s]                  from [01m[K/opt/ros/humble/include/rclcpp/rclcpp/callback_group.hpp:24[m[K,
[887.206s]                  from [01m[K/opt/ros/humble/include/rclcpp/rclcpp/any_executable.hpp:20[m[K,
[887.207s]                  from [01m[K/opt/ros/humble/include/rclcpp/rclcpp/memory_strategy.hpp:25[m[K,
[887.208s]                  from [01m[K/opt/ros/humble/include/rclcpp/rclcpp/memory_strategies.hpp:18[m[K,
[887.208s]                  from [01m[K/opt/ros/humble/include/rclcpp/rclcpp/executor_options.hpp:20[m[K,
[887.208s]                  from [01m[K/opt/ros/humble/include/rclcpp/rclcpp/executor.hpp:37[m[K,
[887.213s]                  from [01m[K/opt/ros/humble/include/rclcpp/rclcpp/executors/multi_threaded_executor.hpp:25[m[K,
[887.214s]                  from [01m[K/opt/ros/humble/include/rclcpp/rclcpp/executors.hpp:21[m[K,
[887.215s]                  from [01m[K/opt/ros/humble/include/rclcpp/rclcpp/rclcpp.hpp:155[m[K,
[887.215s]                  from [01m[K/home/yeon/ros2_workspace/src/ros2_ws/simple_pkg_cpp/src/simple_service_client.cpp:2[m[K:
[887.216s] [01m[K/home/yeon/ros2_workspace/src/ros2_ws/simple_pkg_cpp/src/simple_service_client.cpp:[m[K In member function ‘[01m[Kvoid SimpleServiceClient::send_request()[m[K’:
[887.217s] [01m[K/home/yeon/ros2_workspace/src/ros2_ws/simple_pkg_cpp/src/simple_service_client.cpp:37:39:[m[K [01;35m[Kwarning: [m[Kformat ‘[01m[K%ld[m[K’ expects argument of type ‘[01m[Klong int[m[K’, but argument 7 has type ‘[01m[Kint[m[K’ [[01;35m[K]8;;https://gcc.gnu.org/onlinedocs/gcc/Warning-Options.html#index-Wformat=-Wformat=]8;;[m[K]
[887.217s]    37 |             RCLCPP_INFO(get_logger(), [01;35m[K"Result of %d + %d = %ld"[m[K, _a, _b, [32m[Kresult.get()->sum[m[K);
[887.217s]       |                                       [01;35m[K^~~~~~~~~~~~~~~~~~~~~~~~~[m[K          [32m[K~~~~~~~~~~~~~~~~~[m[K
[887.218s]       |                                                                                        [32m[K|[m[K
[887.218s]       |                                                                                        [32m[Kint[m[K
[887.218s] [01m[K/home/yeon/ros2_workspace/src/ros2_ws/simple_pkg_cpp/src/simple_service_client.cpp:37:62:[m[K [01;36m[Knote: [m[Kformat string is defined here
[887.219s]    37 |             RCLCPP_INFO(get_logger(), "Result of %d + %d = [01;36m[K%ld[m[K", _a, _b, result.get()->sum);
[887.225s]       |                                                            [01;36m[K~~^[m[K
[887.227s]       |                                                              [01;36m[K|[m[K
[887.228s]       |                                                              [01;36m[Klong int[m[K
[887.232s]       |                                                            [32m[K%d[m[K
[902.032s] [ 76%] [32m[1mLinking CXX executable simple_service_client[0m
[903.821s] [ 76%] Built target simple_service_client
[904.022s] [ 79%] [32mBuilding CXX object CMakeFiles/simple_service_client2.dir/src/simple_service_client2.cpp.o[0m
[925.493s] In file included from [01m[K/opt/ros/humble/include/rclcpp/rclcpp/logging.hpp:24[m[K,
[925.502s]                  from [01m[K/opt/ros/humble/include/rclcpp/rclcpp/client.hpp:40[m[K,
[925.503s]                  from [01m[K/opt/ros/humble/include/rclcpp/rclcpp/callback_group.hpp:24[m[K,
[925.503s]                  from [01m[K/opt/ros/humble/include/rclcpp/rclcpp/any_executable.hpp:20[m[K,
[925.503s]                  from [01m[K/opt/ros/humble/include/rclcpp/rclcpp/memory_strategy.hpp:25[m[K,
[925.503s]                  from [01m[K/opt/ros/humble/include/rclcpp/rclcpp/memory_strategies.hpp:18[m[K,
[925.503s]                  from [01m[K/opt/ros/humble/include/rclcpp/rclcpp/executor_options.hpp:20[m[K,
[925.503s]                  from [01m[K/opt/ros/humble/include/rclcpp/rclcpp/executor.hpp:37[m[K,
[925.512s]                  from [01m[K/opt/ros/humble/include/rclcpp/rclcpp/executors/multi_threaded_executor.hpp:25[m[K,
[925.514s]                  from [01m[K/opt/ros/humble/include/rclcpp/rclcpp/executors.hpp:21[m[K,
[925.514s]                  from [01m[K/opt/ros/humble/include/rclcpp/rclcpp/rclcpp.hpp:155[m[K,
[925.514s]                  from [01m[K/home/yeon/ros2_workspace/src/ros2_ws/simple_pkg_cpp/src/simple_service_client2.cpp:4[m[K:
[925.524s] [01m[K/home/yeon/ros2_workspace/src/ros2_ws/simple_pkg_cpp/src/simple_service_client2.cpp:[m[K In member function ‘[01m[Kvoid SimpleServiceClient::response_callback(rclcpp::Client<interface_example::srv::AddTwoInt>::SharedFuture)[m[K’:
[925.526s] [01m[K/home/yeon/ros2_workspace/src/ros2_ws/simple_pkg_cpp/src/simple_service_client2.cpp:62:39:[m[K [01;35m[Kwarning: [m[Kformat ‘[01m[K%ld[m[K’ expects argument of type ‘[01m[Klong int[m[K’, but argument 7 has type ‘[01m[Kint[m[K’ [[01;35m[K]8;;https://gcc.gnu.org/onlinedocs/gcc/Warning-Options.html#index-Wformat=-Wformat=]8;;[m[K]
[925.528s]    62 |             RCLCPP_INFO(get_logger(), [01;35m[K"Result of %d + %d = %ld"[m[K, _a, _b, [32m[Kfuture.get()->sum[m[K);
[925.545s]       |                                       [01;35m[K^~~~~~~~~~~~~~~~~~~~~~~~~[m[K          [32m[K~~~~~~~~~~~~~~~~~[m[K
[925.546s]       |                                                                                        [32m[K|[m[K
[925.546s]       |                                                                                        [32m[Kint[m[K
[925.546s] [01m[K/home/yeon/ros2_workspace/src/ros2_ws/simple_pkg_cpp/src/simple_service_client2.cpp:62:62:[m[K [01;36m[Knote: [m[Kformat string is defined here
[925.547s]    62 |             RCLCPP_INFO(get_logger(), "Result of %d + %d = [01;36m[K%ld[m[K", _a, _b, future.get()->sum);
[925.547s]       |                                                            [01;36m[K~~^[m[K
[925.547s]       |                                                              [01;36m[K|[m[K
[925.560s]       |                                                              [01;36m[Klong int[m[K
[925.589s]       |                                                            [32m[K%d[m[K
[1071.252s] [ 82%] [32m[1mLinking CXX executable simple_service_client2[0m
[1074.930s] [ 82%] Built target simple_service_client2
[1075.096s] [ 85%] [32mBuilding CXX object CMakeFiles/simple_action_server.dir/src/simple_action_server.cpp.o[0m
[1116.314s] [ 88%] [32m[1mLinking CXX executable simple_action_server[0m
[1118.277s] [ 88%] Built target simple_action_server
[1118.625s] [ 91%] [32mBuilding CXX object CMakeFiles/simple_action_client.dir/src/simple_action_client.cpp.o[0m
[1175.046s] [ 94%] [32m[1mLinking CXX executable simple_action_client[0m
[1176.803s] [ 94%] Built target simple_action_client
[1177.029s] [ 97%] [32mBuilding CXX object CMakeFiles/cpp_parameter_node.dir/src/cpp_parameter_node.cpp.o[0m
[1221.151s] [100%] [32m[1mLinking CXX executable cpp_parameter_node[0m
[1222.982s] [100%] Built target cpp_parameter_node
[1223.562s] Invoked command in '/home/yeon/ros2_workspace/src/ros2_ws/build/simple_pkg_cpp' returned '0': CMAKE_PREFIX_PATH=${CMAKE_PREFIX_PATH}:/opt/ros/humble /usr/bin/cmake --build /home/yeon/ros2_workspace/src/ros2_ws/build/simple_pkg_cpp -- -j2 -l2
[1224.464s] Invoking command in '/home/yeon/ros2_workspace/src/ros2_ws/build/simple_pkg_cpp': CMAKE_PREFIX_PATH=${CMAKE_PREFIX_PATH}:/opt/ros/humble /usr/bin/cmake --install /home/yeon/ros2_workspace/src/ros2_ws/build/simple_pkg_cpp
[1224.553s] -- Install configuration: ""
[1224.560s] -- Execute custom install script
[1224.560s] -- Symlinking: /home/yeon/ros2_workspace/src/ros2_ws/install/simple_pkg_cpp/lib/simple_pkg_cpp/helloworld
[1224.591s] -- Symlinking: /home/yeon/ros2_workspace/src/ros2_ws/install/simple_pkg_cpp/lib/simple_pkg_cpp/helloOpenCV
[1224.722s] -- Symlinking: /home/yeon/ros2_workspace/src/ros2_ws/install/simple_pkg_cpp/lib/simple_pkg_cpp/hello_publisher
[1224.769s] -- Symlinking: /home/yeon/ros2_workspace/src/ros2_ws/install/simple_pkg_cpp/lib/simple_pkg_cpp/hello_publisher2
[1224.855s] -- Symlinking: /home/yeon/ros2_workspace/src/ros2_ws/install/simple_pkg_cpp/lib/simple_pkg_cpp/hello_publisher_class
[1224.933s] -- Symlinking: /home/yeon/ros2_workspace/src/ros2_ws/install/simple_pkg_cpp/lib/simple_pkg_cpp/hello_publisher_class2
[1225.040s] -- Symlinking: /home/yeon/ros2_workspace/src/ros2_ws/install/simple_pkg_cpp/lib/simple_pkg_cpp/hello_subscriber_class
[1225.114s] -- Symlinking: /home/yeon/ros2_workspace/src/ros2_ws/install/simple_pkg_cpp/lib/simple_pkg_cpp/time_publisher_class
[1225.155s] -- Symlinking: /home/yeon/ros2_workspace/src/ros2_ws/install/simple_pkg_cpp/lib/simple_pkg_cpp/time_subscriber_class
[1225.267s] -- Symlinking: /home/yeon/ros2_workspace/src/ros2_ws/install/simple_pkg_cpp/lib/simple_pkg_cpp/simple_service_server
[1225.376s] -- Symlinking: /home/yeon/ros2_workspace/src/ros2_ws/install/simple_pkg_cpp/lib/simple_pkg_cpp/simple_service_client
[1225.442s] -- Symlinking: /home/yeon/ros2_workspace/src/ros2_ws/install/simple_pkg_cpp/lib/simple_pkg_cpp/simple_service_client2
[1225.513s] -- Symlinking: /home/yeon/ros2_workspace/src/ros2_ws/install/simple_pkg_cpp/lib/simple_pkg_cpp/simple_action_server
[1225.606s] -- Symlinking: /home/yeon/ros2_workspace/src/ros2_ws/install/simple_pkg_cpp/lib/simple_pkg_cpp/simple_action_client
[1225.688s] -- Symlinking: /home/yeon/ros2_workspace/src/ros2_ws/install/simple_pkg_cpp/lib/simple_pkg_cpp/cpp_parameter_node
[1225.766s] -- Symlinking: /home/yeon/ros2_workspace/src/ros2_ws/install/simple_pkg_cpp/share/simple_pkg_cpp/launch/action.launch.py
[1225.882s] -- Symlinking: /home/yeon/ros2_workspace/src/ros2_ws/install/simple_pkg_cpp/share/simple_pkg_cpp/launch/service.launch.py
[1225.928s] -- Symlinking: /home/yeon/ros2_workspace/src/ros2_ws/install/simple_pkg_cpp/share/simple_pkg_cpp/param/service.yaml
[1225.969s] -- Symlinking: /home/yeon/ros2_workspace/src/ros2_ws/install/simple_pkg_cpp/share/ament_index/resource_index/package_run_dependencies/simple_pkg_cpp
[1226.018s] -- Symlinking: /home/yeon/ros2_workspace/src/ros2_ws/install/simple_pkg_cpp/share/ament_index/resource_index/parent_prefix_path/simple_pkg_cpp
[1226.119s] -- Symlinking: /home/yeon/ros2_workspace/src/ros2_ws/install/simple_pkg_cpp/share/simple_pkg_cpp/environment/ament_prefix_path.sh
[1226.253s] -- Symlinking: /home/yeon/ros2_workspace/src/ros2_ws/install/simple_pkg_cpp/share/simple_pkg_cpp/environment/ament_prefix_path.dsv
[1226.333s] -- Symlinking: /home/yeon/ros2_workspace/src/ros2_ws/install/simple_pkg_cpp/share/simple_pkg_cpp/environment/path.sh
[1226.439s] -- Symlinking: /home/yeon/ros2_workspace/src/ros2_ws/install/simple_pkg_cpp/share/simple_pkg_cpp/environment/path.dsv
[1226.523s] -- Symlinking: /home/yeon/ros2_workspace/src/ros2_ws/install/simple_pkg_cpp/share/simple_pkg_cpp/local_setup.bash
[1226.587s] -- Symlinking: /home/yeon/ros2_workspace/src/ros2_ws/install/simple_pkg_cpp/share/simple_pkg_cpp/local_setup.sh
[1226.673s] -- Symlinking: /home/yeon/ros2_workspace/src/ros2_ws/install/simple_pkg_cpp/share/simple_pkg_cpp/local_setup.zsh
[1226.760s] -- Symlinking: /home/yeon/ros2_workspace/src/ros2_ws/install/simple_pkg_cpp/share/simple_pkg_cpp/local_setup.dsv
[1226.928s] -- Symlinking: /home/yeon/ros2_workspace/src/ros2_ws/install/simple_pkg_cpp/share/simple_pkg_cpp/package.dsv
[1227.052s] -- Symlinking: /home/yeon/ros2_workspace/src/ros2_ws/install/simple_pkg_cpp/share/ament_index/resource_index/packages/simple_pkg_cpp
[1227.207s] -- Symlinking: /home/yeon/ros2_workspace/src/ros2_ws/install/simple_pkg_cpp/share/simple_pkg_cpp/cmake/simple_pkg_cppConfig.cmake
[1227.290s] -- Symlinking: /home/yeon/ros2_workspace/src/ros2_ws/install/simple_pkg_cpp/share/simple_pkg_cpp/cmake/simple_pkg_cppConfig-version.cmake
[1227.445s] -- Symlinking: /home/yeon/ros2_workspace/src/ros2_ws/install/simple_pkg_cpp/share/simple_pkg_cpp/package.xml
[1227.563s] Invoked command in '/home/yeon/ros2_workspace/src/ros2_ws/build/simple_pkg_cpp' returned '0': CMAKE_PREFIX_PATH=${CMAKE_PREFIX_PATH}:/opt/ros/humble /usr/bin/cmake --install /home/yeon/ros2_workspace/src/ros2_ws/build/simple_pkg_cpp
