[0.167s] Invoking command in '/home/yeon/ros2_workspace/src/ros2_ws/build/arithmetic': AMENT_PREFIX_PATH=/home/yeon/ros2_workspace/src/ros2_ws/install/interface_example:${AMENT_PREFIX_PATH} CMAKE_PREFIX_PATH=/home/yeon/ros2_workspace/src/ros2_ws/install/interface_example:/home/yeon/ros2_workspace/install/turtlebot3_simulations:/home/yeon/ros2_workspace/install/turtlebot3_gazebo:/home/yeon/ros2_workspace/install/turtlebot3_fake_node:/home/yeon/ros2_workspace/install/topic_final:/home/yeon/ros2_workspace/install/simple_pkg_cpp:/home/yeon/ros2_workspace/install/movesim:/home/yeon/ros2_workspace/install/arithmetic:/home/yeon/ros2_workspace/install/interface_example:/opt/ros/humble LD_LIBRARY_PATH=/home/yeon/ros2_workspace/src/ros2_ws/install/interface_example/lib:/home/yeon/ros2_workspace/install/interface_example/lib:/usr/lib/x86_64-linux-gnu/gazebo-11/plugins:/opt/ros/humble/opt/rviz_ogre_vendor/lib:/opt/ros/humble/lib/x86_64-linux-gnu:/opt/ros/humble/lib:/usr/lib/x86_64-linux-gnu/gazebo-11/plugins:/usr/lib/x86_64-linux-gnu/gazebo-11/plugins:/usr/lib/x86_64-linux-gnu/gazebo-11/plugins PYTHONPATH=/home/yeon/ros2_workspace/src/ros2_ws/install/interface_example/local/lib/python3.10/dist-packages:${PYTHONPATH} /usr/bin/cmake --build /home/yeon/ros2_workspace/src/ros2_ws/build/arithmetic -- -j2 -l2
[0.617s] [35m[1mConsolidate compiler generated dependencies of target calculator[0m
[0.887s] [ 30%] Built target calculator
[1.213s] [35m[1mConsolidate compiler generated dependencies of target argument[0m
[1.498s] [ 50%] Built target argument
[1.687s] [35m[1mConsolidate compiler generated dependencies of target operator[0m
[1.929s] [ 70%] Built target operator
[2.040s] [35m[1mConsolidate compiler generated dependencies of target checker[0m
[2.123s] [100%] Built target checker
[2.227s] Invoked command in '/home/yeon/ros2_workspace/src/ros2_ws/build/arithmetic' returned '0': AMENT_PREFIX_PATH=/home/yeon/ros2_workspace/src/ros2_ws/install/interface_example:${AMENT_PREFIX_PATH} CMAKE_PREFIX_PATH=/home/yeon/ros2_workspace/src/ros2_ws/install/interface_example:/home/yeon/ros2_workspace/install/turtlebot3_simulations:/home/yeon/ros2_workspace/install/turtlebot3_gazebo:/home/yeon/ros2_workspace/install/turtlebot3_fake_node:/home/yeon/ros2_workspace/install/topic_final:/home/yeon/ros2_workspace/install/simple_pkg_cpp:/home/yeon/ros2_workspace/install/movesim:/home/yeon/ros2_workspace/install/arithmetic:/home/yeon/ros2_workspace/install/interface_example:/opt/ros/humble LD_LIBRARY_PATH=/home/yeon/ros2_workspace/src/ros2_ws/install/interface_example/lib:/home/yeon/ros2_workspace/install/interface_example/lib:/usr/lib/x86_64-linux-gnu/gazebo-11/plugins:/opt/ros/humble/opt/rviz_ogre_vendor/lib:/opt/ros/humble/lib/x86_64-linux-gnu:/opt/ros/humble/lib:/usr/lib/x86_64-linux-gnu/gazebo-11/plugins:/usr/lib/x86_64-linux-gnu/gazebo-11/plugins:/usr/lib/x86_64-linux-gnu/gazebo-11/plugins PYTHONPATH=/home/yeon/ros2_workspace/src/ros2_ws/install/interface_example/local/lib/python3.10/dist-packages:${PYTHONPATH} /usr/bin/cmake --build /home/yeon/ros2_workspace/src/ros2_ws/build/arithmetic -- -j2 -l2
[2.959s] Invoking command in '/home/yeon/ros2_workspace/src/ros2_ws/build/arithmetic': AMENT_PREFIX_PATH=/home/yeon/ros2_workspace/src/ros2_ws/install/interface_example:${AMENT_PREFIX_PATH} CMAKE_PREFIX_PATH=/home/yeon/ros2_workspace/src/ros2_ws/install/interface_example:/home/yeon/ros2_workspace/install/turtlebot3_simulations:/home/yeon/ros2_workspace/install/turtlebot3_gazebo:/home/yeon/ros2_workspace/install/turtlebot3_fake_node:/home/yeon/ros2_workspace/install/topic_final:/home/yeon/ros2_workspace/install/simple_pkg_cpp:/home/yeon/ros2_workspace/install/movesim:/home/yeon/ros2_workspace/install/arithmetic:/home/yeon/ros2_workspace/install/interface_example:/opt/ros/humble LD_LIBRARY_PATH=/home/yeon/ros2_workspace/src/ros2_ws/install/interface_example/lib:/home/yeon/ros2_workspace/install/interface_example/lib:/usr/lib/x86_64-linux-gnu/gazebo-11/plugins:/opt/ros/humble/opt/rviz_ogre_vendor/lib:/opt/ros/humble/lib/x86_64-linux-gnu:/opt/ros/humble/lib:/usr/lib/x86_64-linux-gnu/gazebo-11/plugins:/usr/lib/x86_64-linux-gnu/gazebo-11/plugins:/usr/lib/x86_64-linux-gnu/gazebo-11/plugins PYTHONPATH=/home/yeon/ros2_workspace/src/ros2_ws/install/interface_example/local/lib/python3.10/dist-packages:${PYTHONPATH} /usr/bin/cmake --install /home/yeon/ros2_workspace/src/ros2_ws/build/arithmetic
[3.079s] -- Install configuration: ""
[3.106s] -- Execute custom install script
[3.120s] -- Up-to-date symlink: /home/yeon/ros2_workspace/src/ros2_ws/install/arithmetic/lib/arithmetic/calculator
[3.149s] -- Up-to-date symlink: /home/yeon/ros2_workspace/src/ros2_ws/install/arithmetic/lib/arithmetic/argument
[3.152s] -- Up-to-date symlink: /home/yeon/ros2_workspace/src/ros2_ws/install/arithmetic/lib/arithmetic/operator
[3.159s] -- Up-to-date symlink: /home/yeon/ros2_workspace/src/ros2_ws/install/arithmetic/lib/arithmetic/checker
[3.165s] -- Up-to-date symlink: /home/yeon/ros2_workspace/src/ros2_ws/install/arithmetic/share/arithmetic/launch/arithmetic.launch.py
[3.170s] -- Up-to-date symlink: /home/yeon/ros2_workspace/src/ros2_ws/install/arithmetic/share/arithmetic/param/arithmetic.yaml
[3.174s] -- Up-to-date symlink: /home/yeon/ros2_workspace/src/ros2_ws/install/arithmetic/share/ament_index/resource_index/package_run_dependencies/arithmetic
[3.183s] -- Up-to-date symlink: /home/yeon/ros2_workspace/src/ros2_ws/install/arithmetic/share/ament_index/resource_index/parent_prefix_path/arithmetic
[3.196s] -- Up-to-date symlink: /home/yeon/ros2_workspace/src/ros2_ws/install/arithmetic/share/arithmetic/environment/ament_prefix_path.sh
[3.199s] -- Up-to-date symlink: /home/yeon/ros2_workspace/src/ros2_ws/install/arithmetic/share/arithmetic/environment/ament_prefix_path.dsv
[3.202s] -- Up-to-date symlink: /home/yeon/ros2_workspace/src/ros2_ws/install/arithmetic/share/arithmetic/environment/path.sh
[3.212s] -- Up-to-date symlink: /home/yeon/ros2_workspace/src/ros2_ws/install/arithmetic/share/arithmetic/environment/path.dsv
[3.229s] -- Up-to-date symlink: /home/yeon/ros2_workspace/src/ros2_ws/install/arithmetic/share/arithmetic/local_setup.bash
[3.235s] -- Up-to-date symlink: /home/yeon/ros2_workspace/src/ros2_ws/install/arithmetic/share/arithmetic/local_setup.sh
[3.238s] -- Up-to-date symlink: /home/yeon/ros2_workspace/src/ros2_ws/install/arithmetic/share/arithmetic/local_setup.zsh
[3.240s] -- Up-to-date symlink: /home/yeon/ros2_workspace/src/ros2_ws/install/arithmetic/share/arithmetic/local_setup.dsv
[3.241s] -- Symlinking: /home/yeon/ros2_workspace/src/ros2_ws/install/arithmetic/share/arithmetic/package.dsv
[3.354s] -- Up-to-date symlink: /home/yeon/ros2_workspace/src/ros2_ws/install/arithmetic/share/ament_index/resource_index/packages/arithmetic
[3.354s] -- Up-to-date symlink: /home/yeon/ros2_workspace/src/ros2_ws/install/arithmetic/share/arithmetic/cmake/arithmeticConfig.cmake
[3.355s] -- Up-to-date symlink: /home/yeon/ros2_workspace/src/ros2_ws/install/arithmetic/share/arithmetic/cmake/arithmeticConfig-version.cmake
[3.355s] -- Up-to-date symlink: /home/yeon/ros2_workspace/src/ros2_ws/install/arithmetic/share/arithmetic/package.xml
[3.361s] Invoked command in '/home/yeon/ros2_workspace/src/ros2_ws/build/arithmetic' returned '0': AMENT_PREFIX_PATH=/home/yeon/ros2_workspace/src/ros2_ws/install/interface_example:${AMENT_PREFIX_PATH} CMAKE_PREFIX_PATH=/home/yeon/ros2_workspace/src/ros2_ws/install/interface_example:/home/yeon/ros2_workspace/install/turtlebot3_simulations:/home/yeon/ros2_workspace/install/turtlebot3_gazebo:/home/yeon/ros2_workspace/install/turtlebot3_fake_node:/home/yeon/ros2_workspace/install/topic_final:/home/yeon/ros2_workspace/install/simple_pkg_cpp:/home/yeon/ros2_workspace/install/movesim:/home/yeon/ros2_workspace/install/arithmetic:/home/yeon/ros2_workspace/install/interface_example:/opt/ros/humble LD_LIBRARY_PATH=/home/yeon/ros2_workspace/src/ros2_ws/install/interface_example/lib:/home/yeon/ros2_workspace/install/interface_example/lib:/usr/lib/x86_64-linux-gnu/gazebo-11/plugins:/opt/ros/humble/opt/rviz_ogre_vendor/lib:/opt/ros/humble/lib/x86_64-linux-gnu:/opt/ros/humble/lib:/usr/lib/x86_64-linux-gnu/gazebo-11/plugins:/usr/lib/x86_64-linux-gnu/gazebo-11/plugins:/usr/lib/x86_64-linux-gnu/gazebo-11/plugins PYTHONPATH=/home/yeon/ros2_workspace/src/ros2_ws/install/interface_example/local/lib/python3.10/dist-packages:${PYTHONPATH} /usr/bin/cmake --install /home/yeon/ros2_workspace/src/ros2_ws/build/arithmetic
