-- The C compiler identification is GNU 11.4.0
-- The CXX compiler identification is GNU 11.4.0
-- Detecting C compiler ABI info
-- Detecting C compiler ABI info - done
-- Check for working C compiler: /usr/bin/cc - skipped
-- Detecting C compile features
-- Detecting C compile features - done
-- Detecting CXX compiler ABI info
-- Detecting CXX compiler ABI info - done
-- Check for working CXX compiler: /usr/bin/c++ - skipped
-- Detecting CXX compile features
-- Detecting CXX compile features - done
-- Found ament_cmake: 1.3.9 (/opt/ros/humble/share/ament_cmake/cmake)
-- Found Python3: /usr/bin/python3 (found version "3.10.12") found components: Interpreter 
-- Override CMake install command with custom implementation using symlinks instead of copying resources
-- Found rclcpp: 16.0.9 (/opt/ros/humble/share/rclcpp/cmake)
-- Found rosidl_generator_c: 3.1.5 (/opt/ros/humble/share/rosidl_generator_c/cmake)
-- Found rosidl_adapter: 3.1.5 (/opt/ros/humble/share/rosidl_adapter/cmake)
-- Found rosidl_generator_cpp: 3.1.5 (/opt/ros/humble/share/rosidl_generator_cpp/cmake)
-- Using all available rosidl_typesupport_c: rosidl_typesupport_fastrtps_c;rosidl_typesupport_introspection_c
-- Using all available rosidl_typesupport_cpp: rosidl_typesupport_fastrtps_cpp;rosidl_typesupport_introspection_cpp
-- Found rmw_implementation_cmake: 6.1.2 (/opt/ros/humble/share/rmw_implementation_cmake/cmake)
-- Found rmw_fastrtps_cpp: 6.2.6 (/opt/ros/humble/share/rmw_fastrtps_cpp/cmake)
-- Found OpenSSL: /usr/lib/x86_64-linux-gnu/libcrypto.so (found version "3.0.2")  
-- Found FastRTPS: /opt/ros/humble/include  
-- Using RMW implementation 'rmw_fastrtps_cpp' as default
-- Looking for pthread.h
-- Looking for pthread.h - found
-- Performing Test CMAKE_HAVE_LIBC_PTHREAD
-- Performing Test CMAKE_HAVE_LIBC_PTHREAD - Success
-- Found Threads: TRUE  
-- Found interface_example: 0.0.0 (/home/yeon/ros2_workspace/src/ros2_ws/install/interface_example/share/interface_example/cmake)
-- Found rclcpp_action: 16.0.9 (/opt/ros/humble/share/rclcpp_action/cmake)
-- Found ament_lint_auto: 0.12.11 (/opt/ros/humble/share/ament_lint_auto/cmake)
-- Added test 'cppcheck' to perform static code analysis on C / C++ code
-- Configured cppcheck include dirs: /home/yeon/ros2_workspace/src/ros2_ws/arithmetic/include
-- Configured cppcheck exclude dirs and/or files: 
-- Added test 'flake8' to check Python code syntax and style conventions
-- Added test 'lint_cmake' to check CMake code style
-- Added test 'pep257' to check Python code against some of the docstring style conventions in PEP 257
-- Added test 'uncrustify' to check C / C++ code style
-- Configured uncrustify additional arguments: 
-- Added test 'xmllint' to check XML markup files
-- Configuring done
-- Generating done
-- Build files have been written to: /home/yeon/ros2_workspace/src/ros2_ws/build/arithmetic
[ 10%] [32mBuilding CXX object CMakeFiles/calculator.dir/src/calculator/calculator.cpp.o[0m
[ 20%] [32mBuilding CXX object CMakeFiles/calculator.dir/src/calculator/main.cpp.o[0m
[ 30%] [32m[1mLinking CXX executable calculator[0m
[ 30%] Built target calculator
[ 40%] [32mBuilding CXX object CMakeFiles/argument.dir/src/arithmetic/argument.cpp.o[0m
[ 50%] [32m[1mLinking CXX executable argument[0m
[ 50%] Built target argument
[ 60%] [32mBuilding CXX object CMakeFiles/operator.dir/src/arithmetic/operator.cpp.o[0m
[ 70%] [32m[1mLinking CXX executable operator[0m
[ 70%] Built target operator
[ 80%] [32mBuilding CXX object CMakeFiles/checker.dir/src/checker/checker.cpp.o[0m
[ 90%] [32mBuilding CXX object CMakeFiles/checker.dir/src/checker/main.cpp.o[0m
[100%] [32m[1mLinking CXX executable checker[0m
[100%] Built target checker
-- Install configuration: ""
-- Execute custom install script
-- Symlinking: /home/yeon/ros2_workspace/src/ros2_ws/install/arithmetic/lib/arithmetic/calculator
-- Symlinking: /home/yeon/ros2_workspace/src/ros2_ws/install/arithmetic/lib/arithmetic/argument
-- Symlinking: /home/yeon/ros2_workspace/src/ros2_ws/install/arithmetic/lib/arithmetic/operator
-- Symlinking: /home/yeon/ros2_workspace/src/ros2_ws/install/arithmetic/lib/arithmetic/checker
-- Symlinking: /home/yeon/ros2_workspace/src/ros2_ws/install/arithmetic/share/arithmetic/launch/arithmetic.launch.py
-- Symlinking: /home/yeon/ros2_workspace/src/ros2_ws/install/arithmetic/share/arithmetic/param/arithmetic.yaml
-- Symlinking: /home/yeon/ros2_workspace/src/ros2_ws/install/arithmetic/share/ament_index/resource_index/package_run_dependencies/arithmetic
-- Symlinking: /home/yeon/ros2_workspace/src/ros2_ws/install/arithmetic/share/ament_index/resource_index/parent_prefix_path/arithmetic
-- Symlinking: /home/yeon/ros2_workspace/src/ros2_ws/install/arithmetic/share/arithmetic/environment/ament_prefix_path.sh
-- Symlinking: /home/yeon/ros2_workspace/src/ros2_ws/install/arithmetic/share/arithmetic/environment/ament_prefix_path.dsv
-- Symlinking: /home/yeon/ros2_workspace/src/ros2_ws/install/arithmetic/share/arithmetic/environment/path.sh
-- Symlinking: /home/yeon/ros2_workspace/src/ros2_ws/install/arithmetic/share/arithmetic/environment/path.dsv
-- Symlinking: /home/yeon/ros2_workspace/src/ros2_ws/install/arithmetic/share/arithmetic/local_setup.bash
-- Symlinking: /home/yeon/ros2_workspace/src/ros2_ws/install/arithmetic/share/arithmetic/local_setup.sh
-- Symlinking: /home/yeon/ros2_workspace/src/ros2_ws/install/arithmetic/share/arithmetic/local_setup.zsh
-- Symlinking: /home/yeon/ros2_workspace/src/ros2_ws/install/arithmetic/share/arithmetic/local_setup.dsv
-- Symlinking: /home/yeon/ros2_workspace/src/ros2_ws/install/arithmetic/share/arithmetic/package.dsv
-- Symlinking: /home/yeon/ros2_workspace/src/ros2_ws/install/arithmetic/share/ament_index/resource_index/packages/arithmetic
-- Symlinking: /home/yeon/ros2_workspace/src/ros2_ws/install/arithmetic/share/arithmetic/cmake/arithmeticConfig.cmake
-- Symlinking: /home/yeon/ros2_workspace/src/ros2_ws/install/arithmetic/share/arithmetic/cmake/arithmeticConfig-version.cmake
-- Symlinking: /home/yeon/ros2_workspace/src/ros2_ws/install/arithmetic/share/arithmetic/package.xml
