[0.285s] Invoking command in '/home/yeon/ros2_workspace/src/ros2_ws/build/arithmetic': AMENT_PREFIX_PATH=/home/yeon/ros2_workspace/src/ros2_ws/install/interface_example:${AMENT_PREFIX_PATH} CMAKE_PREFIX_PATH=/home/yeon/ros2_workspace/src/ros2_ws/install/interface_example:/home/yeon/ros2_workspace/install/turtlebot3_simulations:/home/yeon/ros2_workspace/install/turtlebot3_gazebo:/home/yeon/ros2_workspace/install/turtlebot3_fake_node:/home/yeon/ros2_workspace/install/topic_final:/home/yeon/ros2_workspace/install/simple_pkg_cpp:/home/yeon/ros2_workspace/install/movesim:/home/yeon/ros2_workspace/install/arithmetic:/home/yeon/ros2_workspace/install/interface_example:/opt/ros/humble LD_LIBRARY_PATH=/home/yeon/ros2_workspace/src/ros2_ws/install/interface_example/lib:/home/yeon/ros2_workspace/install/interface_example/lib:/usr/lib/x86_64-linux-gnu/gazebo-11/plugins:/opt/ros/humble/opt/rviz_ogre_vendor/lib:/opt/ros/humble/lib/x86_64-linux-gnu:/opt/ros/humble/lib:/usr/lib/x86_64-linux-gnu/gazebo-11/plugins:/usr/lib/x86_64-linux-gnu/gazebo-11/plugins:/usr/lib/x86_64-linux-gnu/gazebo-11/plugins PYTHONPATH=/home/yeon/ros2_workspace/src/ros2_ws/install/interface_example/local/lib/python3.10/dist-packages:${PYTHONPATH} /usr/bin/cmake /home/yeon/ros2_workspace/src/ros2_ws/arithmetic -DAMENT_CMAKE_SYMLINK_INSTALL=1 -DCMAKE_INSTALL_PREFIX=/home/yeon/ros2_workspace/src/ros2_ws/install/arithmetic
[0.726s] -- The C compiler identification is GNU 11.4.0
[1.187s] -- The CXX compiler identification is GNU 11.4.0
[1.237s] -- Detecting C compiler ABI info
[2.133s] -- Detecting C compiler ABI info - done
[2.198s] -- Check for working C compiler: /usr/bin/cc - skipped
[2.220s] -- Detecting C compile features
[2.220s] -- Detecting C compile features - done
[2.243s] -- Detecting CXX compiler ABI info
[3.430s] -- Detecting CXX compiler ABI info - done
[3.522s] -- Check for working CXX compiler: /usr/bin/c++ - skipped
[3.528s] -- Detecting CXX compile features
[3.535s] -- Detecting CXX compile features - done
[3.681s] -- Found ament_cmake: 1.3.9 (/opt/ros/humble/share/ament_cmake/cmake)
[5.813s] -- Found Python3: /usr/bin/python3 (found version "3.10.12") found components: Interpreter 
[6.620s] -- Override CMake install command with custom implementation using symlinks instead of copying resources
[7.001s] -- Found rclcpp: 16.0.9 (/opt/ros/humble/share/rclcpp/cmake)
[7.480s] -- Found rosidl_generator_c: 3.1.5 (/opt/ros/humble/share/rosidl_generator_c/cmake)
[7.525s] -- Found rosidl_adapter: 3.1.5 (/opt/ros/humble/share/rosidl_adapter/cmake)
[7.657s] -- Found rosidl_generator_cpp: 3.1.5 (/opt/ros/humble/share/rosidl_generator_cpp/cmake)
[7.930s] -- Using all available rosidl_typesupport_c: rosidl_typesupport_fastrtps_c;rosidl_typesupport_introspection_c
[8.497s] -- Using all available rosidl_typesupport_cpp: rosidl_typesupport_fastrtps_cpp;rosidl_typesupport_introspection_cpp
[9.429s] -- Found rmw_implementation_cmake: 6.1.2 (/opt/ros/humble/share/rmw_implementation_cmake/cmake)
[9.477s] -- Found rmw_fastrtps_cpp: 6.2.6 (/opt/ros/humble/share/rmw_fastrtps_cpp/cmake)
[10.753s] -- Found OpenSSL: /usr/lib/x86_64-linux-gnu/libcrypto.so (found version "3.0.2")  
[11.084s] -- Found FastRTPS: /opt/ros/humble/include  
[11.763s] -- Using RMW implementation 'rmw_fastrtps_cpp' as default
[11.946s] -- Looking for pthread.h
[12.835s] -- Looking for pthread.h - found
[12.840s] -- Performing Test CMAKE_HAVE_LIBC_PTHREAD
[13.822s] -- Performing Test CMAKE_HAVE_LIBC_PTHREAD - Success
[13.837s] -- Found Threads: TRUE  
[15.467s] -- Found interface_example: 0.0.0 (/home/yeon/ros2_workspace/src/ros2_ws/install/interface_example/share/interface_example/cmake)
[17.347s] -- Found rclcpp_action: 16.0.9 (/opt/ros/humble/share/rclcpp_action/cmake)
[17.645s] -- Found ament_lint_auto: 0.12.11 (/opt/ros/humble/share/ament_lint_auto/cmake)
[19.297s] -- Added test 'cppcheck' to perform static code analysis on C / C++ code
[19.304s] -- Configured cppcheck include dirs: /home/yeon/ros2_workspace/src/ros2_ws/arithmetic/include
[19.312s] -- Configured cppcheck exclude dirs and/or files: 
[19.330s] -- Added test 'flake8' to check Python code syntax and style conventions
[19.354s] -- Added test 'lint_cmake' to check CMake code style
[19.372s] -- Added test 'pep257' to check Python code against some of the docstring style conventions in PEP 257
[19.413s] -- Added test 'uncrustify' to check C / C++ code style
[19.413s] -- Configured uncrustify additional arguments: 
[19.435s] -- Added test 'xmllint' to check XML markup files
[19.463s] -- Configuring done
[19.683s] -- Generating done
[19.721s] -- Build files have been written to: /home/yeon/ros2_workspace/src/ros2_ws/build/arithmetic
[19.904s] Invoked command in '/home/yeon/ros2_workspace/src/ros2_ws/build/arithmetic' returned '0': AMENT_PREFIX_PATH=/home/yeon/ros2_workspace/src/ros2_ws/install/interface_example:${AMENT_PREFIX_PATH} CMAKE_PREFIX_PATH=/home/yeon/ros2_workspace/src/ros2_ws/install/interface_example:/home/yeon/ros2_workspace/install/turtlebot3_simulations:/home/yeon/ros2_workspace/install/turtlebot3_gazebo:/home/yeon/ros2_workspace/install/turtlebot3_fake_node:/home/yeon/ros2_workspace/install/topic_final:/home/yeon/ros2_workspace/install/simple_pkg_cpp:/home/yeon/ros2_workspace/install/movesim:/home/yeon/ros2_workspace/install/arithmetic:/home/yeon/ros2_workspace/install/interface_example:/opt/ros/humble LD_LIBRARY_PATH=/home/yeon/ros2_workspace/src/ros2_ws/install/interface_example/lib:/home/yeon/ros2_workspace/install/interface_example/lib:/usr/lib/x86_64-linux-gnu/gazebo-11/plugins:/opt/ros/humble/opt/rviz_ogre_vendor/lib:/opt/ros/humble/lib/x86_64-linux-gnu:/opt/ros/humble/lib:/usr/lib/x86_64-linux-gnu/gazebo-11/plugins:/usr/lib/x86_64-linux-gnu/gazebo-11/plugins:/usr/lib/x86_64-linux-gnu/gazebo-11/plugins PYTHONPATH=/home/yeon/ros2_workspace/src/ros2_ws/install/interface_example/local/lib/python3.10/dist-packages:${PYTHONPATH} /usr/bin/cmake /home/yeon/ros2_workspace/src/ros2_ws/arithmetic -DAMENT_CMAKE_SYMLINK_INSTALL=1 -DCMAKE_INSTALL_PREFIX=/home/yeon/ros2_workspace/src/ros2_ws/install/arithmetic
[19.910s] Invoking command in '/home/yeon/ros2_workspace/src/ros2_ws/build/arithmetic': AMENT_PREFIX_PATH=/home/yeon/ros2_workspace/src/ros2_ws/install/interface_example:${AMENT_PREFIX_PATH} CMAKE_PREFIX_PATH=/home/yeon/ros2_workspace/src/ros2_ws/install/interface_example:/home/yeon/ros2_workspace/install/turtlebot3_simulations:/home/yeon/ros2_workspace/install/turtlebot3_gazebo:/home/yeon/ros2_workspace/install/turtlebot3_fake_node:/home/yeon/ros2_workspace/install/topic_final:/home/yeon/ros2_workspace/install/simple_pkg_cpp:/home/yeon/ros2_workspace/install/movesim:/home/yeon/ros2_workspace/install/arithmetic:/home/yeon/ros2_workspace/install/interface_example:/opt/ros/humble LD_LIBRARY_PATH=/home/yeon/ros2_workspace/src/ros2_ws/install/interface_example/lib:/home/yeon/ros2_workspace/install/interface_example/lib:/usr/lib/x86_64-linux-gnu/gazebo-11/plugins:/opt/ros/humble/opt/rviz_ogre_vendor/lib:/opt/ros/humble/lib/x86_64-linux-gnu:/opt/ros/humble/lib:/usr/lib/x86_64-linux-gnu/gazebo-11/plugins:/usr/lib/x86_64-linux-gnu/gazebo-11/plugins:/usr/lib/x86_64-linux-gnu/gazebo-11/plugins PYTHONPATH=/home/yeon/ros2_workspace/src/ros2_ws/install/interface_example/local/lib/python3.10/dist-packages:${PYTHONPATH} /usr/bin/cmake --build /home/yeon/ros2_workspace/src/ros2_ws/build/arithmetic -- -j2 -l2
[20.505s] [ 10%] [32mBuilding CXX object CMakeFiles/calculator.dir/src/calculator/calculator.cpp.o[0m
[254.634s] [ 20%] [32mBuilding CXX object CMakeFiles/calculator.dir/src/calculator/main.cpp.o[0m
[299.042s] [ 30%] [32m[1mLinking CXX executable calculator[0m
[304.806s] [ 30%] Built target calculator
[305.013s] [ 40%] [32mBuilding CXX object CMakeFiles/argument.dir/src/arithmetic/argument.cpp.o[0m
[530.148s] [ 50%] [32m[1mLinking CXX executable argument[0m
[534.239s] [ 50%] Built target argument
[534.474s] [ 60%] [32mBuilding CXX object CMakeFiles/operator.dir/src/arithmetic/operator.cpp.o[0m
[608.403s] [ 70%] [32m[1mLinking CXX executable operator[0m
[611.064s] [ 70%] Built target operator
[611.260s] [ 80%] [32mBuilding CXX object CMakeFiles/checker.dir/src/checker/checker.cpp.o[0m
[628.238s] [ 90%] [32mBuilding CXX object CMakeFiles/checker.dir/src/checker/main.cpp.o[0m
[638.260s] [100%] [32m[1mLinking CXX executable checker[0m
[638.461s] [100%] Built target checker
[638.565s] Invoked command in '/home/yeon/ros2_workspace/src/ros2_ws/build/arithmetic' returned '0': AMENT_PREFIX_PATH=/home/yeon/ros2_workspace/src/ros2_ws/install/interface_example:${AMENT_PREFIX_PATH} CMAKE_PREFIX_PATH=/home/yeon/ros2_workspace/src/ros2_ws/install/interface_example:/home/yeon/ros2_workspace/install/turtlebot3_simulations:/home/yeon/ros2_workspace/install/turtlebot3_gazebo:/home/yeon/ros2_workspace/install/turtlebot3_fake_node:/home/yeon/ros2_workspace/install/topic_final:/home/yeon/ros2_workspace/install/simple_pkg_cpp:/home/yeon/ros2_workspace/install/movesim:/home/yeon/ros2_workspace/install/arithmetic:/home/yeon/ros2_workspace/install/interface_example:/opt/ros/humble LD_LIBRARY_PATH=/home/yeon/ros2_workspace/src/ros2_ws/install/interface_example/lib:/home/yeon/ros2_workspace/install/interface_example/lib:/usr/lib/x86_64-linux-gnu/gazebo-11/plugins:/opt/ros/humble/opt/rviz_ogre_vendor/lib:/opt/ros/humble/lib/x86_64-linux-gnu:/opt/ros/humble/lib:/usr/lib/x86_64-linux-gnu/gazebo-11/plugins:/usr/lib/x86_64-linux-gnu/gazebo-11/plugins:/usr/lib/x86_64-linux-gnu/gazebo-11/plugins PYTHONPATH=/home/yeon/ros2_workspace/src/ros2_ws/install/interface_example/local/lib/python3.10/dist-packages:${PYTHONPATH} /usr/bin/cmake --build /home/yeon/ros2_workspace/src/ros2_ws/build/arithmetic -- -j2 -l2
[638.678s] Invoking command in '/home/yeon/ros2_workspace/src/ros2_ws/build/arithmetic': AMENT_PREFIX_PATH=/home/yeon/ros2_workspace/src/ros2_ws/install/interface_example:${AMENT_PREFIX_PATH} CMAKE_PREFIX_PATH=/home/yeon/ros2_workspace/src/ros2_ws/install/interface_example:/home/yeon/ros2_workspace/install/turtlebot3_simulations:/home/yeon/ros2_workspace/install/turtlebot3_gazebo:/home/yeon/ros2_workspace/install/turtlebot3_fake_node:/home/yeon/ros2_workspace/install/topic_final:/home/yeon/ros2_workspace/install/simple_pkg_cpp:/home/yeon/ros2_workspace/install/movesim:/home/yeon/ros2_workspace/install/arithmetic:/home/yeon/ros2_workspace/install/interface_example:/opt/ros/humble LD_LIBRARY_PATH=/home/yeon/ros2_workspace/src/ros2_ws/install/interface_example/lib:/home/yeon/ros2_workspace/install/interface_example/lib:/usr/lib/x86_64-linux-gnu/gazebo-11/plugins:/opt/ros/humble/opt/rviz_ogre_vendor/lib:/opt/ros/humble/lib/x86_64-linux-gnu:/opt/ros/humble/lib:/usr/lib/x86_64-linux-gnu/gazebo-11/plugins:/usr/lib/x86_64-linux-gnu/gazebo-11/plugins:/usr/lib/x86_64-linux-gnu/gazebo-11/plugins PYTHONPATH=/home/yeon/ros2_workspace/src/ros2_ws/install/interface_example/local/lib/python3.10/dist-packages:${PYTHONPATH} /usr/bin/cmake --install /home/yeon/ros2_workspace/src/ros2_ws/build/arithmetic
[638.702s] -- Install configuration: ""
[638.703s] -- Execute custom install script
[638.705s] -- Symlinking: /home/yeon/ros2_workspace/src/ros2_ws/install/arithmetic/lib/arithmetic/calculator
[638.718s] -- Symlinking: /home/yeon/ros2_workspace/src/ros2_ws/install/arithmetic/lib/arithmetic/argument
[638.727s] -- Symlinking: /home/yeon/ros2_workspace/src/ros2_ws/install/arithmetic/lib/arithmetic/operator
[638.743s] -- Symlinking: /home/yeon/ros2_workspace/src/ros2_ws/install/arithmetic/lib/arithmetic/checker
[638.758s] -- Symlinking: /home/yeon/ros2_workspace/src/ros2_ws/install/arithmetic/share/arithmetic/launch/arithmetic.launch.py
[638.768s] -- Symlinking: /home/yeon/ros2_workspace/src/ros2_ws/install/arithmetic/share/arithmetic/param/arithmetic.yaml
[638.776s] -- Symlinking: /home/yeon/ros2_workspace/src/ros2_ws/install/arithmetic/share/ament_index/resource_index/package_run_dependencies/arithmetic
[638.790s] -- Symlinking: /home/yeon/ros2_workspace/src/ros2_ws/install/arithmetic/share/ament_index/resource_index/parent_prefix_path/arithmetic
[638.808s] -- Symlinking: /home/yeon/ros2_workspace/src/ros2_ws/install/arithmetic/share/arithmetic/environment/ament_prefix_path.sh
[638.821s] -- Symlinking: /home/yeon/ros2_workspace/src/ros2_ws/install/arithmetic/share/arithmetic/environment/ament_prefix_path.dsv
[638.831s] -- Symlinking: /home/yeon/ros2_workspace/src/ros2_ws/install/arithmetic/share/arithmetic/environment/path.sh
[638.841s] -- Symlinking: /home/yeon/ros2_workspace/src/ros2_ws/install/arithmetic/share/arithmetic/environment/path.dsv
[638.850s] -- Symlinking: /home/yeon/ros2_workspace/src/ros2_ws/install/arithmetic/share/arithmetic/local_setup.bash
[638.861s] -- Symlinking: /home/yeon/ros2_workspace/src/ros2_ws/install/arithmetic/share/arithmetic/local_setup.sh
[638.871s] -- Symlinking: /home/yeon/ros2_workspace/src/ros2_ws/install/arithmetic/share/arithmetic/local_setup.zsh
[638.879s] -- Symlinking: /home/yeon/ros2_workspace/src/ros2_ws/install/arithmetic/share/arithmetic/local_setup.dsv
[638.890s] -- Symlinking: /home/yeon/ros2_workspace/src/ros2_ws/install/arithmetic/share/arithmetic/package.dsv
[638.916s] -- Symlinking: /home/yeon/ros2_workspace/src/ros2_ws/install/arithmetic/share/ament_index/resource_index/packages/arithmetic
[638.925s] -- Symlinking: /home/yeon/ros2_workspace/src/ros2_ws/install/arithmetic/share/arithmetic/cmake/arithmeticConfig.cmake
[638.935s] -- Symlinking: /home/yeon/ros2_workspace/src/ros2_ws/install/arithmetic/share/arithmetic/cmake/arithmeticConfig-version.cmake
[638.949s] -- Symlinking: /home/yeon/ros2_workspace/src/ros2_ws/install/arithmetic/share/arithmetic/package.xml
[638.969s] Invoked command in '/home/yeon/ros2_workspace/src/ros2_ws/build/arithmetic' returned '0': AMENT_PREFIX_PATH=/home/yeon/ros2_workspace/src/ros2_ws/install/interface_example:${AMENT_PREFIX_PATH} CMAKE_PREFIX_PATH=/home/yeon/ros2_workspace/src/ros2_ws/install/interface_example:/home/yeon/ros2_workspace/install/turtlebot3_simulations:/home/yeon/ros2_workspace/install/turtlebot3_gazebo:/home/yeon/ros2_workspace/install/turtlebot3_fake_node:/home/yeon/ros2_workspace/install/topic_final:/home/yeon/ros2_workspace/install/simple_pkg_cpp:/home/yeon/ros2_workspace/install/movesim:/home/yeon/ros2_workspace/install/arithmetic:/home/yeon/ros2_workspace/install/interface_example:/opt/ros/humble LD_LIBRARY_PATH=/home/yeon/ros2_workspace/src/ros2_ws/install/interface_example/lib:/home/yeon/ros2_workspace/install/interface_example/lib:/usr/lib/x86_64-linux-gnu/gazebo-11/plugins:/opt/ros/humble/opt/rviz_ogre_vendor/lib:/opt/ros/humble/lib/x86_64-linux-gnu:/opt/ros/humble/lib:/usr/lib/x86_64-linux-gnu/gazebo-11/plugins:/usr/lib/x86_64-linux-gnu/gazebo-11/plugins:/usr/lib/x86_64-linux-gnu/gazebo-11/plugins PYTHONPATH=/home/yeon/ros2_workspace/src/ros2_ws/install/interface_example/local/lib/python3.10/dist-packages:${PYTHONPATH} /usr/bin/cmake --install /home/yeon/ros2_workspace/src/ros2_ws/build/arithmetic
