[0.080s] Invoking command in '/home/yeon/ros2_workspace/src/ros2_ws/build/interface_example': CMAKE_PREFIX_PATH=${CMAKE_PREFIX_PATH}:/opt/ros/humble /usr/bin/cmake /home/yeon/ros2_workspace/src/ros2_ws/interface_example -DAMENT_CMAKE_SYMLINK_INSTALL=1 -DCMAKE_INSTALL_PREFIX=/home/yeon/ros2_workspace/src/ros2_ws/install/interface_example
[1.009s] -- The C compiler identification is GNU 11.4.0
[1.768s] -- The CXX compiler identification is GNU 11.4.0
[1.882s] -- Detecting C compiler ABI info
[2.890s] -- Detecting C compiler ABI info - done
[2.964s] -- Check for working C compiler: /usr/bin/cc - skipped
[2.965s] -- Detecting C compile features
[2.968s] -- Detecting C compile features - done
[2.982s] -- Detecting CXX compiler ABI info
[3.791s] -- Detecting CXX compiler ABI info - done
[3.859s] -- Check for working CXX compiler: /usr/bin/c++ - skipped
[3.859s] -- Detecting CXX compile features
[3.859s] -- Detecting CXX compile features - done
[3.953s] -- Found ament_cmake: 1.3.9 (/opt/ros/humble/share/ament_cmake/cmake)
[5.527s] -- Found Python3: /usr/bin/python3 (found version "3.10.12") found components: Interpreter 
[6.124s] -- Override CMake install command with custom implementation using symlinks instead of copying resources
[6.649s] -- Found rosidl_default_generators: 1.2.0 (/opt/ros/humble/share/rosidl_default_generators/cmake)
[6.685s] -- Using all available rosidl_typesupport_c: rosidl_typesupport_fastrtps_c;rosidl_typesupport_introspection_c
[6.743s] -- Found rosidl_adapter: 3.1.5 (/opt/ros/humble/share/rosidl_adapter/cmake)
[7.169s] -- Using all available rosidl_typesupport_cpp: rosidl_typesupport_fastrtps_cpp;rosidl_typesupport_introspection_cpp
[11.849s] -- Found ament_cmake_ros: 0.10.0 (/opt/ros/humble/share/ament_cmake_ros/cmake)
[13.874s] -- Using all available rosidl_typesupport_c: rosidl_typesupport_fastrtps_c;rosidl_typesupport_introspection_c
[16.643s] -- Using all available rosidl_typesupport_cpp: rosidl_typesupport_fastrtps_cpp;rosidl_typesupport_introspection_cpp
[16.911s] -- Found PythonInterp: /usr/bin/python3 (found suitable version "3.10.12", minimum required is "3.6") 
[16.957s] -- Found python_cmake_module: 0.10.0 (/opt/ros/humble/share/python_cmake_module/cmake)
[17.263s] -- Found PythonLibs: /usr/lib/x86_64-linux-gnu/libpython3.10.so (found suitable version "3.10.12", minimum required is "3.5") 
[17.277s] -- Using PYTHON_EXECUTABLE: /usr/bin/python3
[17.278s] -- Using PYTHON_INCLUDE_DIRS: /usr/include/python3.10
[17.282s] -- Using PYTHON_LIBRARIES: /usr/lib/x86_64-linux-gnu/libpython3.10.so
[17.443s] -- Found PythonExtra: .so  
[17.943s] -- Found ament_lint_auto: 0.12.11 (/opt/ros/humble/share/ament_lint_auto/cmake)
[18.069s] -- Configuring done
[18.472s] -- Generating done
[18.492s] -- Build files have been written to: /home/yeon/ros2_workspace/src/ros2_ws/build/interface_example
[18.517s] Invoked command in '/home/yeon/ros2_workspace/src/ros2_ws/build/interface_example' returned '0': CMAKE_PREFIX_PATH=${CMAKE_PREFIX_PATH}:/opt/ros/humble /usr/bin/cmake /home/yeon/ros2_workspace/src/ros2_ws/interface_example -DAMENT_CMAKE_SYMLINK_INSTALL=1 -DCMAKE_INSTALL_PREFIX=/home/yeon/ros2_workspace/src/ros2_ws/install/interface_example
[18.519s] Invoking command in '/home/yeon/ros2_workspace/src/ros2_ws/build/interface_example': CMAKE_PREFIX_PATH=${CMAKE_PREFIX_PATH}:/opt/ros/humble /usr/bin/cmake --build /home/yeon/ros2_workspace/src/ros2_ws/build/interface_example -- -j2 -l2
[18.879s] [  1%] [34m[1mGenerating C++ code for ROS interfaces[0m
[28.524s] [  1%] Built target interface_example__cpp
[28.566s] [  3%] [34m[1mGenerating C code for ROS interfaces[0m
[38.383s] [  4%] [32mBuilding C object CMakeFiles/interface_example__rosidl_generator_c.dir/rosidl_generator_c/interface_example/msg/detail/arithmetic_argument__functions.c.o[0m
[39.040s] [  6%] [32mBuilding C object CMakeFiles/interface_example__rosidl_generator_c.dir/rosidl_generator_c/interface_example/srv/detail/add_two_int__functions.c.o[0m
[39.932s] [  7%] [32mBuilding C object CMakeFiles/interface_example__rosidl_generator_c.dir/rosidl_generator_c/interface_example/srv/detail/arithmetic_operator__functions.c.o[0m
[40.426s] [  9%] [32mBuilding C object CMakeFiles/interface_example__rosidl_generator_c.dir/rosidl_generator_c/interface_example/action/detail/fibonacci__functions.c.o[0m
[41.711s] [ 11%] [32mBuilding C object CMakeFiles/interface_example__rosidl_generator_c.dir/rosidl_generator_c/interface_example/action/detail/arithmetic_checker__functions.c.o[0m
[43.060s] [ 12%] [32m[1mLinking C shared library libinterface_example__rosidl_generator_c.so[0m
[43.358s] [ 12%] Built target interface_example__rosidl_generator_c
[43.573s] [ 12%] Built target ament_cmake_python_symlink_interface_example
[43.723s] [ 14%] [34m[1mGenerating C++ type support dispatch for ROS interfaces[0m
[48.941s] [ 15%] [32mBuilding CXX object CMakeFiles/interface_example__rosidl_typesupport_cpp.dir/rosidl_typesupport_cpp/interface_example/msg/arithmetic_argument__type_support.cpp.o[0m
[52.428s] [ 17%] [32mBuilding CXX object CMakeFiles/interface_example__rosidl_typesupport_cpp.dir/rosidl_typesupport_cpp/interface_example/srv/add_two_int__type_support.cpp.o[0m
[54.341s] [ 19%] [32mBuilding CXX object CMakeFiles/interface_example__rosidl_typesupport_cpp.dir/rosidl_typesupport_cpp/interface_example/srv/arithmetic_operator__type_support.cpp.o[0m
[57.340s] [ 20%] [32mBuilding CXX object CMakeFiles/interface_example__rosidl_typesupport_cpp.dir/rosidl_typesupport_cpp/interface_example/action/fibonacci__type_support.cpp.o[0m
[61.611s] [ 22%] [32mBuilding CXX object CMakeFiles/interface_example__rosidl_typesupport_cpp.dir/rosidl_typesupport_cpp/interface_example/action/arithmetic_checker__type_support.cpp.o[0m
[66.260s] [ 23%] [32m[1mLinking CXX shared library libinterface_example__rosidl_typesupport_cpp.so[0m
[66.797s] [ 23%] Built target interface_example__rosidl_typesupport_cpp
[66.930s] [ 25%] [34m[1mGenerating C type support for eProsima Fast-RTPS[0m
[74.487s] [ 26%] [32mBuilding CXX object CMakeFiles/interface_example__rosidl_typesupport_fastrtps_c.dir/rosidl_typesupport_fastrtps_c/interface_example/msg/detail/arithmetic_argument__type_support_c.cpp.o[0m
[78.426s] [ 28%] [32mBuilding CXX object CMakeFiles/interface_example__rosidl_typesupport_fastrtps_c.dir/rosidl_typesupport_fastrtps_c/interface_example/srv/detail/add_two_int__type_support_c.cpp.o[0m
[82.886s] [ 30%] [32mBuilding CXX object CMakeFiles/interface_example__rosidl_typesupport_fastrtps_c.dir/rosidl_typesupport_fastrtps_c/interface_example/srv/detail/arithmetic_operator__type_support_c.cpp.o[0m
[86.904s] [ 31%] [32mBuilding CXX object CMakeFiles/interface_example__rosidl_typesupport_fastrtps_c.dir/rosidl_typesupport_fastrtps_c/interface_example/action/detail/fibonacci__type_support_c.cpp.o[0m
[93.562s] [ 33%] [32mBuilding CXX object CMakeFiles/interface_example__rosidl_typesupport_fastrtps_c.dir/rosidl_typesupport_fastrtps_c/interface_example/action/detail/arithmetic_checker__type_support_c.cpp.o[0m
[99.093s] [ 34%] [32m[1mLinking CXX shared library libinterface_example__rosidl_typesupport_fastrtps_c.so[0m
[99.920s] [ 34%] Built target interface_example__rosidl_typesupport_fastrtps_c
[100.106s] [ 36%] [34m[1mGenerating C introspection for ROS interfaces[0m
[108.729s] [ 38%] [32mBuilding C object CMakeFiles/interface_example__rosidl_typesupport_introspection_c.dir/rosidl_typesupport_introspection_c/interface_example/msg/detail/arithmetic_argument__type_support.c.o[0m
[109.371s] [ 39%] [32mBuilding C object CMakeFiles/interface_example__rosidl_typesupport_introspection_c.dir/rosidl_typesupport_introspection_c/interface_example/srv/detail/add_two_int__type_support.c.o[0m
[109.654s] [ 41%] [32mBuilding C object CMakeFiles/interface_example__rosidl_typesupport_introspection_c.dir/rosidl_typesupport_introspection_c/interface_example/srv/detail/arithmetic_operator__type_support.c.o[0m
[109.810s] [ 42%] [32mBuilding C object CMakeFiles/interface_example__rosidl_typesupport_introspection_c.dir/rosidl_typesupport_introspection_c/interface_example/action/detail/fibonacci__type_support.c.o[0m
[110.278s] [ 44%] [32mBuilding C object CMakeFiles/interface_example__rosidl_typesupport_introspection_c.dir/rosidl_typesupport_introspection_c/interface_example/action/detail/arithmetic_checker__type_support.c.o[0m
[110.873s] [ 46%] [32m[1mLinking C shared library libinterface_example__rosidl_typesupport_introspection_c.so[0m
[111.256s] [ 46%] Built target interface_example__rosidl_typesupport_introspection_c
[111.334s] [ 47%] [34m[1mGenerating C type support dispatch for ROS interfaces[0m
[116.179s] [ 49%] [32mBuilding CXX object CMakeFiles/interface_example__rosidl_typesupport_c.dir/rosidl_typesupport_c/interface_example/msg/arithmetic_argument__type_support.cpp.o[0m
[116.565s] [ 50%] [32mBuilding CXX object CMakeFiles/interface_example__rosidl_typesupport_c.dir/rosidl_typesupport_c/interface_example/srv/add_two_int__type_support.cpp.o[0m
[116.859s] [ 52%] [32mBuilding CXX object CMakeFiles/interface_example__rosidl_typesupport_c.dir/rosidl_typesupport_c/interface_example/srv/arithmetic_operator__type_support.cpp.o[0m
[117.267s] [ 53%] [32mBuilding CXX object CMakeFiles/interface_example__rosidl_typesupport_c.dir/rosidl_typesupport_c/interface_example/action/fibonacci__type_support.cpp.o[0m
[117.844s] [ 55%] [32mBuilding CXX object CMakeFiles/interface_example__rosidl_typesupport_c.dir/rosidl_typesupport_c/interface_example/action/arithmetic_checker__type_support.cpp.o[0m
[118.311s] [ 57%] [32m[1mLinking CXX shared library libinterface_example__rosidl_typesupport_c.so[0m
[118.839s] [ 57%] Built target interface_example__rosidl_typesupport_c
[118.992s] [ 58%] [34m[1mGenerating C++ type support for eProsima Fast-RTPS[0m
[126.190s] [ 60%] [32mBuilding CXX object CMakeFiles/interface_example__rosidl_typesupport_fastrtps_cpp.dir/rosidl_typesupport_fastrtps_cpp/interface_example/msg/detail/dds_fastrtps/arithmetic_argument__type_support.cpp.o[0m
[130.781s] [ 61%] [32mBuilding CXX object CMakeFiles/interface_example__rosidl_typesupport_fastrtps_cpp.dir/rosidl_typesupport_fastrtps_cpp/interface_example/srv/detail/dds_fastrtps/add_two_int__type_support.cpp.o[0m
[135.422s] [ 63%] [32mBuilding CXX object CMakeFiles/interface_example__rosidl_typesupport_fastrtps_cpp.dir/rosidl_typesupport_fastrtps_cpp/interface_example/srv/detail/dds_fastrtps/arithmetic_operator__type_support.cpp.o[0m
[140.368s] [ 65%] [32mBuilding CXX object CMakeFiles/interface_example__rosidl_typesupport_fastrtps_cpp.dir/rosidl_typesupport_fastrtps_cpp/interface_example/action/detail/dds_fastrtps/fibonacci__type_support.cpp.o[0m
[147.370s] [ 66%] [32mBuilding CXX object CMakeFiles/interface_example__rosidl_typesupport_fastrtps_cpp.dir/rosidl_typesupport_fastrtps_cpp/interface_example/action/detail/dds_fastrtps/arithmetic_checker__type_support.cpp.o[0m
[153.193s] [ 68%] [32m[1mLinking CXX shared library libinterface_example__rosidl_typesupport_fastrtps_cpp.so[0m
[153.926s] [ 68%] Built target interface_example__rosidl_typesupport_fastrtps_cpp
[154.129s] [ 69%] [34m[1mGenerating C++ introspection for ROS interfaces[0m
[160.582s] [ 71%] [32mBuilding CXX object CMakeFiles/interface_example__rosidl_typesupport_introspection_cpp.dir/rosidl_typesupport_introspection_cpp/interface_example/msg/detail/arithmetic_argument__type_support.cpp.o[0m
[164.157s] [ 73%] [32mBuilding CXX object CMakeFiles/interface_example__rosidl_typesupport_introspection_cpp.dir/rosidl_typesupport_introspection_cpp/interface_example/srv/detail/add_two_int__type_support.cpp.o[0m
[167.437s] [ 74%] [32mBuilding CXX object CMakeFiles/interface_example__rosidl_typesupport_introspection_cpp.dir/rosidl_typesupport_introspection_cpp/interface_example/srv/detail/arithmetic_operator__type_support.cpp.o[0m
[170.685s] [ 76%] [32mBuilding CXX object CMakeFiles/interface_example__rosidl_typesupport_introspection_cpp.dir/rosidl_typesupport_introspection_cpp/interface_example/action/detail/fibonacci__type_support.cpp.o[0m
[177.622s] [ 77%] [32mBuilding CXX object CMakeFiles/interface_example__rosidl_typesupport_introspection_cpp.dir/rosidl_typesupport_introspection_cpp/interface_example/action/detail/arithmetic_checker__type_support.cpp.o[0m
[185.475s] [ 79%] [32m[1mLinking CXX shared library libinterface_example__rosidl_typesupport_introspection_cpp.so[0m
[186.605s] [ 79%] Built target interface_example__rosidl_typesupport_introspection_cpp
[192.689s] running egg_info
[192.694s] creating interface_example.egg-info
[192.698s] writing interface_example.egg-info/PKG-INFO
[192.699s] writing dependency_links to interface_example.egg-info/dependency_links.txt
[192.701s] writing top-level names to interface_example.egg-info/top_level.txt
[192.703s] writing manifest file 'interface_example.egg-info/SOURCES.txt'
[192.737s] reading manifest file 'interface_example.egg-info/SOURCES.txt'
[192.747s] writing manifest file 'interface_example.egg-info/SOURCES.txt'
[193.218s] [ 79%] Built target ament_cmake_python_build_interface_example_egg
[193.451s] [ 79%] Built target interface_example
[193.967s] [ 80%] [34m[1mGenerating Python code for ROS interfaces[0m
[209.375s] [ 80%] Built target interface_example__py
[209.704s] [ 82%] [32mBuilding C object CMakeFiles/interface_example__rosidl_generator_py.dir/rosidl_generator_py/interface_example/msg/_arithmetic_argument_s.c.o[0m
[212.142s] [ 84%] [32mBuilding C object CMakeFiles/interface_example__rosidl_generator_py.dir/rosidl_generator_py/interface_example/srv/_add_two_int_s.c.o[0m
[213.092s] [ 85%] [32mBuilding C object CMakeFiles/interface_example__rosidl_generator_py.dir/rosidl_generator_py/interface_example/srv/_arithmetic_operator_s.c.o[0m
[214.001s] [ 87%] [32mBuilding C object CMakeFiles/interface_example__rosidl_generator_py.dir/rosidl_generator_py/interface_example/action/_fibonacci_s.c.o[0m
[215.727s] [ 88%] [32mBuilding C object CMakeFiles/interface_example__rosidl_generator_py.dir/rosidl_generator_py/interface_example/action/_arithmetic_checker_s.c.o[0m
[217.374s] [ 90%] [32m[1mLinking C shared library rosidl_generator_py/interface_example/libinterface_example__rosidl_generator_py.so[0m
[218.095s] [ 90%] Built target interface_example__rosidl_generator_py
[218.256s] [ 92%] [32mBuilding C object CMakeFiles/interface_example__rosidl_typesupport_fastrtps_c__pyext.dir/rosidl_generator_py/interface_example/_interface_example_s.ep.rosidl_typesupport_fastrtps_c.c.o[0m
[220.487s] [ 93%] [32m[1mLinking C shared library rosidl_generator_py/interface_example/interface_example_s__rosidl_typesupport_fastrtps_c.cpython-310-x86_64-linux-gnu.so[0m
[221.052s] [ 93%] Built target interface_example__rosidl_typesupport_fastrtps_c__pyext
[221.348s] [ 95%] [32mBuilding C object CMakeFiles/interface_example__rosidl_typesupport_introspection_c__pyext.dir/rosidl_generator_py/interface_example/_interface_example_s.ep.rosidl_typesupport_introspection_c.c.o[0m
[222.847s] [ 96%] [32m[1mLinking C shared library rosidl_generator_py/interface_example/interface_example_s__rosidl_typesupport_introspection_c.cpython-310-x86_64-linux-gnu.so[0m
[223.318s] [ 96%] Built target interface_example__rosidl_typesupport_introspection_c__pyext
[223.618s] [ 98%] [32mBuilding C object CMakeFiles/interface_example__rosidl_typesupport_c__pyext.dir/rosidl_generator_py/interface_example/_interface_example_s.ep.rosidl_typesupport_c.c.o[0m
[224.948s] [100%] [32m[1mLinking C shared library rosidl_generator_py/interface_example/interface_example_s__rosidl_typesupport_c.cpython-310-x86_64-linux-gnu.so[0m
[225.465s] [100%] Built target interface_example__rosidl_typesupport_c__pyext
[225.900s] Invoked command in '/home/yeon/ros2_workspace/src/ros2_ws/build/interface_example' returned '0': CMAKE_PREFIX_PATH=${CMAKE_PREFIX_PATH}:/opt/ros/humble /usr/bin/cmake --build /home/yeon/ros2_workspace/src/ros2_ws/build/interface_example -- -j2 -l2
[228.318s] Invoking command in '/home/yeon/ros2_workspace/src/ros2_ws/build/interface_example': CMAKE_PREFIX_PATH=${CMAKE_PREFIX_PATH}:/opt/ros/humble /usr/bin/cmake --install /home/yeon/ros2_workspace/src/ros2_ws/build/interface_example
[228.364s] -- Install configuration: ""
[228.365s] -- Execute custom install script
[228.365s] -- Symlinking: /home/yeon/ros2_workspace/src/ros2_ws/install/interface_example/share/ament_index/resource_index/rosidl_interfaces/interface_example
[228.424s] -- Symlinking: /home/yeon/ros2_workspace/src/ros2_ws/install/interface_example/include/interface_example/interface_example/action/arithmetic_checker.h
[228.498s] -- Symlinking: /home/yeon/ros2_workspace/src/ros2_ws/install/interface_example/include/interface_example/interface_example/action/detail/arithmetic_checker__functions.h
[228.637s] -- Symlinking: /home/yeon/ros2_workspace/src/ros2_ws/install/interface_example/include/interface_example/interface_example/action/detail/arithmetic_checker__struct.h
[228.725s] -- Symlinking: /home/yeon/ros2_workspace/src/ros2_ws/install/interface_example/include/interface_example/interface_example/action/detail/arithmetic_checker__type_support.h
[228.809s] -- Symlinking: /home/yeon/ros2_workspace/src/ros2_ws/install/interface_example/include/interface_example/interface_example/action/detail/fibonacci__functions.h
[228.915s] -- Symlinking: /home/yeon/ros2_workspace/src/ros2_ws/install/interface_example/include/interface_example/interface_example/action/detail/fibonacci__struct.h
[228.999s] -- Symlinking: /home/yeon/ros2_workspace/src/ros2_ws/install/interface_example/include/interface_example/interface_example/action/detail/fibonacci__type_support.h
[229.141s] -- Symlinking: /home/yeon/ros2_workspace/src/ros2_ws/install/interface_example/include/interface_example/interface_example/action/fibonacci.h
[229.237s] -- Symlinking: /home/yeon/ros2_workspace/src/ros2_ws/install/interface_example/include/interface_example/interface_example/msg/arithmetic_argument.h
[229.378s] -- Symlinking: /home/yeon/ros2_workspace/src/ros2_ws/install/interface_example/include/interface_example/interface_example/msg/detail/arithmetic_argument__functions.h
[229.496s] -- Symlinking: /home/yeon/ros2_workspace/src/ros2_ws/install/interface_example/include/interface_example/interface_example/msg/detail/arithmetic_argument__struct.h
[229.527s] -- Symlinking: /home/yeon/ros2_workspace/src/ros2_ws/install/interface_example/include/interface_example/interface_example/msg/detail/arithmetic_argument__type_support.h
[229.698s] -- Symlinking: /home/yeon/ros2_workspace/src/ros2_ws/install/interface_example/include/interface_example/interface_example/msg/rosidl_generator_c__visibility_control.h
[229.906s] -- Symlinking: /home/yeon/ros2_workspace/src/ros2_ws/install/interface_example/include/interface_example/interface_example/srv/add_two_int.h
[229.937s] -- Symlinking: /home/yeon/ros2_workspace/src/ros2_ws/install/interface_example/include/interface_example/interface_example/srv/arithmetic_operator.h
[229.961s] -- Symlinking: /home/yeon/ros2_workspace/src/ros2_ws/install/interface_example/include/interface_example/interface_example/srv/detail/add_two_int__functions.h
[229.997s] -- Symlinking: /home/yeon/ros2_workspace/src/ros2_ws/install/interface_example/include/interface_example/interface_example/srv/detail/add_two_int__struct.h
[230.087s] -- Symlinking: /home/yeon/ros2_workspace/src/ros2_ws/install/interface_example/include/interface_example/interface_example/srv/detail/add_two_int__type_support.h
[230.136s] -- Symlinking: /home/yeon/ros2_workspace/src/ros2_ws/install/interface_example/include/interface_example/interface_example/srv/detail/arithmetic_operator__functions.h
[230.219s] -- Symlinking: /home/yeon/ros2_workspace/src/ros2_ws/install/interface_example/include/interface_example/interface_example/srv/detail/arithmetic_operator__struct.h
[230.273s] -- Symlinking: /home/yeon/ros2_workspace/src/ros2_ws/install/interface_example/include/interface_example/interface_example/srv/detail/arithmetic_operator__type_support.h
[230.396s] -- Symlinking: /home/yeon/ros2_workspace/src/ros2_ws/install/interface_example/share/interface_example/environment/library_path.sh
[230.511s] -- Symlinking: /home/yeon/ros2_workspace/src/ros2_ws/install/interface_example/share/interface_example/environment/library_path.dsv
[230.600s] -- Symlinking: /home/yeon/ros2_workspace/src/ros2_ws/install/interface_example/include/interface_example/interface_example/action/detail/arithmetic_checker__rosidl_typesupport_fastrtps_c.h
[230.711s] -- Symlinking: /home/yeon/ros2_workspace/src/ros2_ws/install/interface_example/include/interface_example/interface_example/action/detail/fibonacci__rosidl_typesupport_fastrtps_c.h
[230.811s] -- Symlinking: /home/yeon/ros2_workspace/src/ros2_ws/install/interface_example/include/interface_example/interface_example/msg/detail/arithmetic_argument__rosidl_typesupport_fastrtps_c.h
[230.891s] -- Symlinking: /home/yeon/ros2_workspace/src/ros2_ws/install/interface_example/include/interface_example/interface_example/msg/rosidl_typesupport_fastrtps_c__visibility_control.h
[230.999s] -- Symlinking: /home/yeon/ros2_workspace/src/ros2_ws/install/interface_example/include/interface_example/interface_example/srv/detail/add_two_int__rosidl_typesupport_fastrtps_c.h
[231.103s] -- Symlinking: /home/yeon/ros2_workspace/src/ros2_ws/install/interface_example/include/interface_example/interface_example/srv/detail/arithmetic_operator__rosidl_typesupport_fastrtps_c.h
[231.173s] -- Symlinking: /home/yeon/ros2_workspace/src/ros2_ws/install/interface_example/include/interface_example/interface_example/action/detail/arithmetic_checker__rosidl_typesupport_introspection_c.h
[231.283s] -- Symlinking: /home/yeon/ros2_workspace/src/ros2_ws/install/interface_example/include/interface_example/interface_example/action/detail/fibonacci__rosidl_typesupport_introspection_c.h
[231.389s] -- Symlinking: /home/yeon/ros2_workspace/src/ros2_ws/install/interface_example/include/interface_example/interface_example/msg/detail/arithmetic_argument__rosidl_typesupport_introspection_c.h
[231.521s] -- Symlinking: /home/yeon/ros2_workspace/src/ros2_ws/install/interface_example/include/interface_example/interface_example/msg/rosidl_typesupport_introspection_c__visibility_control.h
[231.640s] -- Symlinking: /home/yeon/ros2_workspace/src/ros2_ws/install/interface_example/include/interface_example/interface_example/srv/detail/add_two_int__rosidl_typesupport_introspection_c.h
[231.742s] -- Symlinking: /home/yeon/ros2_workspace/src/ros2_ws/install/interface_example/include/interface_example/interface_example/srv/detail/arithmetic_operator__rosidl_typesupport_introspection_c.h
[231.847s] -- Symlinking: /home/yeon/ros2_workspace/src/ros2_ws/install/interface_example/include/interface_example/interface_example/action/arithmetic_checker.hpp
[231.985s] -- Symlinking: /home/yeon/ros2_workspace/src/ros2_ws/install/interface_example/include/interface_example/interface_example/action/detail/arithmetic_checker__builder.hpp
[232.051s] -- Symlinking: /home/yeon/ros2_workspace/src/ros2_ws/install/interface_example/include/interface_example/interface_example/action/detail/arithmetic_checker__struct.hpp
[232.155s] -- Symlinking: /home/yeon/ros2_workspace/src/ros2_ws/install/interface_example/include/interface_example/interface_example/action/detail/arithmetic_checker__traits.hpp
[232.287s] -- Symlinking: /home/yeon/ros2_workspace/src/ros2_ws/install/interface_example/include/interface_example/interface_example/action/detail/fibonacci__builder.hpp
[232.384s] -- Symlinking: /home/yeon/ros2_workspace/src/ros2_ws/install/interface_example/include/interface_example/interface_example/action/detail/fibonacci__struct.hpp
[232.484s] -- Symlinking: /home/yeon/ros2_workspace/src/ros2_ws/install/interface_example/include/interface_example/interface_example/action/detail/fibonacci__traits.hpp
[232.552s] -- Symlinking: /home/yeon/ros2_workspace/src/ros2_ws/install/interface_example/include/interface_example/interface_example/action/fibonacci.hpp
[232.606s] -- Symlinking: /home/yeon/ros2_workspace/src/ros2_ws/install/interface_example/include/interface_example/interface_example/msg/arithmetic_argument.hpp
[232.710s] -- Symlinking: /home/yeon/ros2_workspace/src/ros2_ws/install/interface_example/include/interface_example/interface_example/msg/detail/arithmetic_argument__builder.hpp
[232.826s] -- Symlinking: /home/yeon/ros2_workspace/src/ros2_ws/install/interface_example/include/interface_example/interface_example/msg/detail/arithmetic_argument__struct.hpp
[232.933s] -- Symlinking: /home/yeon/ros2_workspace/src/ros2_ws/install/interface_example/include/interface_example/interface_example/msg/detail/arithmetic_argument__traits.hpp
[233.067s] -- Symlinking: /home/yeon/ros2_workspace/src/ros2_ws/install/interface_example/include/interface_example/interface_example/srv/add_two_int.hpp
[233.166s] -- Symlinking: /home/yeon/ros2_workspace/src/ros2_ws/install/interface_example/include/interface_example/interface_example/srv/arithmetic_operator.hpp
[233.269s] -- Symlinking: /home/yeon/ros2_workspace/src/ros2_ws/install/interface_example/include/interface_example/interface_example/srv/detail/add_two_int__builder.hpp
[233.380s] -- Symlinking: /home/yeon/ros2_workspace/src/ros2_ws/install/interface_example/include/interface_example/interface_example/srv/detail/add_two_int__struct.hpp
[233.487s] -- Symlinking: /home/yeon/ros2_workspace/src/ros2_ws/install/interface_example/include/interface_example/interface_example/srv/detail/add_two_int__traits.hpp
[233.576s] -- Symlinking: /home/yeon/ros2_workspace/src/ros2_ws/install/interface_example/include/interface_example/interface_example/srv/detail/arithmetic_operator__builder.hpp
[233.678s] -- Symlinking: /home/yeon/ros2_workspace/src/ros2_ws/install/interface_example/include/interface_example/interface_example/srv/detail/arithmetic_operator__struct.hpp
[233.770s] -- Symlinking: /home/yeon/ros2_workspace/src/ros2_ws/install/interface_example/include/interface_example/interface_example/srv/detail/arithmetic_operator__traits.hpp
[233.899s] -- Symlinking: /home/yeon/ros2_workspace/src/ros2_ws/install/interface_example/include/interface_example/interface_example/action/detail/arithmetic_checker__rosidl_typesupport_fastrtps_cpp.hpp
[233.983s] -- Symlinking: /home/yeon/ros2_workspace/src/ros2_ws/install/interface_example/include/interface_example/interface_example/action/detail/fibonacci__rosidl_typesupport_fastrtps_cpp.hpp
[234.044s] -- Symlinking: /home/yeon/ros2_workspace/src/ros2_ws/install/interface_example/include/interface_example/interface_example/msg/detail/arithmetic_argument__rosidl_typesupport_fastrtps_cpp.hpp
[234.153s] -- Symlinking: /home/yeon/ros2_workspace/src/ros2_ws/install/interface_example/include/interface_example/interface_example/msg/rosidl_typesupport_fastrtps_cpp__visibility_control.h
[234.256s] -- Symlinking: /home/yeon/ros2_workspace/src/ros2_ws/install/interface_example/include/interface_example/interface_example/srv/detail/add_two_int__rosidl_typesupport_fastrtps_cpp.hpp
[234.289s] -- Symlinking: /home/yeon/ros2_workspace/src/ros2_ws/install/interface_example/include/interface_example/interface_example/srv/detail/arithmetic_operator__rosidl_typesupport_fastrtps_cpp.hpp
[234.368s] -- Symlinking: /home/yeon/ros2_workspace/src/ros2_ws/install/interface_example/include/interface_example/interface_example/action/detail/arithmetic_checker__rosidl_typesupport_introspection_cpp.hpp
[234.442s] -- Symlinking: /home/yeon/ros2_workspace/src/ros2_ws/install/interface_example/include/interface_example/interface_example/action/detail/fibonacci__rosidl_typesupport_introspection_cpp.hpp
[234.503s] -- Symlinking: /home/yeon/ros2_workspace/src/ros2_ws/install/interface_example/include/interface_example/interface_example/msg/detail/arithmetic_argument__rosidl_typesupport_introspection_cpp.hpp
[234.581s] -- Symlinking: /home/yeon/ros2_workspace/src/ros2_ws/install/interface_example/include/interface_example/interface_example/srv/detail/add_two_int__rosidl_typesupport_introspection_cpp.hpp
[234.680s] -- Symlinking: /home/yeon/ros2_workspace/src/ros2_ws/install/interface_example/include/interface_example/interface_example/srv/detail/arithmetic_operator__rosidl_typesupport_introspection_cpp.hpp
[234.769s] -- Symlinking: /home/yeon/ros2_workspace/src/ros2_ws/install/interface_example/share/interface_example/environment/pythonpath.sh
[234.884s] -- Symlinking: /home/yeon/ros2_workspace/src/ros2_ws/install/interface_example/share/interface_example/environment/pythonpath.dsv
[234.971s] -- Symlinking: /home/yeon/ros2_workspace/src/ros2_ws/install/interface_example/local/lib/python3.10/dist-packages/interface_example-0.0.0-py3.10.egg-info/PKG-INFO
[235.043s] -- Symlinking: /home/yeon/ros2_workspace/src/ros2_ws/install/interface_example/local/lib/python3.10/dist-packages/interface_example-0.0.0-py3.10.egg-info/SOURCES.txt
[235.118s] -- Symlinking: /home/yeon/ros2_workspace/src/ros2_ws/install/interface_example/local/lib/python3.10/dist-packages/interface_example-0.0.0-py3.10.egg-info/dependency_links.txt
[235.225s] -- Symlinking: /home/yeon/ros2_workspace/src/ros2_ws/install/interface_example/local/lib/python3.10/dist-packages/interface_example-0.0.0-py3.10.egg-info/top_level.txt
[235.321s] -- Symlinking: /home/yeon/ros2_workspace/src/ros2_ws/install/interface_example/local/lib/python3.10/dist-packages/interface_example/__init__.py
[235.422s] -- Symlinking: /home/yeon/ros2_workspace/src/ros2_ws/install/interface_example/local/lib/python3.10/dist-packages/interface_example/_interface_example_s.ep.rosidl_typesupport_c.c
[235.541s] -- Symlinking: /home/yeon/ros2_workspace/src/ros2_ws/install/interface_example/local/lib/python3.10/dist-packages/interface_example/_interface_example_s.ep.rosidl_typesupport_fastrtps_c.c
[235.661s] -- Symlinking: /home/yeon/ros2_workspace/src/ros2_ws/install/interface_example/local/lib/python3.10/dist-packages/interface_example/_interface_example_s.ep.rosidl_typesupport_introspection_c.c
[235.722s] -- Symlinking: /home/yeon/ros2_workspace/src/ros2_ws/install/interface_example/local/lib/python3.10/dist-packages/interface_example/action/__init__.py
[235.764s] -- Symlinking: /home/yeon/ros2_workspace/src/ros2_ws/install/interface_example/local/lib/python3.10/dist-packages/interface_example/action/_arithmetic_checker.py
[235.875s] -- Symlinking: /home/yeon/ros2_workspace/src/ros2_ws/install/interface_example/local/lib/python3.10/dist-packages/interface_example/action/_arithmetic_checker_s.c
[235.909s] -- Symlinking: /home/yeon/ros2_workspace/src/ros2_ws/install/interface_example/local/lib/python3.10/dist-packages/interface_example/action/_fibonacci.py
[235.977s] -- Symlinking: /home/yeon/ros2_workspace/src/ros2_ws/install/interface_example/local/lib/python3.10/dist-packages/interface_example/action/_fibonacci_s.c
[236.116s] -- Symlinking: /home/yeon/ros2_workspace/src/ros2_ws/install/interface_example/local/lib/python3.10/dist-packages/interface_example/interface_example_s__rosidl_typesupport_c.cpython-310-x86_64-linux-gnu.so
[236.222s] -- Symlinking: /home/yeon/ros2_workspace/src/ros2_ws/install/interface_example/local/lib/python3.10/dist-packages/interface_example/interface_example_s__rosidl_typesupport_fastrtps_c.cpython-310-x86_64-linux-gnu.so
[236.302s] -- Symlinking: /home/yeon/ros2_workspace/src/ros2_ws/install/interface_example/local/lib/python3.10/dist-packages/interface_example/interface_example_s__rosidl_typesupport_introspection_c.cpython-310-x86_64-linux-gnu.so
[236.401s] -- Symlinking: /home/yeon/ros2_workspace/src/ros2_ws/install/interface_example/local/lib/python3.10/dist-packages/interface_example/libinterface_example__rosidl_generator_py.so
[236.525s] -- Symlinking: /home/yeon/ros2_workspace/src/ros2_ws/install/interface_example/local/lib/python3.10/dist-packages/interface_example/msg/__init__.py
[236.580s] -- Symlinking: /home/yeon/ros2_workspace/src/ros2_ws/install/interface_example/local/lib/python3.10/dist-packages/interface_example/msg/_arithmetic_argument.py
[236.657s] -- Symlinking: /home/yeon/ros2_workspace/src/ros2_ws/install/interface_example/local/lib/python3.10/dist-packages/interface_example/msg/_arithmetic_argument_s.c
[236.728s] -- Symlinking: /home/yeon/ros2_workspace/src/ros2_ws/install/interface_example/local/lib/python3.10/dist-packages/interface_example/srv/__init__.py
[236.838s] -- Symlinking: /home/yeon/ros2_workspace/src/ros2_ws/install/interface_example/local/lib/python3.10/dist-packages/interface_example/srv/_add_two_int.py
[237.031s] -- Symlinking: /home/yeon/ros2_workspace/src/ros2_ws/install/interface_example/local/lib/python3.10/dist-packages/interface_example/srv/_add_two_int_s.c
[237.148s] -- Symlinking: /home/yeon/ros2_workspace/src/ros2_ws/install/interface_example/local/lib/python3.10/dist-packages/interface_example/srv/_arithmetic_operator.py
[237.305s] -- Symlinking: /home/yeon/ros2_workspace/src/ros2_ws/install/interface_example/local/lib/python3.10/dist-packages/interface_example/srv/_arithmetic_operator_s.c
[237.434s] -- Up-to-date symlink: /home/yeon/ros2_workspace/src/ros2_ws/install/interface_example/local/lib/python3.10/dist-packages/interface_example/interface_example_s__rosidl_typesupport_fastrtps_c.cpython-310-x86_64-linux-gnu.so
[237.442s] -- Up-to-date symlink: /home/yeon/ros2_workspace/src/ros2_ws/install/interface_example/local/lib/python3.10/dist-packages/interface_example/interface_example_s__rosidl_typesupport_introspection_c.cpython-310-x86_64-linux-gnu.so
[237.450s] -- Up-to-date symlink: /home/yeon/ros2_workspace/src/ros2_ws/install/interface_example/local/lib/python3.10/dist-packages/interface_example/interface_example_s__rosidl_typesupport_c.cpython-310-x86_64-linux-gnu.so
[237.451s] -- Symlinking: /home/yeon/ros2_workspace/src/ros2_ws/install/interface_example/share/interface_example/msg/ArithmeticArgument.idl
[237.574s] -- Symlinking: /home/yeon/ros2_workspace/src/ros2_ws/install/interface_example/share/interface_example/srv/AddTwoInt.idl
[237.716s] -- Symlinking: /home/yeon/ros2_workspace/src/ros2_ws/install/interface_example/share/interface_example/srv/ArithmeticOperator.idl
[237.814s] -- Symlinking: /home/yeon/ros2_workspace/src/ros2_ws/install/interface_example/share/interface_example/action/Fibonacci.idl
[237.966s] -- Symlinking: /home/yeon/ros2_workspace/src/ros2_ws/install/interface_example/share/interface_example/action/ArithmeticChecker.idl
[238.073s] -- Symlinking: /home/yeon/ros2_workspace/src/ros2_ws/install/interface_example/share/interface_example/msg/ArithmeticArgument.msg
[238.201s] -- Symlinking: /home/yeon/ros2_workspace/src/ros2_ws/install/interface_example/share/interface_example/srv/AddTwoInt.srv
[238.345s] -- Symlinking: /home/yeon/ros2_workspace/src/ros2_ws/install/interface_example/share/interface_example/srv/AddTwoInt_Request.msg
[238.442s] -- Symlinking: /home/yeon/ros2_workspace/src/ros2_ws/install/interface_example/share/interface_example/srv/AddTwoInt_Response.msg
[238.500s] -- Symlinking: /home/yeon/ros2_workspace/src/ros2_ws/install/interface_example/share/interface_example/srv/ArithmeticOperator.srv
[238.594s] -- Symlinking: /home/yeon/ros2_workspace/src/ros2_ws/install/interface_example/share/interface_example/srv/ArithmeticOperator_Request.msg
[238.734s] -- Symlinking: /home/yeon/ros2_workspace/src/ros2_ws/install/interface_example/share/interface_example/srv/ArithmeticOperator_Response.msg
[238.838s] -- Symlinking: /home/yeon/ros2_workspace/src/ros2_ws/install/interface_example/share/interface_example/action/Fibonacci.action
[238.962s] -- Symlinking: /home/yeon/ros2_workspace/src/ros2_ws/install/interface_example/share/interface_example/action/ArithmeticChecker.action
[239.099s] -- Symlinking: /home/yeon/ros2_workspace/src/ros2_ws/install/interface_example/share/ament_index/resource_index/package_run_dependencies/interface_example
[239.167s] -- Symlinking: /home/yeon/ros2_workspace/src/ros2_ws/install/interface_example/share/ament_index/resource_index/parent_prefix_path/interface_example
[239.245s] -- Symlinking: /home/yeon/ros2_workspace/src/ros2_ws/install/interface_example/share/interface_example/environment/ament_prefix_path.sh
[239.415s] -- Symlinking: /home/yeon/ros2_workspace/src/ros2_ws/install/interface_example/share/interface_example/environment/ament_prefix_path.dsv
[239.557s] -- Symlinking: /home/yeon/ros2_workspace/src/ros2_ws/install/interface_example/share/interface_example/environment/path.sh
[239.639s] -- Symlinking: /home/yeon/ros2_workspace/src/ros2_ws/install/interface_example/share/interface_example/environment/path.dsv
[239.805s] -- Symlinking: /home/yeon/ros2_workspace/src/ros2_ws/install/interface_example/share/interface_example/local_setup.bash
[240.042s] -- Symlinking: /home/yeon/ros2_workspace/src/ros2_ws/install/interface_example/share/interface_example/local_setup.sh
[240.197s] -- Symlinking: /home/yeon/ros2_workspace/src/ros2_ws/install/interface_example/share/interface_example/local_setup.zsh
[240.327s] -- Symlinking: /home/yeon/ros2_workspace/src/ros2_ws/install/interface_example/share/interface_example/local_setup.dsv
[240.455s] -- Symlinking: /home/yeon/ros2_workspace/src/ros2_ws/install/interface_example/share/interface_example/package.dsv
[240.583s] -- Symlinking: /home/yeon/ros2_workspace/src/ros2_ws/install/interface_example/share/ament_index/resource_index/packages/interface_example
[240.690s] -- Symlinking: /home/yeon/ros2_workspace/src/ros2_ws/install/interface_example/share/interface_example/cmake/rosidl_cmake-extras.cmake
[240.754s] -- Symlinking: /home/yeon/ros2_workspace/src/ros2_ws/install/interface_example/share/interface_example/cmake/ament_cmake_export_dependencies-extras.cmake
[240.847s] -- Symlinking: /home/yeon/ros2_workspace/src/ros2_ws/install/interface_example/share/interface_example/cmake/ament_cmake_export_include_directories-extras.cmake
[240.994s] -- Symlinking: /home/yeon/ros2_workspace/src/ros2_ws/install/interface_example/share/interface_example/cmake/ament_cmake_export_libraries-extras.cmake
[241.050s] -- Symlinking: /home/yeon/ros2_workspace/src/ros2_ws/install/interface_example/share/interface_example/cmake/ament_cmake_export_targets-extras.cmake
[241.108s] -- Symlinking: /home/yeon/ros2_workspace/src/ros2_ws/install/interface_example/share/interface_example/cmake/rosidl_cmake_export_typesupport_targets-extras.cmake
[241.223s] -- Symlinking: /home/yeon/ros2_workspace/src/ros2_ws/install/interface_example/share/interface_example/cmake/rosidl_cmake_export_typesupport_libraries-extras.cmake
[241.338s] -- Symlinking: /home/yeon/ros2_workspace/src/ros2_ws/install/interface_example/share/interface_example/cmake/interface_exampleConfig.cmake
[241.390s] -- Symlinking: /home/yeon/ros2_workspace/src/ros2_ws/install/interface_example/share/interface_example/cmake/interface_exampleConfig-version.cmake
[241.479s] -- Symlinking: /home/yeon/ros2_workspace/src/ros2_ws/install/interface_example/share/interface_example/package.xml
[241.633s] -- Installing: /home/yeon/ros2_workspace/src/ros2_ws/install/interface_example/lib/libinterface_example__rosidl_generator_c.so
[241.640s] -- Set runtime path of "/home/yeon/ros2_workspace/src/ros2_ws/install/interface_example/lib/libinterface_example__rosidl_generator_c.so" to ""
[241.643s] -- Installing: /home/yeon/ros2_workspace/src/ros2_ws/install/interface_example/lib/libinterface_example__rosidl_typesupport_fastrtps_c.so
[241.656s] -- Set runtime path of "/home/yeon/ros2_workspace/src/ros2_ws/install/interface_example/lib/libinterface_example__rosidl_typesupport_fastrtps_c.so" to ""
[241.659s] -- Installing: /home/yeon/ros2_workspace/src/ros2_ws/install/interface_example/lib/libinterface_example__rosidl_typesupport_introspection_c.so
[241.666s] -- Set runtime path of "/home/yeon/ros2_workspace/src/ros2_ws/install/interface_example/lib/libinterface_example__rosidl_typesupport_introspection_c.so" to ""
[241.669s] -- Installing: /home/yeon/ros2_workspace/src/ros2_ws/install/interface_example/lib/libinterface_example__rosidl_typesupport_c.so
[241.676s] -- Set runtime path of "/home/yeon/ros2_workspace/src/ros2_ws/install/interface_example/lib/libinterface_example__rosidl_typesupport_c.so" to ""
[241.677s] -- Installing: /home/yeon/ros2_workspace/src/ros2_ws/install/interface_example/lib/libinterface_example__rosidl_typesupport_fastrtps_cpp.so
[241.686s] -- Set runtime path of "/home/yeon/ros2_workspace/src/ros2_ws/install/interface_example/lib/libinterface_example__rosidl_typesupport_fastrtps_cpp.so" to ""
[241.687s] -- Installing: /home/yeon/ros2_workspace/src/ros2_ws/install/interface_example/lib/libinterface_example__rosidl_typesupport_introspection_cpp.so
[241.698s] -- Set runtime path of "/home/yeon/ros2_workspace/src/ros2_ws/install/interface_example/lib/libinterface_example__rosidl_typesupport_introspection_cpp.so" to ""
[241.699s] -- Installing: /home/yeon/ros2_workspace/src/ros2_ws/install/interface_example/lib/libinterface_example__rosidl_typesupport_cpp.so
[241.704s] -- Set runtime path of "/home/yeon/ros2_workspace/src/ros2_ws/install/interface_example/lib/libinterface_example__rosidl_typesupport_cpp.so" to ""
[242.486s] Listing '/home/yeon/ros2_workspace/src/ros2_ws/install/interface_example/local/lib/python3.10/dist-packages/interface_example'...
[242.488s] Compiling '/home/yeon/ros2_workspace/src/ros2_ws/install/interface_example/local/lib/python3.10/dist-packages/interface_example/__init__.py'...
[242.494s] Listing '/home/yeon/ros2_workspace/src/ros2_ws/install/interface_example/local/lib/python3.10/dist-packages/interface_example/action'...
[242.494s] Compiling '/home/yeon/ros2_workspace/src/ros2_ws/install/interface_example/local/lib/python3.10/dist-packages/interface_example/action/__init__.py'...
[242.495s] Compiling '/home/yeon/ros2_workspace/src/ros2_ws/install/interface_example/local/lib/python3.10/dist-packages/interface_example/action/_arithmetic_checker.py'...
[242.495s] Compiling '/home/yeon/ros2_workspace/src/ros2_ws/install/interface_example/local/lib/python3.10/dist-packages/interface_example/action/_fibonacci.py'...
[242.495s] Listing '/home/yeon/ros2_workspace/src/ros2_ws/install/interface_example/local/lib/python3.10/dist-packages/interface_example/msg'...
[242.495s] Compiling '/home/yeon/ros2_workspace/src/ros2_ws/install/interface_example/local/lib/python3.10/dist-packages/interface_example/msg/__init__.py'...
[242.495s] Compiling '/home/yeon/ros2_workspace/src/ros2_ws/install/interface_example/local/lib/python3.10/dist-packages/interface_example/msg/_arithmetic_argument.py'...
[242.496s] Listing '/home/yeon/ros2_workspace/src/ros2_ws/install/interface_example/local/lib/python3.10/dist-packages/interface_example/srv'...
[242.496s] Compiling '/home/yeon/ros2_workspace/src/ros2_ws/install/interface_example/local/lib/python3.10/dist-packages/interface_example/srv/__init__.py'...
[242.496s] Compiling '/home/yeon/ros2_workspace/src/ros2_ws/install/interface_example/local/lib/python3.10/dist-packages/interface_example/srv/_add_two_int.py'...
[242.496s] Compiling '/home/yeon/ros2_workspace/src/ros2_ws/install/interface_example/local/lib/python3.10/dist-packages/interface_example/srv/_arithmetic_operator.py'...
[242.538s] -- Installing: /home/yeon/ros2_workspace/src/ros2_ws/install/interface_example/lib/libinterface_example__rosidl_generator_py.so
[242.547s] -- Set runtime path of "/home/yeon/ros2_workspace/src/ros2_ws/install/interface_example/lib/libinterface_example__rosidl_generator_py.so" to ""
[242.549s] -- Installing: /home/yeon/ros2_workspace/src/ros2_ws/install/interface_example/share/interface_example/cmake/export_interface_example__rosidl_generator_cExport.cmake
[242.559s] -- Installing: /home/yeon/ros2_workspace/src/ros2_ws/install/interface_example/share/interface_example/cmake/export_interface_example__rosidl_generator_cExport-noconfig.cmake
[242.562s] -- Installing: /home/yeon/ros2_workspace/src/ros2_ws/install/interface_example/share/interface_example/cmake/export_interface_example__rosidl_typesupport_fastrtps_cExport.cmake
[242.565s] -- Installing: /home/yeon/ros2_workspace/src/ros2_ws/install/interface_example/share/interface_example/cmake/export_interface_example__rosidl_typesupport_fastrtps_cExport-noconfig.cmake
[242.567s] -- Installing: /home/yeon/ros2_workspace/src/ros2_ws/install/interface_example/share/interface_example/cmake/interface_example__rosidl_typesupport_introspection_cExport.cmake
[242.571s] -- Installing: /home/yeon/ros2_workspace/src/ros2_ws/install/interface_example/share/interface_example/cmake/interface_example__rosidl_typesupport_introspection_cExport-noconfig.cmake
[242.575s] -- Installing: /home/yeon/ros2_workspace/src/ros2_ws/install/interface_example/share/interface_example/cmake/interface_example__rosidl_typesupport_cExport.cmake
[242.578s] -- Installing: /home/yeon/ros2_workspace/src/ros2_ws/install/interface_example/share/interface_example/cmake/interface_example__rosidl_typesupport_cExport-noconfig.cmake
[242.582s] -- Installing: /home/yeon/ros2_workspace/src/ros2_ws/install/interface_example/share/interface_example/cmake/export_interface_example__rosidl_generator_cppExport.cmake
[242.584s] -- Installing: /home/yeon/ros2_workspace/src/ros2_ws/install/interface_example/share/interface_example/cmake/export_interface_example__rosidl_typesupport_fastrtps_cppExport.cmake
[242.587s] -- Installing: /home/yeon/ros2_workspace/src/ros2_ws/install/interface_example/share/interface_example/cmake/export_interface_example__rosidl_typesupport_fastrtps_cppExport-noconfig.cmake
[242.592s] -- Installing: /home/yeon/ros2_workspace/src/ros2_ws/install/interface_example/share/interface_example/cmake/interface_example__rosidl_typesupport_introspection_cppExport.cmake
[242.594s] -- Installing: /home/yeon/ros2_workspace/src/ros2_ws/install/interface_example/share/interface_example/cmake/interface_example__rosidl_typesupport_introspection_cppExport-noconfig.cmake
[242.596s] -- Installing: /home/yeon/ros2_workspace/src/ros2_ws/install/interface_example/share/interface_example/cmake/interface_example__rosidl_typesupport_cppExport.cmake
[242.598s] -- Installing: /home/yeon/ros2_workspace/src/ros2_ws/install/interface_example/share/interface_example/cmake/interface_example__rosidl_typesupport_cppExport-noconfig.cmake
[242.601s] -- Installing: /home/yeon/ros2_workspace/src/ros2_ws/install/interface_example/share/interface_example/cmake/export_interface_example__rosidl_generator_pyExport.cmake
[242.608s] -- Installing: /home/yeon/ros2_workspace/src/ros2_ws/install/interface_example/share/interface_example/cmake/export_interface_example__rosidl_generator_pyExport-noconfig.cmake
[242.649s] Invoked command in '/home/yeon/ros2_workspace/src/ros2_ws/build/interface_example' returned '0': CMAKE_PREFIX_PATH=${CMAKE_PREFIX_PATH}:/opt/ros/humble /usr/bin/cmake --install /home/yeon/ros2_workspace/src/ros2_ws/build/interface_example
